[ 2017-08-04T16:27:45+08:00 ] 0.0.0.0 /~Arthur/myProject/admin.php
INFO: [ app_begin ] --START--
INFO: Run ReadHtmlCache Behavior [ RunTime:0.000771s ]
INFO: [ app_begin ] --END-- [ RunTime:0.001185s ]
INFO: [ view_parse ] --START--
NOTIC: [8192] preg_replace(): The /e modifier is deprecated, use preg_replace_callback instead /Users/arthurmac/Sites/myProject/ThinkPHP/Lib/Template/ThinkTemplate.class.php 第 164 行.
NOTIC: [8192] preg_replace(): The /e modifier is deprecated, use preg_replace_callback instead /Users/arthurmac/Sites/myProject/ThinkPHP/Lib/Template/ThinkTemplate.class.php 第 359 行.
NOTIC: [8192] preg_replace(): The /e modifier is deprecated, use preg_replace_callback instead /Users/arthurmac/Sites/myProject/ThinkPHP/Lib/Template/ThinkTemplate.class.php 第 359 行.
NOTIC: [8192] preg_replace(): The /e modifier is deprecated, use preg_replace_callback instead /Users/arthurmac/Sites/myProject/ThinkPHP/Lib/Template/ThinkTemplate.class.php 第 359 行.
NOTIC: [8192] preg_replace(): The /e modifier is deprecated, use preg_replace_callback instead /Users/arthurmac/Sites/myProject/ThinkPHP/Lib/Template/ThinkTemplate.class.php 第 359 行.
NOTIC: [8192] preg_replace(): The /e modifier is deprecated, use preg_replace_callback instead /Users/arthurmac/Sites/myProject/ThinkPHP/Lib/Template/ThinkTemplate.class.php 第 359 行.
NOTIC: [8192] preg_replace(): The /e modifier is deprecated, use preg_replace_callback instead /Users/arthurmac/Sites/myProject/ThinkPHP/Lib/Template/ThinkTemplate.class.php 第 359 行.
NOTIC: [8192] preg_replace(): The /e modifier is deprecated, use preg_replace_callback instead /Users/arthurmac/Sites/myProject/ThinkPHP/Lib/Template/ThinkTemplate.class.php 第 359 行.
NOTIC: [8192] preg_replace(): The /e modifier is deprecated, use preg_replace_callback instead /Users/arthurmac/Sites/myProject/ThinkPHP/Lib/Template/ThinkTemplate.class.php 第 359 行.
NOTIC: [8192] preg_replace(): The /e modifier is deprecated, use preg_replace_callback instead /Users/arthurmac/Sites/myProject/ThinkPHP/Lib/Template/ThinkTemplate.class.php 第 359 行.
NOTIC: [8192] preg_replace(): The /e modifier is deprecated, use preg_replace_callback instead /Users/arthurmac/Sites/myProject/ThinkPHP/Lib/Template/ThinkTemplate.class.php 第 359 行.
NOTIC: [8192] preg_replace(): The /e modifier is deprecated, use preg_replace_callback instead /Users/arthurmac/Sites/myProject/ThinkPHP/Lib/Template/ThinkTemplate.class.php 第 359 行.
NOTIC: [8192] preg_replace(): The /e modifier is deprecated, use preg_replace_callback instead /Users/arthurmac/Sites/myProject/ThinkPHP/Lib/Template/ThinkTemplate.class.php 第 359 行.
NOTIC: [8192] preg_replace(): The /e modifier is deprecated, use preg_replace_callback instead /Users/arthurmac/Sites/myProject/ThinkPHP/Lib/Template/ThinkTemplate.class.php 第 354 行.
NOTIC: [8192] preg_replace(): The /e modifier is deprecated, use preg_replace_callback instead /Users/arthurmac/Sites/myProject/ThinkPHP/Lib/Template/ThinkTemplate.class.php 第 354 行.
NOTIC: [8192] preg_replace(): The /e modifier is deprecated, use preg_replace_callback instead /Users/arthurmac/Sites/myProject/ThinkPHP/Lib/Template/ThinkTemplate.class.php 第 359 行.
NOTIC: [8192] preg_replace(): The /e modifier is deprecated, use preg_replace_callback instead /Users/arthurmac/Sites/myProject/ThinkPHP/Lib/Template/ThinkTemplate.class.php 第 359 行.
NOTIC: [8192] preg_replace(): The /e modifier is deprecated, use preg_replace_callback instead /Users/arthurmac/Sites/myProject/ThinkPHP/Lib/Template/ThinkTemplate.class.php 第 359 行.
NOTIC: [8192] preg_replace(): The /e modifier is deprecated, use preg_replace_callback instead /Users/arthurmac/Sites/myProject/ThinkPHP/Lib/Template/ThinkTemplate.class.php 第 354 行.
NOTIC: [8192] preg_replace(): The /e modifier is deprecated, use preg_replace_callback instead /Users/arthurmac/Sites/myProject/ThinkPHP/Lib/Template/ThinkTemplate.class.php 第 359 行.
NOTIC: [8192] preg_replace(): The /e modifier is deprecated, use preg_replace_callback instead /Users/arthurmac/Sites/myProject/ThinkPHP/Lib/Template/ThinkTemplate.class.php 第 359 行.
NOTIC: [8192] preg_replace(): The /e modifier is deprecated, use preg_replace_callback instead /Users/arthurmac/Sites/myProject/ThinkPHP/Lib/Template/ThinkTemplate.class.php 第 359 行.
NOTIC: [8192] preg_replace(): The /e modifier is deprecated, use preg_replace_callback instead /Users/arthurmac/Sites/myProject/ThinkPHP/Lib/Template/ThinkTemplate.class.php 第 359 行.
NOTIC: [8192] preg_replace(): The /e modifier is deprecated, use preg_replace_callback instead /Users/arthurmac/Sites/myProject/ThinkPHP/Lib/Template/ThinkTemplate.class.php 第 359 行.
NOTIC: [8192] preg_replace(): The /e modifier is deprecated, use preg_replace_callback instead /Users/arthurmac/Sites/myProject/ThinkPHP/Lib/Template/ThinkTemplate.class.php 第 359 行.
NOTIC: [8192] preg_replace(): The /e modifier is deprecated, use preg_replace_callback instead /Users/arthurmac/Sites/myProject/ThinkPHP/Lib/Template/ThinkTemplate.class.php 第 359 行.
NOTIC: [8192] preg_replace(): The /e modifier is deprecated, use preg_replace_callback instead /Users/arthurmac/Sites/myProject/ThinkPHP/Lib/Template/ThinkTemplate.class.php 第 359 行.
NOTIC: [8192] preg_replace(): The /e modifier is deprecated, use preg_replace_callback instead /Users/arthurmac/Sites/myProject/ThinkPHP/Lib/Template/ThinkTemplate.class.php 第 359 行.
NOTIC: [8192] preg_replace(): The /e modifier is deprecated, use preg_replace_callback instead /Users/arthurmac/Sites/myProject/ThinkPHP/Lib/Template/ThinkTemplate.class.php 第 359 行.
NOTIC: [8192] preg_replace(): The /e modifier is deprecated, use preg_replace_callback instead /Users/arthurmac/Sites/myProject/ThinkPHP/Lib/Template/ThinkTemplate.class.php 第 359 行.
NOTIC: [8192] preg_replace(): The /e modifier is deprecated, use preg_replace_callback instead /Users/arthurmac/Sites/myProject/ThinkPHP/Lib/Template/ThinkTemplate.class.php 第 359 行.
NOTIC: [8192] preg_replace(): The /e modifier is deprecated, use preg_replace_callback instead /Users/arthurmac/Sites/myProject/ThinkPHP/Lib/Template/ThinkTemplate.class.php 第 359 行.
NOTIC: [8192] preg_replace(): The /e modifier is deprecated, use preg_replace_callback instead /Users/arthurmac/Sites/myProject/ThinkPHP/Lib/Template/ThinkTemplate.class.php 第 359 行.
NOTIC: [8192] preg_replace(): The /e modifier is deprecated, use preg_replace_callback instead /Users/arthurmac/Sites/myProject/ThinkPHP/Lib/Template/ThinkTemplate.class.php 第 359 行.
NOTIC: [8192] preg_replace(): The /e modifier is deprecated, use preg_replace_callback instead /Users/arthurmac/Sites/myProject/ThinkPHP/Lib/Template/ThinkTemplate.class.php 第 359 行.
NOTIC: [8192] preg_replace(): The /e modifier is deprecated, use preg_replace_callback instead /Users/arthurmac/Sites/myProject/ThinkPHP/Lib/Template/ThinkTemplate.class.php 第 359 行.
NOTIC: [8192] preg_replace(): The /e modifier is deprecated, use preg_replace_callback instead /Users/arthurmac/Sites/myProject/ThinkPHP/Lib/Template/ThinkTemplate.class.php 第 359 行.
NOTIC: [8192] preg_replace(): The /e modifier is deprecated, use preg_replace_callback instead /Users/arthurmac/Sites/myProject/ThinkPHP/Lib/Template/ThinkTemplate.class.php 第 359 行.
NOTIC: [8192] preg_replace(): The /e modifier is deprecated, use preg_replace_callback instead /Users/arthurmac/Sites/myProject/ThinkPHP/Lib/Template/ThinkTemplate.class.php 第 359 行.
NOTIC: [8192] preg_replace(): The /e modifier is deprecated, use preg_replace_callback instead /Users/arthurmac/Sites/myProject/ThinkPHP/Lib/Template/ThinkTemplate.class.php 第 359 行.
NOTIC: [8192] preg_replace(): The /e modifier is deprecated, use preg_replace_callback instead /Users/arthurmac/Sites/myProject/ThinkPHP/Lib/Template/ThinkTemplate.class.php 第 359 行.
NOTIC: [8192] preg_replace(): The /e modifier is deprecated, use preg_replace_callback instead /Users/arthurmac/Sites/myProject/ThinkPHP/Lib/Template/ThinkTemplate.class.php 第 359 行.
NOTIC: [8192] preg_replace(): The /e modifier is deprecated, use preg_replace_callback instead /Users/arthurmac/Sites/myProject/ThinkPHP/Lib/Template/ThinkTemplate.class.php 第 359 行.
NOTIC: [8192] preg_replace(): The /e modifier is deprecated, use preg_replace_callback instead /Users/arthurmac/Sites/myProject/ThinkPHP/Lib/Template/ThinkTemplate.class.php 第 359 行.
NOTIC: [8192] preg_replace(): The /e modifier is deprecated, use preg_replace_callback instead /Users/arthurmac/Sites/myProject/ThinkPHP/Lib/Template/ThinkTemplate.class.php 第 359 行.
NOTIC: [8192] preg_replace(): The /e modifier is deprecated, use preg_replace_callback instead /Users/arthurmac/Sites/myProject/ThinkPHP/Lib/Template/ThinkTemplate.class.php 第 359 行.
NOTIC: [8192] preg_replace(): The /e modifier is deprecated, use preg_replace_callback instead /Users/arthurmac/Sites/myProject/ThinkPHP/Lib/Template/ThinkTemplate.class.php 第 359 行.
NOTIC: [8192] preg_replace(): The /e modifier is deprecated, use preg_replace_callback instead /Users/arthurmac/Sites/myProject/ThinkPHP/Lib/Template/ThinkTemplate.class.php 第 359 行.
NOTIC: [8192] preg_replace(): The /e modifier is deprecated, use preg_replace_callback instead /Users/arthurmac/Sites/myProject/ThinkPHP/Lib/Template/ThinkTemplate.class.php 第 359 行.
NOTIC: [8192] preg_replace(): The /e modifier is deprecated, use preg_replace_callback instead /Users/arthurmac/Sites/myProject/ThinkPHP/Lib/Template/ThinkTemplate.class.php 第 359 行.
NOTIC: [8192] preg_replace(): The /e modifier is deprecated, use preg_replace_callback instead /Users/arthurmac/Sites/myProject/ThinkPHP/Lib/Template/ThinkTemplate.class.php 第 359 行.
NOTIC: [8192] preg_replace(): The /e modifier is deprecated, use preg_replace_callback instead /Users/arthurmac/Sites/myProject/ThinkPHP/Lib/Template/ThinkTemplate.class.php 第 359 行.
NOTIC: [8192] preg_replace(): The /e modifier is deprecated, use preg_replace_callback instead /Users/arthurmac/Sites/myProject/ThinkPHP/Lib/Template/ThinkTemplate.class.php 第 359 行.
NOTIC: [8192] preg_replace(): The /e modifier is deprecated, use preg_replace_callback instead /Users/arthurmac/Sites/myProject/ThinkPHP/Lib/Template/ThinkTemplate.class.php 第 359 行.
NOTIC: [8192] preg_replace(): The /e modifier is deprecated, use preg_replace_callback instead /Users/arthurmac/Sites/myProject/ThinkPHP/Lib/Template/ThinkTemplate.class.php 第 359 行.
NOTIC: [8192] preg_replace(): The /e modifier is deprecated, use preg_replace_callback instead /Users/arthurmac/Sites/myProject/ThinkPHP/Lib/Template/ThinkTemplate.class.php 第 359 行.
NOTIC: [8192] preg_replace(): The /e modifier is deprecated, use preg_replace_callback instead /Users/arthurmac/Sites/myProject/ThinkPHP/Lib/Template/ThinkTemplate.class.php 第 359 行.
NOTIC: [8192] preg_replace(): The /e modifier is deprecated, use preg_replace_callback instead /Users/arthurmac/Sites/myProject/ThinkPHP/Lib/Template/ThinkTemplate.class.php 第 359 行.
NOTIC: [8192] preg_replace(): The /e modifier is deprecated, use preg_replace_callback instead /Users/arthurmac/Sites/myProject/ThinkPHP/Lib/Template/ThinkTemplate.class.php 第 359 行.
NOTIC: [8192] preg_replace(): The /e modifier is deprecated, use preg_replace_callback instead /Users/arthurmac/Sites/myProject/ThinkPHP/Lib/Template/ThinkTemplate.class.php 第 359 行.
NOTIC: [8192] preg_replace(): The /e modifier is deprecated, use preg_replace_callback instead /Users/arthurmac/Sites/myProject/ThinkPHP/Lib/Template/ThinkTemplate.class.php 第 359 行.
NOTIC: [8192] preg_replace(): The /e modifier is deprecated, use preg_replace_callback instead /Users/arthurmac/Sites/myProject/ThinkPHP/Lib/Template/ThinkTemplate.class.php 第 359 行.
NOTIC: [8192] preg_replace(): The /e modifier is deprecated, use preg_replace_callback instead /Users/arthurmac/Sites/myProject/ThinkPHP/Lib/Template/ThinkTemplate.class.php 第 359 行.
NOTIC: [8192] preg_replace(): The /e modifier is deprecated, use preg_replace_callback instead /Users/arthurmac/Sites/myProject/ThinkPHP/Lib/Template/ThinkTemplate.class.php 第 359 行.
NOTIC: [8192] preg_replace(): The /e modifier is deprecated, use preg_replace_callback instead /Users/arthurmac/Sites/myProject/ThinkPHP/Lib/Template/ThinkTemplate.class.php 第 359 行.
NOTIC: [8192] preg_replace(): The /e modifier is deprecated, use preg_replace_callback instead /Users/arthurmac/Sites/myProject/ThinkPHP/Lib/Template/ThinkTemplate.class.php 第 359 行.
NOTIC: [8192] preg_replace(): The /e modifier is deprecated, use preg_replace_callback instead /Users/arthurmac/Sites/myProject/ThinkPHP/Lib/Template/ThinkTemplate.class.php 第 359 行.
NOTIC: [8192] preg_replace(): The /e modifier is deprecated, use preg_replace_callback instead /Users/arthurmac/Sites/myProject/ThinkPHP/Lib/Template/ThinkTemplate.class.php 第 359 行.
NOTIC: [8192] preg_replace(): The /e modifier is deprecated, use preg_replace_callback instead /Users/arthurmac/Sites/myProject/ThinkPHP/Lib/Template/ThinkTemplate.class.php 第 359 行.
NOTIC: [8192] preg_replace(): The /e modifier is deprecated, use preg_replace_callback instead /Users/arthurmac/Sites/myProject/ThinkPHP/Lib/Template/ThinkTemplate.class.php 第 359 行.
NOTIC: [8192] preg_replace(): The /e modifier is deprecated, use preg_replace_callback instead /Users/arthurmac/Sites/myProject/ThinkPHP/Lib/Template/ThinkTemplate.class.php 第 359 行.
NOTIC: [8192] preg_replace(): The /e modifier is deprecated, use preg_replace_callback instead /Users/arthurmac/Sites/myProject/ThinkPHP/Lib/Template/ThinkTemplate.class.php 第 359 行.
NOTIC: [8192] preg_replace(): The /e modifier is deprecated, use preg_replace_callback instead /Users/arthurmac/Sites/myProject/ThinkPHP/Lib/Template/ThinkTemplate.class.php 第 359 行.
NOTIC: [8192] preg_replace(): The /e modifier is deprecated, use preg_replace_callback instead /Users/arthurmac/Sites/myProject/ThinkPHP/Lib/Template/ThinkTemplate.class.php 第 359 行.
NOTIC: [8192] preg_replace(): The /e modifier is deprecated, use preg_replace_callback instead /Users/arthurmac/Sites/myProject/ThinkPHP/Lib/Template/ThinkTemplate.class.php 第 359 行.
NOTIC: [8192] preg_replace(): The /e modifier is deprecated, use preg_replace_callback instead /Users/arthurmac/Sites/myProject/ThinkPHP/Lib/Template/ThinkTemplate.class.php 第 359 行.
NOTIC: [8192] preg_replace(): The /e modifier is deprecated, use preg_replace_callback instead /Users/arthurmac/Sites/myProject/ThinkPHP/Lib/Template/ThinkTemplate.class.php 第 359 行.
NOTIC: [8192] preg_replace(): The /e modifier is deprecated, use preg_replace_callback instead /Users/arthurmac/Sites/myProject/ThinkPHP/Lib/Template/ThinkTemplate.class.php 第 359 行.
NOTIC: [8192] preg_replace(): The /e modifier is deprecated, use preg_replace_callback instead /Users/arthurmac/Sites/myProject/ThinkPHP/Lib/Template/ThinkTemplate.class.php 第 359 行.
NOTIC: [8192] preg_replace(): The /e modifier is deprecated, use preg_replace_callback instead /Users/arthurmac/Sites/myProject/ThinkPHP/Lib/Template/ThinkTemplate.class.php 第 359 行.
NOTIC: [8192] preg_replace(): The /e modifier is deprecated, use preg_replace_callback instead /Users/arthurmac/Sites/myProject/ThinkPHP/Lib/Template/ThinkTemplate.class.php 第 359 行.
NOTIC: [8192] preg_replace(): The /e modifier is deprecated, use preg_replace_callback instead /Users/arthurmac/Sites/myProject/ThinkPHP/Lib/Template/ThinkTemplate.class.php 第 359 行.
NOTIC: [8192] preg_replace(): The /e modifier is deprecated, use preg_replace_callback instead /Users/arthurmac/Sites/myProject/ThinkPHP/Lib/Template/ThinkTemplate.class.php 第 359 行.
NOTIC: [8192] preg_replace(): The /e modifier is deprecated, use preg_replace_callback instead /Users/arthurmac/Sites/myProject/ThinkPHP/Lib/Template/ThinkTemplate.class.php 第 359 行.
NOTIC: [8192] preg_replace(): The /e modifier is deprecated, use preg_replace_callback instead /Users/arthurmac/Sites/myProject/ThinkPHP/Lib/Template/ThinkTemplate.class.php 第 359 行.
NOTIC: [8192] preg_replace(): The /e modifier is deprecated, use preg_replace_callback instead /Users/arthurmac/Sites/myProject/ThinkPHP/Lib/Template/ThinkTemplate.class.php 第 354 行.
NOTIC: [8192] preg_replace(): The /e modifier is deprecated, use preg_replace_callback instead /Users/arthurmac/Sites/myProject/ThinkPHP/Lib/Template/ThinkTemplate.class.php 第 354 行.
NOTIC: [8192] preg_replace(): The /e modifier is deprecated, use preg_replace_callback instead /Users/arthurmac/Sites/myProject/ThinkPHP/Lib/Template/ThinkTemplate.class.php 第 354 行.
NOTIC: [8192] preg_replace(): The /e modifier is deprecated, use preg_replace_callback instead /Users/arthurmac/Sites/myProject/ThinkPHP/Lib/Template/ThinkTemplate.class.php 第 354 行.
NOTIC: [8192] preg_replace(): The /e modifier is deprecated, use preg_replace_callback instead /Users/arthurmac/Sites/myProject/ThinkPHP/Lib/Template/ThinkTemplate.class.php 第 354 行.
NOTIC: [8192] preg_replace(): The /e modifier is deprecated, use preg_replace_callback instead /Users/arthurmac/Sites/myProject/ThinkPHP/Lib/Template/ThinkTemplate.class.php 第 354 行.
NOTIC: [8192] preg_replace(): The /e modifier is deprecated, use preg_replace_callback instead /Users/arthurmac/Sites/myProject/ThinkPHP/Lib/Template/ThinkTemplate.class.php 第 359 行.
NOTIC: [8192] preg_replace(): The /e modifier is deprecated, use preg_replace_callback instead /Users/arthurmac/Sites/myProject/ThinkPHP/Lib/Template/ThinkTemplate.class.php 第 359 行.
NOTIC: [8192] preg_replace(): The /e modifier is deprecated, use preg_replace_callback instead /Users/arthurmac/Sites/myProject/ThinkPHP/Lib/Template/ThinkTemplate.class.php 第 359 行.
NOTIC: [8192] preg_replace(): The /e modifier is deprecated, use preg_replace_callback instead /Users/arthurmac/Sites/myProject/ThinkPHP/Lib/Template/ThinkTemplate.class.php 第 193 行.
NOTIC: [8192] preg_replace(): The /e modifier is deprecated, use preg_replace_callback instead /Users/arthurmac/Sites/myProject/ThinkPHP/Lib/Template/ThinkTemplate.class.php 第 133 行.
INFO: Run ParseTemplate Behavior [ RunTime:-0.002190s ]
INFO: [ view_parse ] --END-- [ RunTime:0.022339s ]
INFO: [ view_filter ] --START--
INFO: Run ContentReplace Behavior [ RunTime:-0.024828s ]
INFO: Run TokenBuild Behavior [ RunTime:-0.025572s ]
INFO: Run WriteHtmlCache Behavior [ RunTime:-0.026456s ]
INFO: Run ShowRuntime Behavior [ RunTime:-0.026955s ]
INFO: [ view_filter ] --END-- [ RunTime:0.003419s ]
INFO: [ view_end ] --START--
INFO: Run ShowPageTrace Behavior [ RunTime:-0.028705s ]
INFO: [ view_end ] --END-- [ RunTime:0.001055s ]

[ 2017-08-04T16:27:47+08:00 ] 0.0.0.0 /~Arthur/myProject/admin.php
INFO: [ app_begin ] --START--
INFO: Run ReadHtmlCache Behavior [ RunTime:0.000810s ]
INFO: [ app_begin ] --END-- [ RunTime:0.001184s ]
INFO: [ view_parse ] --START--
NOTIC: [8192] preg_replace(): The /e modifier is deprecated, use preg_replace_callback instead /Users/arthurmac/Sites/myProject/ThinkPHP/Lib/Template/ThinkTemplate.class.php 第 164 行.
NOTIC: [8192] preg_replace(): The /e modifier is deprecated, use preg_replace_callback instead /Users/arthurmac/Sites/myProject/ThinkPHP/Lib/Template/ThinkTemplate.class.php 第 359 行.
NOTIC: [8192] preg_replace(): The /e modifier is deprecated, use preg_replace_callback instead /Users/arthurmac/Sites/myProject/ThinkPHP/Lib/Template/ThinkTemplate.class.php 第 359 行.
NOTIC: [8192] preg_replace(): The /e modifier is deprecated, use preg_replace_callback instead /Users/arthurmac/Sites/myProject/ThinkPHP/Lib/Template/ThinkTemplate.class.php 第 359 行.
NOTIC: [8192] preg_replace(): The /e modifier is deprecated, use preg_replace_callback instead /Users/arthurmac/Sites/myProject/ThinkPHP/Lib/Template/ThinkTemplate.class.php 第 359 行.
NOTIC: [8192] preg_replace(): The /e modifier is deprecated, use preg_replace_callback instead /Users/arthurmac/Sites/myProject/ThinkPHP/Lib/Template/ThinkTemplate.class.php 第 359 行.
NOTIC: [8192] preg_replace(): The /e modifier is deprecated, use preg_replace_callback instead /Users/arthurmac/Sites/myProject/ThinkPHP/Lib/Template/ThinkTemplate.class.php 第 359 行.
NOTIC: [8192] preg_replace(): The /e modifier is deprecated, use preg_replace_callback instead /Users/arthurmac/Sites/myProject/ThinkPHP/Lib/Template/ThinkTemplate.class.php 第 359 行.
NOTIC: [8192] preg_replace(): The /e modifier is deprecated, use preg_replace_callback instead /Users/arthurmac/Sites/myProject/ThinkPHP/Lib/Template/ThinkTemplate.class.php 第 359 行.
NOTIC: [8192] preg_replace(): The /e modifier is deprecated, use preg_replace_callback instead /Users/arthurmac/Sites/myProject/ThinkPHP/Lib/Template/ThinkTemplate.class.php 第 359 行.
NOTIC: [8192] preg_replace(): The /e modifier is deprecated, use preg_replace_callback instead /Users/arthurmac/Sites/myProject/ThinkPHP/Lib/Template/ThinkTemplate.class.php 第 359 行.
NOTIC: [8192] preg_replace(): The /e modifier is deprecated, use preg_replace_callback instead /Users/arthurmac/Sites/myProject/ThinkPHP/Lib/Template/ThinkTemplate.class.php 第 359 行.
NOTIC: [8192] preg_replace(): The /e modifier is deprecated, use preg_replace_callback instead /Users/arthurmac/Sites/myProject/ThinkPHP/Lib/Template/ThinkTemplate.class.php 第 359 行.
NOTIC: [8192] preg_replace(): The /e modifier is deprecated, use preg_replace_callback instead /Users/arthurmac/Sites/myProject/ThinkPHP/Lib/Template/ThinkTemplate.class.php 第 354 行.
NOTIC: [8192] preg_replace(): The /e modifier is deprecated, use preg_replace_callback instead /Users/arthurmac/Sites/myProject/ThinkPHP/Lib/Template/ThinkTemplate.class.php 第 354 行.
NOTIC: [8192] preg_replace(): The /e modifier is deprecated, use preg_replace_callback instead /Users/arthurmac/Sites/myProject/ThinkPHP/Lib/Template/ThinkTemplate.class.php 第 359 行.
NOTIC: [8192] preg_replace(): The /e modifier is deprecated, use preg_replace_callback instead /Users/arthurmac/Sites/myProject/ThinkPHP/Lib/Template/ThinkTemplate.class.php 第 359 行.
NOTIC: [8192] preg_replace(): The /e modifier is deprecated, use preg_replace_callback instead /Users/arthurmac/Sites/myProject/ThinkPHP/Lib/Template/ThinkTemplate.class.php 第 359 行.
NOTIC: [8192] preg_replace(): The /e modifier is deprecated, use preg_replace_callback instead /Users/arthurmac/Sites/myProject/ThinkPHP/Lib/Template/ThinkTemplate.class.php 第 354 行.
NOTIC: [8192] preg_replace(): The /e modifier is deprecated, use preg_replace_callback instead /Users/arthurmac/Sites/myProject/ThinkPHP/Lib/Template/ThinkTemplate.class.php 第 359 行.
NOTIC: [8192] preg_replace(): The /e modifier is deprecated, use preg_replace_callback instead /Users/arthurmac/Sites/myProject/ThinkPHP/Lib/Template/ThinkTemplate.class.php 第 359 行.
NOTIC: [8192] preg_replace(): The /e modifier is deprecated, use preg_replace_callback instead /Users/arthurmac/Sites/myProject/ThinkPHP/Lib/Template/ThinkTemplate.class.php 第 359 行.
NOTIC: [8192] preg_replace(): The /e modifier is deprecated, use preg_replace_callback instead /Users/arthurmac/Sites/myProject/ThinkPHP/Lib/Template/ThinkTemplate.class.php 第 359 行.
NOTIC: [8192] preg_replace(): The /e modifier is deprecated, use preg_replace_callback instead /Users/arthurmac/Sites/myProject/ThinkPHP/Lib/Template/ThinkTemplate.class.php 第 359 行.
NOTIC: [8192] preg_replace(): The /e modifier is deprecated, use preg_replace_callback instead /Users/arthurmac/Sites/myProject/ThinkPHP/Lib/Template/ThinkTemplate.class.php 第 359 行.
NOTIC: [8192] preg_replace(): The /e modifier is deprecated, use preg_replace_callback instead /Users/arthurmac/Sites/myProject/ThinkPHP/Lib/Template/ThinkTemplate.class.php 第 359 行.
NOTIC: [8192] preg_replace(): The /e modifier is deprecated, use preg_replace_callback instead /Users/arthurmac/Sites/myProject/ThinkPHP/Lib/Template/ThinkTemplate.class.php 第 359 行.
NOTIC: [8192] preg_replace(): The /e modifier is deprecated, use preg_replace_callback instead /Users/arthurmac/Sites/myProject/ThinkPHP/Lib/Template/ThinkTemplate.class.php 第 359 行.
NOTIC: [8192] preg_replace(): The /e modifier is deprecated, use preg_replace_callback instead /Users/arthurmac/Sites/myProject/ThinkPHP/Lib/Template/ThinkTemplate.class.php 第 359 行.
NOTIC: [8192] preg_replace(): The /e modifier is deprecated, use preg_replace_callback instead /Users/arthurmac/Sites/myProject/ThinkPHP/Lib/Template/ThinkTemplate.class.php 第 359 行.
NOTIC: [8192] preg_replace(): The /e modifier is deprecated, use preg_replace_callback instead /Users/arthurmac/Sites/myProject/ThinkPHP/Lib/Template/ThinkTemplate.class.php 第 359 行.
NOTIC: [8192] preg_replace(): The /e modifier is deprecated, use preg_replace_callback instead /Users/arthurmac/Sites/myProject/ThinkPHP/Lib/Template/ThinkTemplate.class.php 第 359 行.
NOTIC: [8192] preg_replace(): The /e modifier is deprecated, use preg_replace_callback instead /Users/arthurmac/Sites/myProject/ThinkPHP/Lib/Template/ThinkTemplate.class.php 第 359 行.
NOTIC: [8192] preg_replace(): The /e modifier is deprecated, use preg_replace_callback instead /Users/arthurmac/Sites/myProject/ThinkPHP/Lib/Template/ThinkTemplate.class.php 第 359 行.
NOTIC: [8192] preg_replace(): The /e modifier is deprecated, use preg_replace_callback instead /Users/arthurmac/Sites/myProject/ThinkPHP/Lib/Template/ThinkTemplate.class.php 第 359 行.
NOTIC: [8192] preg_replace(): The /e modifier is deprecated, use preg_replace_callback instead /Users/arthurmac/Sites/myProject/ThinkPHP/Lib/Template/ThinkTemplate.class.php 第 359 行.
NOTIC: [8192] preg_replace(): The /e modifier is deprecated, use preg_replace_callback instead /Users/arthurmac/Sites/myProject/ThinkPHP/Lib/Template/ThinkTemplate.class.php 第 359 行.
NOTIC: [8192] preg_replace(): The /e modifier is deprecated, use preg_replace_callback instead /Users/arthurmac/Sites/myProject/ThinkPHP/Lib/Template/ThinkTemplate.class.php 第 359 行.
NOTIC: [8192] preg_replace(): The /e modifier is deprecated, use preg_replace_callback instead /Users/arthurmac/Sites/myProject/ThinkPHP/Lib/Template/ThinkTemplate.class.php 第 359 行.
NOTIC: [8192] preg_replace(): The /e modifier is deprecated, use preg_replace_callback instead /Users/arthurmac/Sites/myProject/ThinkPHP/Lib/Template/ThinkTemplate.class.php 第 359 行.
NOTIC: [8192] preg_replace(): The /e modifier is deprecated, use preg_replace_callback instead /Users/arthurmac/Sites/myProject/ThinkPHP/Lib/Template/ThinkTemplate.class.php 第 359 行.
NOTIC: [8192] preg_replace(): The /e modifier is deprecated, use preg_replace_callback instead /Users/arthurmac/Sites/myProject/ThinkPHP/Lib/Template/ThinkTemplate.class.php 第 359 行.
NOTIC: [8192] preg_replace(): The /e modifier is deprecated, use preg_replace_callback instead /Users/arthurmac/Sites/myProject/ThinkPHP/Lib/Template/ThinkTemplate.class.php 第 359 行.
NOTIC: [8192] preg_replace(): The /e modifier is deprecated, use preg_replace_callback instead /Users/arthurmac/Sites/myProject/ThinkPHP/Lib/Template/ThinkTemplate.class.php 第 359 行.
NOTIC: [8192] preg_replace(): The /e modifier is deprecated, use preg_replace_callback instead /Users/arthurmac/Sites/myProject/ThinkPHP/Lib/Template/ThinkTemplate.class.php 第 359 行.
NOTIC: [8192] preg_replace(): The /e modifier is deprecated, use preg_replace_callback instead /Users/arthurmac/Sites/myProject/ThinkPHP/Lib/Template/ThinkTemplate.class.php 第 359 行.
NOTIC: [8192] preg_replace(): The /e modifier is deprecated, use preg_replace_callback instead /Users/arthurmac/Sites/myProject/ThinkPHP/Lib/Template/ThinkTemplate.class.php 第 359 行.
NOTIC: [8192] preg_replace(): The /e modifier is deprecated, use preg_replace_callback instead /Users/arthurmac/Sites/myProject/ThinkPHP/Lib/Template/ThinkTemplate.class.php 第 359 行.
NOTIC: [8192] preg_replace(): The /e modifier is deprecated, use preg_replace_callback instead /Users/arthurmac/Sites/myProject/ThinkPHP/Lib/Template/ThinkTemplate.class.php 第 359 行.
NOTIC: [8192] preg_replace(): The /e modifier is deprecated, use preg_replace_callback instead /Users/arthurmac/Sites/myProject/ThinkPHP/Lib/Template/ThinkTemplate.class.php 第 359 行.
NOTIC: [8192] preg_replace(): The /e modifier is deprecated, use preg_replace_callback instead /Users/arthurmac/Sites/myProject/ThinkPHP/Lib/Template/ThinkTemplate.class.php 第 359 行.
NOTIC: [8192] preg_replace(): The /e modifier is deprecated, use preg_replace_callback instead /Users/arthurmac/Sites/myProject/ThinkPHP/Lib/Template/ThinkTemplate.class.php 第 359 行.
NOTIC: [8192] preg_replace(): The /e modifier is deprecated, use preg_replace_callback instead /Users/arthurmac/Sites/myProject/ThinkPHP/Lib/Template/ThinkTemplate.class.php 第 359 行.
NOTIC: [8192] preg_replace(): The /e modifier is deprecated, use preg_replace_callback instead /Users/arthurmac/Sites/myProject/ThinkPHP/Lib/Template/ThinkTemplate.class.php 第 359 行.
NOTIC: [8192] preg_replace(): The /e modifier is deprecated, use preg_replace_callback instead /Users/arthurmac/Sites/myProject/ThinkPHP/Lib/Template/ThinkTemplate.class.php 第 359 行.
NOTIC: [8192] preg_replace(): The /e modifier is deprecated, use preg_replace_callback instead /Users/arthurmac/Sites/myProject/ThinkPHP/Lib/Template/ThinkTemplate.class.php 第 359 行.
NOTIC: [8192] preg_replace(): The /e modifier is deprecated, use preg_replace_callback instead /Users/arthurmac/Sites/myProject/ThinkPHP/Lib/Template/ThinkTemplate.class.php 第 359 行.
NOTIC: [8192] preg_replace(): The /e modifier is deprecated, use preg_replace_callback instead /Users/arthurmac/Sites/myProject/ThinkPHP/Lib/Template/ThinkTemplate.class.php 第 359 行.
NOTIC: [8192] preg_replace(): The /e modifier is deprecated, use preg_replace_callback instead /Users/arthurmac/Sites/myProject/ThinkPHP/Lib/Template/ThinkTemplate.class.php 第 359 行.
NOTIC: [8192] preg_replace(): The /e modifier is deprecated, use preg_replace_callback instead /Users/arthurmac/Sites/myProject/ThinkPHP/Lib/Template/ThinkTemplate.class.php 第 359 行.
NOTIC: [8192] preg_replace(): The /e modifier is deprecated, use preg_replace_callback instead /Users/arthurmac/Sites/myProject/ThinkPHP/Lib/Template/ThinkTemplate.class.php 第 359 行.
NOTIC: [8192] preg_replace(): The /e modifier is deprecated, use preg_replace_callback instead /Users/arthurmac/Sites/myProject/ThinkPHP/Lib/Template/ThinkTemplate.class.php 第 359 行.
NOTIC: [8192] preg_replace(): The /e modifier is deprecated, use preg_replace_callback instead /Users/arthurmac/Sites/myProject/ThinkPHP/Lib/Template/ThinkTemplate.class.php 第 359 行.
NOTIC: [8192] preg_replace(): The /e modifier is deprecated, use preg_replace_callback instead /Users/arthurmac/Sites/myProject/ThinkPHP/Lib/Template/ThinkTemplate.class.php 第 359 行.
NOTIC: [8192] preg_replace(): The /e modifier is deprecated, use preg_replace_callback instead /Users/arthurmac/Sites/myProject/ThinkPHP/Lib/Template/ThinkTemplate.class.php 第 359 行.
NOTIC: [8192] preg_replace(): The /e modifier is deprecated, use preg_replace_callback instead /Users/arthurmac/Sites/myProject/ThinkPHP/Lib/Template/ThinkTemplate.class.php 第 359 行.
NOTIC: [8192] preg_replace(): The /e modifier is deprecated, use preg_replace_callback instead /Users/arthurmac/Sites/myProject/ThinkPHP/Lib/Template/ThinkTemplate.class.php 第 359 行.
NOTIC: [8192] preg_replace(): The /e modifier is deprecated, use preg_replace_callback instead /Users/arthurmac/Sites/myProject/ThinkPHP/Lib/Template/ThinkTemplate.class.php 第 359 行.
NOTIC: [8192] preg_replace(): The /e modifier is deprecated, use preg_replace_callback instead /Users/arthurmac/Sites/myProject/ThinkPHP/Lib/Template/ThinkTemplate.class.php 第 359 行.
NOTIC: [8192] preg_replace(): The /e modifier is deprecated, use preg_replace_callback instead /Users/arthurmac/Sites/myProject/ThinkPHP/Lib/Template/ThinkTemplate.class.php 第 359 行.
NOTIC: [8192] preg_replace(): The /e modifier is deprecated, use preg_replace_callback instead /Users/arthurmac/Sites/myProject/ThinkPHP/Lib/Template/ThinkTemplate.class.php 第 359 行.
NOTIC: [8192] preg_replace(): The /e modifier is deprecated, use preg_replace_callback instead /Users/arthurmac/Sites/myProject/ThinkPHP/Lib/Template/ThinkTemplate.class.php 第 359 行.
NOTIC: [8192] preg_replace(): The /e modifier is deprecated, use preg_replace_callback instead /Users/arthurmac/Sites/myProject/ThinkPHP/Lib/Template/ThinkTemplate.class.php 第 359 行.
NOTIC: [8192] preg_replace(): The /e modifier is deprecated, use preg_replace_callback instead /Users/arthurmac/Sites/myProject/ThinkPHP/Lib/Template/ThinkTemplate.class.php 第 359 行.
NOTIC: [8192] preg_replace(): The /e modifier is deprecated, use preg_replace_callback instead /Users/arthurmac/Sites/myProject/ThinkPHP/Lib/Template/ThinkTemplate.class.php 第 359 行.
NOTIC: [8192] preg_replace(): The /e modifier is deprecated, use preg_replace_callback instead /Users/arthurmac/Sites/myProject/ThinkPHP/Lib/Template/ThinkTemplate.class.php 第 359 行.
NOTIC: [8192] preg_replace(): The /e modifier is deprecated, use preg_replace_callback instead /Users/arthurmac/Sites/myProject/ThinkPHP/Lib/Template/ThinkTemplate.class.php 第 359 行.
NOTIC: [8192] preg_replace(): The /e modifier is deprecated, use preg_replace_callback instead /Users/arthurmac/Sites/myProject/ThinkPHP/Lib/Template/ThinkTemplate.class.php 第 359 行.
NOTIC: [8192] preg_replace(): The /e modifier is deprecated, use preg_replace_callback instead /Users/arthurmac/Sites/myProject/ThinkPHP/Lib/Template/ThinkTemplate.class.php 第 359 行.
NOTIC: [8192] preg_replace(): The /e modifier is deprecated, use preg_replace_callback instead /Users/arthurmac/Sites/myProject/ThinkPHP/Lib/Template/ThinkTemplate.class.php 第 359 行.
NOTIC: [8192] preg_replace(): The /e modifier is deprecated, use preg_replace_callback instead /Users/arthurmac/Sites/myProject/ThinkPHP/Lib/Template/ThinkTemplate.class.php 第 359 行.
NOTIC: [8192] preg_replace(): The /e modifier is deprecated, use preg_replace_callback instead /Users/arthurmac/Sites/myProject/ThinkPHP/Lib/Template/ThinkTemplate.class.php 第 359 行.
NOTIC: [8192] preg_replace(): The /e modifier is deprecated, use preg_replace_callback instead /Users/arthurmac/Sites/myProject/ThinkPHP/Lib/Template/ThinkTemplate.class.php 第 359 行.
NOTIC: [8192] preg_replace(): The /e modifier is deprecated, use preg_replace_callback instead /Users/arthurmac/Sites/myProject/ThinkPHP/Lib/Template/ThinkTemplate.class.php 第 359 行.
NOTIC: [8192] preg_replace(): The /e modifier is deprecated, use preg_replace_callback instead /Users/arthurmac/Sites/myProject/ThinkPHP/Lib/Template/ThinkTemplate.class.php 第 359 行.
NOTIC: [8192] preg_replace(): The /e modifier is deprecated, use preg_replace_callback instead /Users/arthurmac/Sites/myProject/ThinkPHP/Lib/Template/ThinkTemplate.class.php 第 354 行.
NOTIC: [8192] preg_replace(): The /e modifier is deprecated, use preg_replace_callback instead /Users/arthurmac/Sites/myProject/ThinkPHP/Lib/Template/ThinkTemplate.class.php 第 354 行.
NOTIC: [8192] preg_replace(): The /e modifier is deprecated, use preg_replace_callback instead /Users/arthurmac/Sites/myProject/ThinkPHP/Lib/Template/ThinkTemplate.class.php 第 354 行.
NOTIC: [8192] preg_replace(): The /e modifier is deprecated, use preg_replace_callback instead /Users/arthurmac/Sites/myProject/ThinkPHP/Lib/Template/ThinkTemplate.class.php 第 354 行.
NOTIC: [8192] preg_replace(): The /e modifier is deprecated, use preg_replace_callback instead /Users/arthurmac/Sites/myProject/ThinkPHP/Lib/Template/ThinkTemplate.class.php 第 354 行.
NOTIC: [8192] preg_replace(): The /e modifier is deprecated, use preg_replace_callback instead /Users/arthurmac/Sites/myProject/ThinkPHP/Lib/Template/ThinkTemplate.class.php 第 354 行.
NOTIC: [8192] preg_replace(): The /e modifier is deprecated, use preg_replace_callback instead /Users/arthurmac/Sites/myProject/ThinkPHP/Lib/Template/ThinkTemplate.class.php 第 359 行.
NOTIC: [8192] preg_replace(): The /e modifier is deprecated, use preg_replace_callback instead /Users/arthurmac/Sites/myProject/ThinkPHP/Lib/Template/ThinkTemplate.class.php 第 359 行.
NOTIC: [8192] preg_replace(): The /e modifier is deprecated, use preg_replace_callback instead /Users/arthurmac/Sites/myProject/ThinkPHP/Lib/Template/ThinkTemplate.class.php 第 359 行.
NOTIC: [8192] preg_replace(): The /e modifier is deprecated, use preg_replace_callback instead /Users/arthurmac/Sites/myProject/ThinkPHP/Lib/Template/ThinkTemplate.class.php 第 193 行.
NOTIC: [8192] preg_replace(): The /e modifier is deprecated, use preg_replace_callback instead /Users/arthurmac/Sites/myProject/ThinkPHP/Lib/Template/ThinkTemplate.class.php 第 133 行.
INFO: Run ParseTemplate Behavior [ RunTime:-0.002611s ]
INFO: [ view_parse ] --END-- [ RunTime:0.026378s ]
INFO: [ view_filter ] --START--
INFO: Run ContentReplace Behavior [ RunTime:-0.029237s ]
INFO: Run TokenBuild Behavior [ RunTime:-0.030018s ]
INFO: Run WriteHtmlCache Behavior [ RunTime:-0.030913s ]
INFO: Run ShowRuntime Behavior [ RunTime:-0.031406s ]
INFO: [ view_filter ] --END-- [ RunTime:0.003542s ]
INFO: [ view_end ] --START--
INFO: Run ShowPageTrace Behavior [ RunTime:-0.033225s ]
INFO: [ view_end ] --END-- [ RunTime:0.001059s ]

[ 2017-08-04T16:32:45+08:00 ] 0.0.0.0 /~Arthur/myProject/admin.php
INFO: [ app_begin ] --START--
INFO: Run ReadHtmlCache Behavior [ RunTime:0.000826s ]
INFO: [ app_begin ] --END-- [ RunTime:0.001299s ]
INFO: [ view_parse ] --START--
NOTIC: [8192] preg_replace(): The /e modifier is deprecated, use preg_replace_callback instead /Users/arthurmac/Sites/myProject/ThinkPHP/Lib/Template/ThinkTemplate.class.php 第 164 行.
NOTIC: [8192] preg_replace(): The /e modifier is deprecated, use preg_replace_callback instead /Users/arthurmac/Sites/myProject/ThinkPHP/Lib/Template/ThinkTemplate.class.php 第 359 行.
NOTIC: [8192] preg_replace(): The /e modifier is deprecated, use preg_replace_callback instead /Users/arthurmac/Sites/myProject/ThinkPHP/Lib/Template/ThinkTemplate.class.php 第 359 行.
NOTIC: [8192] preg_replace(): The /e modifier is deprecated, use preg_replace_callback instead /Users/arthurmac/Sites/myProject/ThinkPHP/Lib/Template/ThinkTemplate.class.php 第 359 行.
NOTIC: [8192] preg_replace(): The /e modifier is deprecated, use preg_replace_callback instead /Users/arthurmac/Sites/myProject/ThinkPHP/Lib/Template/ThinkTemplate.class.php 第 359 行.
NOTIC: [8192] preg_replace(): The /e modifier is deprecated, use preg_replace_callback instead /Users/arthurmac/Sites/myProject/ThinkPHP/Lib/Template/ThinkTemplate.class.php 第 359 行.
NOTIC: [8192] preg_replace(): The /e modifier is deprecated, use preg_replace_callback instead /Users/arthurmac/Sites/myProject/ThinkPHP/Lib/Template/ThinkTemplate.class.php 第 359 行.
NOTIC: [8192] preg_replace(): The /e modifier is deprecated, use preg_replace_callback instead /Users/arthurmac/Sites/myProject/ThinkPHP/Lib/Template/ThinkTemplate.class.php 第 359 行.
NOTIC: [8192] preg_replace(): The /e modifier is deprecated, use preg_replace_callback instead /Users/arthurmac/Sites/myProject/ThinkPHP/Lib/Template/ThinkTemplate.class.php 第 359 行.
NOTIC: [8192] preg_replace(): The /e modifier is deprecated, use preg_replace_callback instead /Users/arthurmac/Sites/myProject/ThinkPHP/Lib/Template/ThinkTemplate.class.php 第 359 行.
NOTIC: [8192] preg_replace(): The /e modifier is deprecated, use preg_replace_callback instead /Users/arthurmac/Sites/myProject/ThinkPHP/Lib/Template/ThinkTemplate.class.php 第 359 行.
NOTIC: [8192] preg_replace(): The /e modifier is deprecated, use preg_replace_callback instead /Users/arthurmac/Sites/myProject/ThinkPHP/Lib/Template/ThinkTemplate.class.php 第 359 行.
NOTIC: [8192] preg_replace(): The /e modifier is deprecated, use preg_replace_callback instead /Users/arthurmac/Sites/myProject/ThinkPHP/Lib/Template/ThinkTemplate.class.php 第 359 行.
NOTIC: [8192] preg_replace(): The /e modifier is deprecated, use preg_replace_callback instead /Users/arthurmac/Sites/myProject/ThinkPHP/Lib/Template/ThinkTemplate.class.php 第 354 行.
NOTIC: [8192] preg_replace(): The /e modifier is deprecated, use preg_replace_callback instead /Users/arthurmac/Sites/myProject/ThinkPHP/Lib/Template/ThinkTemplate.class.php 第 354 行.
NOTIC: [8192] preg_replace(): The /e modifier is deprecated, use preg_replace_callback instead /Users/arthurmac/Sites/myProject/ThinkPHP/Lib/Template/ThinkTemplate.class.php 第 359 行.
NOTIC: [8192] preg_replace(): The /e modifier is deprecated, use preg_replace_callback instead /Users/arthurmac/Sites/myProject/ThinkPHP/Lib/Template/ThinkTemplate.class.php 第 359 行.
NOTIC: [8192] preg_replace(): The /e modifier is deprecated, use preg_replace_callback instead /Users/arthurmac/Sites/myProject/ThinkPHP/Lib/Template/ThinkTemplate.class.php 第 359 行.
NOTIC: [8192] preg_replace(): The /e modifier is deprecated, use preg_replace_callback instead /Users/arthurmac/Sites/myProject/ThinkPHP/Lib/Template/ThinkTemplate.class.php 第 354 行.
NOTIC: [8192] preg_replace(): The /e modifier is deprecated, use preg_replace_callback instead /Users/arthurmac/Sites/myProject/ThinkPHP/Lib/Template/ThinkTemplate.class.php 第 359 行.
NOTIC: [8192] preg_replace(): The /e modifier is deprecated, use preg_replace_callback instead /Users/arthurmac/Sites/myProject/ThinkPHP/Lib/Template/ThinkTemplate.class.php 第 359 行.
NOTIC: [8192] preg_replace(): The /e modifier is deprecated, use preg_replace_callback instead /Users/arthurmac/Sites/myProject/ThinkPHP/Lib/Template/ThinkTemplate.class.php 第 359 行.
NOTIC: [8192] preg_replace(): The /e modifier is deprecated, use preg_replace_callback instead /Users/arthurmac/Sites/myProject/ThinkPHP/Lib/Template/ThinkTemplate.class.php 第 359 行.
NOTIC: [8192] preg_replace(): The /e modifier is deprecated, use preg_replace_callback instead /Users/arthurmac/Sites/myProject/ThinkPHP/Lib/Template/ThinkTemplate.class.php 第 359 行.
NOTIC: [8192] preg_replace(): The /e modifier is deprecated, use preg_replace_callback instead /Users/arthurmac/Sites/myProject/ThinkPHP/Lib/Template/ThinkTemplate.class.php 第 359 行.
NOTIC: [8192] preg_replace(): The /e modifier is deprecated, use preg_replace_callback instead /Users/arthurmac/Sites/myProject/ThinkPHP/Lib/Template/ThinkTemplate.class.php 第 359 行.
NOTIC: [8192] preg_replace(): The /e modifier is deprecated, use preg_replace_callback instead /Users/arthurmac/Sites/myProject/ThinkPHP/Lib/Template/ThinkTemplate.class.php 第 359 行.
NOTIC: [8192] preg_replace(): The /e modifier is deprecated, use preg_replace_callback instead /Users/arthurmac/Sites/myProject/ThinkPHP/Lib/Template/ThinkTemplate.class.php 第 359 行.
NOTIC: [8192] preg_replace(): The /e modifier is deprecated, use preg_replace_callback instead /Users/arthurmac/Sites/myProject/ThinkPHP/Lib/Template/ThinkTemplate.class.php 第 359 行.
NOTIC: [8192] preg_replace(): The /e modifier is deprecated, use preg_replace_callback instead /Users/arthurmac/Sites/myProject/ThinkPHP/Lib/Template/ThinkTemplate.class.php 第 359 行.
NOTIC: [8192] preg_replace(): The /e modifier is deprecated, use preg_replace_callback instead /Users/arthurmac/Sites/myProject/ThinkPHP/Lib/Template/ThinkTemplate.class.php 第 359 行.
NOTIC: [8192] preg_replace(): The /e modifier is deprecated, use preg_replace_callback instead /Users/arthurmac/Sites/myProject/ThinkPHP/Lib/Template/ThinkTemplate.class.php 第 359 行.
NOTIC: [8192] preg_replace(): The /e modifier is deprecated, use preg_replace_callback instead /Users/arthurmac/Sites/myProject/ThinkPHP/Lib/Template/ThinkTemplate.class.php 第 359 行.
NOTIC: [8192] preg_replace(): The /e modifier is deprecated, use preg_replace_callback instead /Users/arthurmac/Sites/myProject/ThinkPHP/Lib/Template/ThinkTemplate.class.php 第 359 行.
NOTIC: [8192] preg_replace(): The /e modifier is deprecated, use preg_replace_callback instead /Users/arthurmac/Sites/myProject/ThinkPHP/Lib/Template/ThinkTemplate.class.php 第 359 行.
NOTIC: [8192] preg_replace(): The /e modifier is deprecated, use preg_replace_callback instead /Users/arthurmac/Sites/myProject/ThinkPHP/Lib/Template/ThinkTemplate.class.php 第 359 行.
NOTIC: [8192] preg_replace(): The /e modifier is deprecated, use preg_replace_callback instead /Users/arthurmac/Sites/myProject/ThinkPHP/Lib/Template/ThinkTemplate.class.php 第 359 行.
NOTIC: [8192] preg_replace(): The /e modifier is deprecated, use preg_replace_callback instead /Users/arthurmac/Sites/myProject/ThinkPHP/Lib/Template/ThinkTemplate.class.php 第 359 行.
NOTIC: [8192] preg_replace(): The /e modifier is deprecated, use preg_replace_callback instead /Users/arthurmac/Sites/myProject/ThinkPHP/Lib/Template/ThinkTemplate.class.php 第 359 行.
NOTIC: [8192] preg_replace(): The /e modifier is deprecated, use preg_replace_callback instead /Users/arthurmac/Sites/myProject/ThinkPHP/Lib/Template/ThinkTemplate.class.php 第 359 行.
NOTIC: [8192] preg_replace(): The /e modifier is deprecated, use preg_replace_callback instead /Users/arthurmac/Sites/myProject/ThinkPHP/Lib/Template/ThinkTemplate.class.php 第 359 行.
NOTIC: [8192] preg_replace(): The /e modifier is deprecated, use preg_replace_callback instead /Users/arthurmac/Sites/myProject/ThinkPHP/Lib/Template/ThinkTemplate.class.php 第 359 行.
NOTIC: [8192] preg_replace(): The /e modifier is deprecated, use preg_replace_callback instead /Users/arthurmac/Sites/myProject/ThinkPHP/Lib/Template/ThinkTemplate.class.php 第 359 行.
NOTIC: [8192] preg_replace(): The /e modifier is deprecated, use preg_replace_callback instead /Users/arthurmac/Sites/myProject/ThinkPHP/Lib/Template/ThinkTemplate.class.php 第 359 行.
NOTIC: [8192] preg_replace(): The /e modifier is deprecated, use preg_replace_callback instead /Users/arthurmac/Sites/myProject/ThinkPHP/Lib/Template/ThinkTemplate.class.php 第 359 行.
NOTIC: [8192] preg_replace(): The /e modifier is deprecated, use preg_replace_callback instead /Users/arthurmac/Sites/myProject/ThinkPHP/Lib/Template/ThinkTemplate.class.php 第 359 行.
NOTIC: [8192] preg_replace(): The /e modifier is deprecated, use preg_replace_callback instead /Users/arthurmac/Sites/myProject/ThinkPHP/Lib/Template/ThinkTemplate.class.php 第 359 行.
NOTIC: [8192] preg_replace(): The /e modifier is deprecated, use preg_replace_callback instead /Users/arthurmac/Sites/myProject/ThinkPHP/Lib/Template/ThinkTemplate.class.php 第 359 行.
NOTIC: [8192] preg_replace(): The /e modifier is deprecated, use preg_replace_callback instead /Users/arthurmac/Sites/myProject/ThinkPHP/Lib/Template/ThinkTemplate.class.php 第 359 行.
NOTIC: [8192] preg_replace(): The /e modifier is deprecated, use preg_replace_callback instead /Users/arthurmac/Sites/myProject/ThinkPHP/Lib/Template/ThinkTemplate.class.php 第 359 行.
NOTIC: [8192] preg_replace(): The /e modifier is deprecated, use preg_replace_callback instead /Users/arthurmac/Sites/myProject/ThinkPHP/Lib/Template/ThinkTemplate.class.php 第 359 行.
NOTIC: [8192] preg_replace(): The /e modifier is deprecated, use preg_replace_callback instead /Users/arthurmac/Sites/myProject/ThinkPHP/Lib/Template/ThinkTemplate.class.php 第 359 行.
NOTIC: [8192] preg_replace(): The /e modifier is deprecated, use preg_replace_callback instead /Users/arthurmac/Sites/myProject/ThinkPHP/Lib/Template/ThinkTemplate.class.php 第 359 行.
NOTIC: [8192] preg_replace(): The /e modifier is deprecated, use preg_replace_callback instead /Users/arthurmac/Sites/myProject/ThinkPHP/Lib/Template/ThinkTemplate.class.php 第 359 行.
NOTIC: [8192] preg_replace(): The /e modifier is deprecated, use preg_replace_callback instead /Users/arthurmac/Sites/myProject/ThinkPHP/Lib/Template/ThinkTemplate.class.php 第 359 行.
NOTIC: [8192] preg_replace(): The /e modifier is deprecated, use preg_replace_callback instead /Users/arthurmac/Sites/myProject/ThinkPHP/Lib/Template/ThinkTemplate.class.php 第 359 行.
NOTIC: [8192] preg_replace(): The /e modifier is deprecated, use preg_replace_callback instead /Users/arthurmac/Sites/myProject/ThinkPHP/Lib/Template/ThinkTemplate.class.php 第 359 行.
NOTIC: [8192] preg_replace(): The /e modifier is deprecated, use preg_replace_callback instead /Users/arthurmac/Sites/myProject/ThinkPHP/Lib/Template/ThinkTemplate.class.php 第 359 行.
NOTIC: [8192] preg_replace(): The /e modifier is deprecated, use preg_replace_callback instead /Users/arthurmac/Sites/myProject/ThinkPHP/Lib/Template/ThinkTemplate.class.php 第 359 行.
NOTIC: [8192] preg_replace(): The /e modifier is deprecated, use preg_replace_callback instead /Users/arthurmac/Sites/myProject/ThinkPHP/Lib/Template/ThinkTemplate.class.php 第 359 行.
NOTIC: [8192] preg_replace(): The /e modifier is deprecated, use preg_replace_callback instead /Users/arthurmac/Sites/myProject/ThinkPHP/Lib/Template/ThinkTemplate.class.php 第 359 行.
NOTIC: [8192] preg_replace(): The /e modifier is deprecated, use preg_replace_callback instead /Users/arthurmac/Sites/myProject/ThinkPHP/Lib/Template/ThinkTemplate.class.php 第 359 行.
NOTIC: [8192] preg_replace(): The /e modifier is deprecated, use preg_replace_callback instead /Users/arthurmac/Sites/myProject/ThinkPHP/Lib/Template/ThinkTemplate.class.php 第 359 行.
NOTIC: [8192] preg_replace(): The /e modifier is deprecated, use preg_replace_callback instead /Users/arthurmac/Sites/myProject/ThinkPHP/Lib/Template/ThinkTemplate.class.php 第 359 行.
NOTIC: [8192] preg_replace(): The /e modifier is deprecated, use preg_replace_callback instead /Users/arthurmac/Sites/myProject/ThinkPHP/Lib/Template/ThinkTemplate.class.php 第 359 行.
NOTIC: [8192] preg_replace(): The /e modifier is deprecated, use preg_replace_callback instead /Users/arthurmac/Sites/myProject/ThinkPHP/Lib/Template/ThinkTemplate.class.php 第 359 行.
NOTIC: [8192] preg_replace(): The /e modifier is deprecated, use preg_replace_callback instead /Users/arthurmac/Sites/myProject/ThinkPHP/Lib/Template/ThinkTemplate.class.php 第 359 行.
NOTIC: [8192] preg_replace(): The /e modifier is deprecated, use preg_replace_callback instead /Users/arthurmac/Sites/myProject/ThinkPHP/Lib/Template/ThinkTemplate.class.php 第 359 行.
NOTIC: [8192] preg_replace(): The /e modifier is deprecated, use preg_replace_callback instead /Users/arthurmac/Sites/myProject/ThinkPHP/Lib/Template/ThinkTemplate.class.php 第 359 行.
NOTIC: [8192] preg_replace(): The /e modifier is deprecated, use preg_replace_callback instead /Users/arthurmac/Sites/myProject/ThinkPHP/Lib/Template/ThinkTemplate.class.php 第 359 行.
NOTIC: [8192] preg_replace(): The /e modifier is deprecated, use preg_replace_callback instead /Users/arthurmac/Sites/myProject/ThinkPHP/Lib/Template/ThinkTemplate.class.php 第 359 行.
NOTIC: [8192] preg_replace(): The /e modifier is deprecated, use preg_replace_callback instead /Users/arthurmac/Sites/myProject/ThinkPHP/Lib/Template/ThinkTemplate.class.php 第 359 行.
NOTIC: [8192] preg_replace(): The /e modifier is deprecated, use preg_replace_callback instead /Users/arthurmac/Sites/myProject/ThinkPHP/Lib/Template/ThinkTemplate.class.php 第 359 行.
NOTIC: [8192] preg_replace(): The /e modifier is deprecated, use preg_replace_callback instead /Users/arthurmac/Sites/myProject/ThinkPHP/Lib/Template/ThinkTemplate.class.php 第 359 行.
NOTIC: [8192] preg_replace(): The /e modifier is deprecated, use preg_replace_callback instead /Users/arthurmac/Sites/myProject/ThinkPHP/Lib/Template/ThinkTemplate.class.php 第 359 行.
NOTIC: [8192] preg_replace(): The /e modifier is deprecated, use preg_replace_callback instead /Users/arthurmac/Sites/myProject/ThinkPHP/Lib/Template/ThinkTemplate.class.php 第 359 行.
NOTIC: [8192] preg_replace(): The /e modifier is deprecated, use preg_replace_callback instead /Users/arthurmac/Sites/myProject/ThinkPHP/Lib/Template/ThinkTemplate.class.php 第 359 行.
NOTIC: [8192] preg_replace(): The /e modifier is deprecated, use preg_replace_callback instead /Users/arthurmac/Sites/myProject/ThinkPHP/Lib/Template/ThinkTemplate.class.php 第 359 行.
NOTIC: [8192] preg_replace(): The /e modifier is deprecated, use preg_replace_callback instead /Users/arthurmac/Sites/myProject/ThinkPHP/Lib/Template/ThinkTemplate.class.php 第 359 行.
NOTIC: [8192] preg_replace(): The /e modifier is deprecated, use preg_replace_callback instead /Users/arthurmac/Sites/myProject/ThinkPHP/Lib/Template/ThinkTemplate.class.php 第 359 行.
NOTIC: [8192] preg_replace(): The /e modifier is deprecated, use preg_replace_callback instead /Users/arthurmac/Sites/myProject/ThinkPHP/Lib/Template/ThinkTemplate.class.php 第 359 行.
NOTIC: [8192] preg_replace(): The /e modifier is deprecated, use preg_replace_callback instead /Users/arthurmac/Sites/myProject/ThinkPHP/Lib/Template/ThinkTemplate.class.php 第 359 行.
NOTIC: [8192] preg_replace(): The /e modifier is deprecated, use preg_replace_callback instead /Users/arthurmac/Sites/myProject/ThinkPHP/Lib/Template/ThinkTemplate.class.php 第 359 行.
NOTIC: [8192] preg_replace(): The /e modifier is deprecated, use preg_replace_callback instead /Users/arthurmac/Sites/myProject/ThinkPHP/Lib/Template/ThinkTemplate.class.php 第 359 行.
NOTIC: [8192] preg_replace(): The /e modifier is deprecated, use preg_replace_callback instead /Users/arthurmac/Sites/myProject/ThinkPHP/Lib/Template/ThinkTemplate.class.php 第 359 行.
NOTIC: [8192] preg_replace(): The /e modifier is deprecated, use preg_replace_callback instead /Users/arthurmac/Sites/myProject/ThinkPHP/Lib/Template/ThinkTemplate.class.php 第 354 行.
NOTIC: [8192] preg_replace(): The /e modifier is deprecated, use preg_replace_callback instead /Users/arthurmac/Sites/myProject/ThinkPHP/Lib/Template/ThinkTemplate.class.php 第 354 行.
NOTIC: [8192] preg_replace(): The /e modifier is deprecated, use preg_replace_callback instead /Users/arthurmac/Sites/myProject/ThinkPHP/Lib/Template/ThinkTemplate.class.php 第 354 行.
NOTIC: [8192] preg_replace(): The /e modifier is deprecated, use preg_replace_callback instead /Users/arthurmac/Sites/myProject/ThinkPHP/Lib/Template/ThinkTemplate.class.php 第 354 行.
NOTIC: [8192] preg_replace(): The /e modifier is deprecated, use preg_replace_callback instead /Users/arthurmac/Sites/myProject/ThinkPHP/Lib/Template/ThinkTemplate.class.php 第 354 行.
NOTIC: [8192] preg_replace(): The /e modifier is deprecated, use preg_replace_callback instead /Users/arthurmac/Sites/myProject/ThinkPHP/Lib/Template/ThinkTemplate.class.php 第 354 行.
NOTIC: [8192] preg_replace(): The /e modifier is deprecated, use preg_replace_callback instead /Users/arthurmac/Sites/myProject/ThinkPHP/Lib/Template/ThinkTemplate.class.php 第 359 行.
NOTIC: [8192] preg_replace(): The /e modifier is deprecated, use preg_replace_callback instead /Users/arthurmac/Sites/myProject/ThinkPHP/Lib/Template/ThinkTemplate.class.php 第 359 行.
NOTIC: [8192] preg_replace(): The /e modifier is deprecated, use preg_replace_callback instead /Users/arthurmac/Sites/myProject/ThinkPHP/Lib/Template/ThinkTemplate.class.php 第 359 行.
NOTIC: [8192] preg_replace(): The /e modifier is deprecated, use preg_replace_callback instead /Users/arthurmac/Sites/myProject/ThinkPHP/Lib/Template/ThinkTemplate.class.php 第 193 行.
NOTIC: [8192] preg_replace(): The /e modifier is deprecated, use preg_replace_callback instead /Users/arthurmac/Sites/myProject/ThinkPHP/Lib/Template/ThinkTemplate.class.php 第 133 行.
INFO: Run ParseTemplate Behavior [ RunTime:-0.002563s ]
INFO: [ view_parse ] --END-- [ RunTime:0.023614s ]
INFO: [ view_filter ] --START--
INFO: Run ContentReplace Behavior [ RunTime:-0.026464s ]
INFO: Run TokenBuild Behavior [ RunTime:-0.027310s ]
INFO: Run WriteHtmlCache Behavior [ RunTime:-0.028166s ]
INFO: Run ShowRuntime Behavior [ RunTime:-0.028619s ]
INFO: [ view_filter ] --END-- [ RunTime:0.003428s ]
INFO: [ view_end ] --START--
INFO: Run ShowPageTrace Behavior [ RunTime:-0.030331s ]
INFO: [ view_end ] --END-- [ RunTime:0.001027s ]

[ 2017-08-04T16:42:17+08:00 ] 0.0.0.0 /~Arthur/myProject/admin.php
INFO: [ app_begin ] --START--
INFO: Run ReadHtmlCache Behavior [ RunTime:0.001189s ]
INFO: [ app_begin ] --END-- [ RunTime:0.001707s ]
INFO: [ view_parse ] --START--
NOTIC: [8192] preg_replace(): The /e modifier is deprecated, use preg_replace_callback instead /Users/arthurmac/Sites/myProject/ThinkPHP/Lib/Template/ThinkTemplate.class.php 第 164 行.
NOTIC: [8192] preg_replace(): The /e modifier is deprecated, use preg_replace_callback instead /Users/arthurmac/Sites/myProject/ThinkPHP/Lib/Template/ThinkTemplate.class.php 第 359 行.
NOTIC: [8192] preg_replace(): The /e modifier is deprecated, use preg_replace_callback instead /Users/arthurmac/Sites/myProject/ThinkPHP/Lib/Template/ThinkTemplate.class.php 第 359 行.
NOTIC: [8192] preg_replace(): The /e modifier is deprecated, use preg_replace_callback instead /Users/arthurmac/Sites/myProject/ThinkPHP/Lib/Template/ThinkTemplate.class.php 第 359 行.
NOTIC: [8192] preg_replace(): The /e modifier is deprecated, use preg_replace_callback instead /Users/arthurmac/Sites/myProject/ThinkPHP/Lib/Template/ThinkTemplate.class.php 第 359 行.
NOTIC: [8192] preg_replace(): The /e modifier is deprecated, use preg_replace_callback instead /Users/arthurmac/Sites/myProject/ThinkPHP/Lib/Template/ThinkTemplate.class.php 第 359 行.
NOTIC: [8192] preg_replace(): The /e modifier is deprecated, use preg_replace_callback instead /Users/arthurmac/Sites/myProject/ThinkPHP/Lib/Template/ThinkTemplate.class.php 第 359 行.
NOTIC: [8192] preg_replace(): The /e modifier is deprecated, use preg_replace_callback instead /Users/arthurmac/Sites/myProject/ThinkPHP/Lib/Template/ThinkTemplate.class.php 第 359 行.
NOTIC: [8192] preg_replace(): The /e modifier is deprecated, use preg_replace_callback instead /Users/arthurmac/Sites/myProject/ThinkPHP/Lib/Template/ThinkTemplate.class.php 第 359 行.
NOTIC: [8192] preg_replace(): The /e modifier is deprecated, use preg_replace_callback instead /Users/arthurmac/Sites/myProject/ThinkPHP/Lib/Template/ThinkTemplate.class.php 第 359 行.
NOTIC: [8192] preg_replace(): The /e modifier is deprecated, use preg_replace_callback instead /Users/arthurmac/Sites/myProject/ThinkPHP/Lib/Template/ThinkTemplate.class.php 第 359 行.
NOTIC: [8192] preg_replace(): The /e modifier is deprecated, use preg_replace_callback instead /Users/arthurmac/Sites/myProject/ThinkPHP/Lib/Template/ThinkTemplate.class.php 第 359 行.
NOTIC: [8192] preg_replace(): The /e modifier is deprecated, use preg_replace_callback instead /Users/arthurmac/Sites/myProject/ThinkPHP/Lib/Template/ThinkTemplate.class.php 第 359 行.
NOTIC: [8192] preg_replace(): The /e modifier is deprecated, use preg_replace_callback instead /Users/arthurmac/Sites/myProject/ThinkPHP/Lib/Template/ThinkTemplate.class.php 第 354 行.
NOTIC: [8192] preg_replace(): The /e modifier is deprecated, use preg_replace_callback instead /Users/arthurmac/Sites/myProject/ThinkPHP/Lib/Template/ThinkTemplate.class.php 第 354 行.
NOTIC: [8192] preg_replace(): The /e modifier is deprecated, use preg_replace_callback instead /Users/arthurmac/Sites/myProject/ThinkPHP/Lib/Template/ThinkTemplate.class.php 第 359 行.
NOTIC: [8192] preg_replace(): The /e modifier is deprecated, use preg_replace_callback instead /Users/arthurmac/Sites/myProject/ThinkPHP/Lib/Template/ThinkTemplate.class.php 第 359 行.
NOTIC: [8192] preg_replace(): The /e modifier is deprecated, use preg_replace_callback instead /Users/arthurmac/Sites/myProject/ThinkPHP/Lib/Template/ThinkTemplate.class.php 第 359 行.
NOTIC: [8192] preg_replace(): The /e modifier is deprecated, use preg_replace_callback instead /Users/arthurmac/Sites/myProject/ThinkPHP/Lib/Template/ThinkTemplate.class.php 第 354 行.
NOTIC: [8192] preg_replace(): The /e modifier is deprecated, use preg_replace_callback instead /Users/arthurmac/Sites/myProject/ThinkPHP/Lib/Template/ThinkTemplate.class.php 第 359 行.
NOTIC: [8192] preg_replace(): The /e modifier is deprecated, use preg_replace_callback instead /Users/arthurmac/Sites/myProject/ThinkPHP/Lib/Template/ThinkTemplate.class.php 第 359 行.
NOTIC: [8192] preg_replace(): The /e modifier is deprecated, use preg_replace_callback instead /Users/arthurmac/Sites/myProject/ThinkPHP/Lib/Template/ThinkTemplate.class.php 第 359 行.
NOTIC: [8192] preg_replace(): The /e modifier is deprecated, use preg_replace_callback instead /Users/arthurmac/Sites/myProject/ThinkPHP/Lib/Template/ThinkTemplate.class.php 第 359 行.
NOTIC: [8192] preg_replace(): The /e modifier is deprecated, use preg_replace_callback instead /Users/arthurmac/Sites/myProject/ThinkPHP/Lib/Template/ThinkTemplate.class.php 第 359 行.
NOTIC: [8192] preg_replace(): The /e modifier is deprecated, use preg_replace_callback instead /Users/arthurmac/Sites/myProject/ThinkPHP/Lib/Template/ThinkTemplate.class.php 第 359 行.
NOTIC: [8192] preg_replace(): The /e modifier is deprecated, use preg_replace_callback instead /Users/arthurmac/Sites/myProject/ThinkPHP/Lib/Template/ThinkTemplate.class.php 第 359 行.
NOTIC: [8192] preg_replace(): The /e modifier is deprecated, use preg_replace_callback instead /Users/arthurmac/Sites/myProject/ThinkPHP/Lib/Template/ThinkTemplate.class.php 第 359 行.
NOTIC: [8192] preg_replace(): The /e modifier is deprecated, use preg_replace_callback instead /Users/arthurmac/Sites/myProject/ThinkPHP/Lib/Template/ThinkTemplate.class.php 第 359 行.
NOTIC: [8192] preg_replace(): The /e modifier is deprecated, use preg_replace_callback instead /Users/arthurmac/Sites/myProject/ThinkPHP/Lib/Template/ThinkTemplate.class.php 第 359 行.
NOTIC: [8192] preg_replace(): The /e modifier is deprecated, use preg_replace_callback instead /Users/arthurmac/Sites/myProject/ThinkPHP/Lib/Template/ThinkTemplate.class.php 第 359 行.
NOTIC: [8192] preg_replace(): The /e modifier is deprecated, use preg_replace_callback instead /Users/arthurmac/Sites/myProject/ThinkPHP/Lib/Template/ThinkTemplate.class.php 第 359 行.
NOTIC: [8192] preg_replace(): The /e modifier is deprecated, use preg_replace_callback instead /Users/arthurmac/Sites/myProject/ThinkPHP/Lib/Template/ThinkTemplate.class.php 第 359 行.
NOTIC: [8192] preg_replace(): The /e modifier is deprecated, use preg_replace_callback instead /Users/arthurmac/Sites/myProject/ThinkPHP/Lib/Template/ThinkTemplate.class.php 第 359 行.
NOTIC: [8192] preg_replace(): The /e modifier is deprecated, use preg_replace_callback instead /Users/arthurmac/Sites/myProject/ThinkPHP/Lib/Template/ThinkTemplate.class.php 第 359 行.
NOTIC: [8192] preg_replace(): The /e modifier is deprecated, use preg_replace_callback instead /Users/arthurmac/Sites/myProject/ThinkPHP/Lib/Template/ThinkTemplate.class.php 第 359 行.
NOTIC: [8192] preg_replace(): The /e modifier is deprecated, use preg_replace_callback instead /Users/arthurmac/Sites/myProject/ThinkPHP/Lib/Template/ThinkTemplate.class.php 第 359 行.
NOTIC: [8192] preg_replace(): The /e modifier is deprecated, use preg_replace_callback instead /Users/arthurmac/Sites/myProject/ThinkPHP/Lib/Template/ThinkTemplate.class.php 第 359 行.
NOTIC: [8192] preg_replace(): The /e modifier is deprecated, use preg_replace_callback instead /Users/arthurmac/Sites/myProject/ThinkPHP/Lib/Template/ThinkTemplate.class.php 第 359 行.
NOTIC: [8192] preg_replace(): The /e modifier is deprecated, use preg_replace_callback instead /Users/arthurmac/Sites/myProject/ThinkPHP/Lib/Template/ThinkTemplate.class.php 第 359 行.
NOTIC: [8192] preg_replace(): The /e modifier is deprecated, use preg_replace_callback instead /Users/arthurmac/Sites/myProject/ThinkPHP/Lib/Template/ThinkTemplate.class.php 第 359 行.
NOTIC: [8192] preg_replace(): The /e modifier is deprecated, use preg_replace_callback instead /Users/arthurmac/Sites/myProject/ThinkPHP/Lib/Template/ThinkTemplate.class.php 第 359 行.
NOTIC: [8192] preg_replace(): The /e modifier is deprecated, use preg_replace_callback instead /Users/arthurmac/Sites/myProject/ThinkPHP/Lib/Template/ThinkTemplate.class.php 第 359 行.
NOTIC: [8192] preg_replace(): The /e modifier is deprecated, use preg_replace_callback instead /Users/arthurmac/Sites/myProject/ThinkPHP/Lib/Template/ThinkTemplate.class.php 第 359 行.
NOTIC: [8192] preg_replace(): The /e modifier is deprecated, use preg_replace_callback instead /Users/arthurmac/Sites/myProject/ThinkPHP/Lib/Template/ThinkTemplate.class.php 第 359 行.
NOTIC: [8192] preg_replace(): The /e modifier is deprecated, use preg_replace_callback instead /Users/arthurmac/Sites/myProject/ThinkPHP/Lib/Template/ThinkTemplate.class.php 第 359 行.
NOTIC: [8192] preg_replace(): The /e modifier is deprecated, use preg_replace_callback instead /Users/arthurmac/Sites/myProject/ThinkPHP/Lib/Template/ThinkTemplate.class.php 第 359 行.
NOTIC: [8192] preg_replace(): The /e modifier is deprecated, use preg_replace_callback instead /Users/arthurmac/Sites/myProject/ThinkPHP/Lib/Template/ThinkTemplate.class.php 第 359 行.
NOTIC: [8192] preg_replace(): The /e modifier is deprecated, use preg_replace_callback instead /Users/arthurmac/Sites/myProject/ThinkPHP/Lib/Template/ThinkTemplate.class.php 第 359 行.
NOTIC: [8192] preg_replace(): The /e modifier is deprecated, use preg_replace_callback instead /Users/arthurmac/Sites/myProject/ThinkPHP/Lib/Template/ThinkTemplate.class.php 第 359 行.
NOTIC: [8192] preg_replace(): The /e modifier is deprecated, use preg_replace_callback instead /Users/arthurmac/Sites/myProject/ThinkPHP/Lib/Template/ThinkTemplate.class.php 第 359 行.
NOTIC: [8192] preg_replace(): The /e modifier is deprecated, use preg_replace_callback instead /Users/arthurmac/Sites/myProject/ThinkPHP/Lib/Template/ThinkTemplate.class.php 第 359 行.
NOTIC: [8192] preg_replace(): The /e modifier is deprecated, use preg_replace_callback instead /Users/arthurmac/Sites/myProject/ThinkPHP/Lib/Template/ThinkTemplate.class.php 第 359 行.
NOTIC: [8192] preg_replace(): The /e modifier is deprecated, use preg_replace_callback instead /Users/arthurmac/Sites/myProject/ThinkPHP/Lib/Template/ThinkTemplate.class.php 第 359 行.
NOTIC: [8192] preg_replace(): The /e modifier is deprecated, use preg_replace_callback instead /Users/arthurmac/Sites/myProject/ThinkPHP/Lib/Template/ThinkTemplate.class.php 第 359 行.
NOTIC: [8192] preg_replace(): The /e modifier is deprecated, use preg_replace_callback instead /Users/arthurmac/Sites/myProject/ThinkPHP/Lib/Template/ThinkTemplate.class.php 第 359 行.
NOTIC: [8192] preg_replace(): The /e modifier is deprecated, use preg_replace_callback instead /Users/arthurmac/Sites/myProject/ThinkPHP/Lib/Template/ThinkTemplate.class.php 第 359 行.
NOTIC: [8192] preg_replace(): The /e modifier is deprecated, use preg_replace_callback instead /Users/arthurmac/Sites/myProject/ThinkPHP/Lib/Template/ThinkTemplate.class.php 第 359 行.
NOTIC: [8192] preg_replace(): The /e modifier is deprecated, use preg_replace_callback instead /Users/arthurmac/Sites/myProject/ThinkPHP/Lib/Template/ThinkTemplate.class.php 第 359 行.
NOTIC: [8192] preg_replace(): The /e modifier is deprecated, use preg_replace_callback instead /Users/arthurmac/Sites/myProject/ThinkPHP/Lib/Template/ThinkTemplate.class.php 第 359 行.
NOTIC: [8192] preg_replace(): The /e modifier is deprecated, use preg_replace_callback instead /Users/arthurmac/Sites/myProject/ThinkPHP/Lib/Template/ThinkTemplate.class.php 第 359 行.
NOTIC: [8192] preg_replace(): The /e modifier is deprecated, use preg_replace_callback instead /Users/arthurmac/Sites/myProject/ThinkPHP/Lib/Template/ThinkTemplate.class.php 第 359 行.
NOTIC: [8192] preg_replace(): The /e modifier is deprecated, use preg_replace_callback instead /Users/arthurmac/Sites/myProject/ThinkPHP/Lib/Template/ThinkTemplate.class.php 第 359 行.
NOTIC: [8192] preg_replace(): The /e modifier is deprecated, use preg_replace_callback instead /Users/arthurmac/Sites/myProject/ThinkPHP/Lib/Template/ThinkTemplate.class.php 第 359 行.
NOTIC: [8192] preg_replace(): The /e modifier is deprecated, use preg_replace_callback instead /Users/arthurmac/Sites/myProject/ThinkPHP/Lib/Template/ThinkTemplate.class.php 第 359 行.
NOTIC: [8192] preg_replace(): The /e modifier is deprecated, use preg_replace_callback instead /Users/arthurmac/Sites/myProject/ThinkPHP/Lib/Template/ThinkTemplate.class.php 第 359 行.
NOTIC: [8192] preg_replace(): The /e modifier is deprecated, use preg_replace_callback instead /Users/arthurmac/Sites/myProject/ThinkPHP/Lib/Template/ThinkTemplate.class.php 第 359 行.
NOTIC: [8192] preg_replace(): The /e modifier is deprecated, use preg_replace_callback instead /Users/arthurmac/Sites/myProject/ThinkPHP/Lib/Template/ThinkTemplate.class.php 第 359 行.
NOTIC: [8192] preg_replace(): The /e modifier is deprecated, use preg_replace_callback instead /Users/arthurmac/Sites/myProject/ThinkPHP/Lib/Template/ThinkTemplate.class.php 第 359 行.
NOTIC: [8192] preg_replace(): The /e modifier is deprecated, use preg_replace_callback instead /Users/arthurmac/Sites/myProject/ThinkPHP/Lib/Template/ThinkTemplate.class.php 第 359 行.
NOTIC: [8192] preg_replace(): The /e modifier is deprecated, use preg_replace_callback instead /Users/arthurmac/Sites/myProject/ThinkPHP/Lib/Template/ThinkTemplate.class.php 第 359 行.
NOTIC: [8192] preg_replace(): The /e modifier is deprecated, use preg_replace_callback instead /Users/arthurmac/Sites/myProject/ThinkPHP/Lib/Template/ThinkTemplate.class.php 第 359 行.
NOTIC: [8192] preg_replace(): The /e modifier is deprecated, use preg_replace_callback instead /Users/arthurmac/Sites/myProject/ThinkPHP/Lib/Template/ThinkTemplate.class.php 第 359 行.
NOTIC: [8192] preg_replace(): The /e modifier is deprecated, use preg_replace_callback instead /Users/arthurmac/Sites/myProject/ThinkPHP/Lib/Template/ThinkTemplate.class.php 第 359 行.
NOTIC: [8192] preg_replace(): The /e modifier is deprecated, use preg_replace_callback instead /Users/arthurmac/Sites/myProject/ThinkPHP/Lib/Template/ThinkTemplate.class.php 第 359 行.
NOTIC: [8192] preg_replace(): The /e modifier is deprecated, use preg_replace_callback instead /Users/arthurmac/Sites/myProject/ThinkPHP/Lib/Template/ThinkTemplate.class.php 第 359 行.
NOTIC: [8192] preg_replace(): The /e modifier is deprecated, use preg_replace_callback instead /Users/arthurmac/Sites/myProject/ThinkPHP/Lib/Template/ThinkTemplate.class.php 第 359 行.
NOTIC: [8192] preg_replace(): The /e modifier is deprecated, use preg_replace_callback instead /Users/arthurmac/Sites/myProject/ThinkPHP/Lib/Template/ThinkTemplate.class.php 第 359 行.
NOTIC: [8192] preg_replace(): The /e modifier is deprecated, use preg_replace_callback instead /Users/arthurmac/Sites/myProject/ThinkPHP/Lib/Template/ThinkTemplate.class.php 第 359 行.
NOTIC: [8192] preg_replace(): The /e modifier is deprecated, use preg_replace_callback instead /Users/arthurmac/Sites/myProject/ThinkPHP/Lib/Template/ThinkTemplate.class.php 第 359 行.
NOTIC: [8192] preg_replace(): The /e modifier is deprecated, use preg_replace_callback instead /Users/arthurmac/Sites/myProject/ThinkPHP/Lib/Template/ThinkTemplate.class.php 第 359 行.
NOTIC: [8192] preg_replace(): The /e modifier is deprecated, use preg_replace_callback instead /Users/arthurmac/Sites/myProject/ThinkPHP/Lib/Template/ThinkTemplate.class.php 第 359 行.
NOTIC: [8192] preg_replace(): The /e modifier is deprecated, use preg_replace_callback instead /Users/arthurmac/Sites/myProject/ThinkPHP/Lib/Template/ThinkTemplate.class.php 第 359 行.
NOTIC: [8192] preg_replace(): The /e modifier is deprecated, use preg_replace_callback instead /Users/arthurmac/Sites/myProject/ThinkPHP/Lib/Template/ThinkTemplate.class.php 第 359 行.
NOTIC: [8192] preg_replace(): The /e modifier is deprecated, use preg_replace_callback instead /Users/arthurmac/Sites/myProject/ThinkPHP/Lib/Template/ThinkTemplate.class.php 第 359 行.
NOTIC: [8192] preg_replace(): The /e modifier is deprecated, use preg_replace_callback instead /Users/arthurmac/Sites/myProject/ThinkPHP/Lib/Template/ThinkTemplate.class.php 第 359 行.
NOTIC: [8192] preg_replace(): The /e modifier is deprecated, use preg_replace_callback instead /Users/arthurmac/Sites/myProject/ThinkPHP/Lib/Template/ThinkTemplate.class.php 第 354 行.
NOTIC: [8192] preg_replace(): The /e modifier is deprecated, use preg_replace_callback instead /Users/arthurmac/Sites/myProject/ThinkPHP/Lib/Template/ThinkTemplate.class.php 第 354 行.
NOTIC: [8192] preg_replace(): The /e modifier is deprecated, use preg_replace_callback instead /Users/arthurmac/Sites/myProject/ThinkPHP/Lib/Template/ThinkTemplate.class.php 第 354 行.
NOTIC: [8192] preg_replace(): The /e modifier is deprecated, use preg_replace_callback instead /Users/arthurmac/Sites/myProject/ThinkPHP/Lib/Template/ThinkTemplate.class.php 第 354 行.
NOTIC: [8192] preg_replace(): The /e modifier is deprecated, use preg_replace_callback instead /Users/arthurmac/Sites/myProject/ThinkPHP/Lib/Template/ThinkTemplate.class.php 第 354 行.
NOTIC: [8192] preg_replace(): The /e modifier is deprecated, use preg_replace_callback instead /Users/arthurmac/Sites/myProject/ThinkPHP/Lib/Template/ThinkTemplate.class.php 第 354 行.
NOTIC: [8192] preg_replace(): The /e modifier is deprecated, use preg_replace_callback instead /Users/arthurmac/Sites/myProject/ThinkPHP/Lib/Template/ThinkTemplate.class.php 第 359 行.
NOTIC: [8192] preg_replace(): The /e modifier is deprecated, use preg_replace_callback instead /Users/arthurmac/Sites/myProject/ThinkPHP/Lib/Template/ThinkTemplate.class.php 第 359 行.
NOTIC: [8192] preg_replace(): The /e modifier is deprecated, use preg_replace_callback instead /Users/arthurmac/Sites/myProject/ThinkPHP/Lib/Template/ThinkTemplate.class.php 第 359 行.
NOTIC: [8192] preg_replace(): The /e modifier is deprecated, use preg_replace_callback instead /Users/arthurmac/Sites/myProject/ThinkPHP/Lib/Template/ThinkTemplate.class.php 第 193 行.
NOTIC: [8192] preg_replace(): The /e modifier is deprecated, use preg_replace_callback instead /Users/arthurmac/Sites/myProject/ThinkPHP/Lib/Template/ThinkTemplate.class.php 第 133 行.
INFO: Run ParseTemplate Behavior [ RunTime:-0.002351s ]
INFO: [ view_parse ] --END-- [ RunTime:0.022654s ]
INFO: [ view_filter ] --START--
INFO: Run ContentReplace Behavior [ RunTime:-0.025475s ]
INFO: Run TokenBuild Behavior [ RunTime:-0.026330s ]
INFO: Run WriteHtmlCache Behavior [ RunTime:-0.027088s ]
INFO: Run ShowRuntime Behavior [ RunTime:-0.027479s ]
INFO: [ view_filter ] --END-- [ RunTime:0.003188s ]
INFO: [ view_end ] --START--
INFO: Run ShowPageTrace Behavior [ RunTime:-0.028983s ]
INFO: [ view_end ] --END-- [ RunTime:0.000893s ]

