[ 2017-08-05T00:07:11+08:00 ] 0.0.0.0 /myProject/
INFO: [ app_begin ] --START--
INFO: Run ReadHtmlCache Behavior [ RunTime:0.000779s ]
INFO: [ app_begin ] --END-- [ RunTime:0.001164s ]
INFO: [ view_template ] --START--
INFO: Run LocationTemplate Behavior [ RunTime:-0.002119s ]
INFO: [ view_template ] --END-- [ RunTime:0.000779s ]
INFO: [ view_parse ] --START--
NOTIC: [8192] preg_replace(): The /e modifier is deprecated, use preg_replace_callback instead /Users/arthurmac/Sites/myProject/ThinkPHP/Lib/Template/ThinkTemplate.class.php 第 164 行.
NOTIC: [8192] preg_replace(): The /e modifier is deprecated, use preg_replace_callback instead /Users/arthurmac/Sites/myProject/ThinkPHP/Lib/Template/ThinkTemplate.class.php 第 359 行.
NOTIC: [8192] preg_replace(): The /e modifier is deprecated, use preg_replace_callback instead /Users/arthurmac/Sites/myProject/ThinkPHP/Lib/Template/ThinkTemplate.class.php 第 359 行.
NOTIC: [8192] preg_replace(): The /e modifier is deprecated, use preg_replace_callback instead /Users/arthurmac/Sites/myProject/ThinkPHP/Lib/Template/ThinkTemplate.class.php 第 359 行.
NOTIC: [8192] preg_replace(): The /e modifier is deprecated, use preg_replace_callback instead /Users/arthurmac/Sites/myProject/ThinkPHP/Lib/Template/ThinkTemplate.class.php 第 359 行.
NOTIC: [8192] preg_replace(): The /e modifier is deprecated, use preg_replace_callback instead /Users/arthurmac/Sites/myProject/ThinkPHP/Lib/Template/ThinkTemplate.class.php 第 359 行.
NOTIC: [8192] preg_replace(): The /e modifier is deprecated, use preg_replace_callback instead /Users/arthurmac/Sites/myProject/ThinkPHP/Lib/Template/ThinkTemplate.class.php 第 359 行.
NOTIC: [8192] preg_replace(): The /e modifier is deprecated, use preg_replace_callback instead /Users/arthurmac/Sites/myProject/ThinkPHP/Lib/Template/ThinkTemplate.class.php 第 359 行.
NOTIC: [8192] preg_replace(): The /e modifier is deprecated, use preg_replace_callback instead /Users/arthurmac/Sites/myProject/ThinkPHP/Lib/Template/ThinkTemplate.class.php 第 359 行.
NOTIC: [8192] preg_replace(): The /e modifier is deprecated, use preg_replace_callback instead /Users/arthurmac/Sites/myProject/ThinkPHP/Lib/Template/ThinkTemplate.class.php 第 359 行.
NOTIC: [8192] preg_replace(): The /e modifier is deprecated, use preg_replace_callback instead /Users/arthurmac/Sites/myProject/ThinkPHP/Lib/Template/ThinkTemplate.class.php 第 359 行.
NOTIC: [8192] preg_replace(): The /e modifier is deprecated, use preg_replace_callback instead /Users/arthurmac/Sites/myProject/ThinkPHP/Lib/Template/ThinkTemplate.class.php 第 359 行.
NOTIC: [8192] preg_replace(): The /e modifier is deprecated, use preg_replace_callback instead /Users/arthurmac/Sites/myProject/ThinkPHP/Lib/Template/ThinkTemplate.class.php 第 359 行.
NOTIC: [8192] preg_replace(): The /e modifier is deprecated, use preg_replace_callback instead /Users/arthurmac/Sites/myProject/ThinkPHP/Lib/Template/ThinkTemplate.class.php 第 354 行.
NOTIC: [8192] preg_replace(): The /e modifier is deprecated, use preg_replace_callback instead /Users/arthurmac/Sites/myProject/ThinkPHP/Lib/Template/ThinkTemplate.class.php 第 354 行.
NOTIC: [8192] preg_replace(): The /e modifier is deprecated, use preg_replace_callback instead /Users/arthurmac/Sites/myProject/ThinkPHP/Lib/Template/ThinkTemplate.class.php 第 359 行.
NOTIC: [8192] preg_replace(): The /e modifier is deprecated, use preg_replace_callback instead /Users/arthurmac/Sites/myProject/ThinkPHP/Lib/Template/ThinkTemplate.class.php 第 359 行.
NOTIC: [8192] preg_replace(): The /e modifier is deprecated, use preg_replace_callback instead /Users/arthurmac/Sites/myProject/ThinkPHP/Lib/Template/ThinkTemplate.class.php 第 359 行.
NOTIC: [8192] preg_replace(): The /e modifier is deprecated, use preg_replace_callback instead /Users/arthurmac/Sites/myProject/ThinkPHP/Lib/Template/ThinkTemplate.class.php 第 354 行.
NOTIC: [8192] preg_replace(): The /e modifier is deprecated, use preg_replace_callback instead /Users/arthurmac/Sites/myProject/ThinkPHP/Lib/Template/ThinkTemplate.class.php 第 359 行.
NOTIC: [8192] preg_replace(): The /e modifier is deprecated, use preg_replace_callback instead /Users/arthurmac/Sites/myProject/ThinkPHP/Lib/Template/ThinkTemplate.class.php 第 359 行.
NOTIC: [8192] preg_replace(): The /e modifier is deprecated, use preg_replace_callback instead /Users/arthurmac/Sites/myProject/ThinkPHP/Lib/Template/ThinkTemplate.class.php 第 359 行.
NOTIC: [8192] preg_replace(): The /e modifier is deprecated, use preg_replace_callback instead /Users/arthurmac/Sites/myProject/ThinkPHP/Lib/Template/ThinkTemplate.class.php 第 359 行.
NOTIC: [8192] preg_replace(): The /e modifier is deprecated, use preg_replace_callback instead /Users/arthurmac/Sites/myProject/ThinkPHP/Lib/Template/ThinkTemplate.class.php 第 359 行.
NOTIC: [8192] preg_replace(): The /e modifier is deprecated, use preg_replace_callback instead /Users/arthurmac/Sites/myProject/ThinkPHP/Lib/Template/ThinkTemplate.class.php 第 359 行.
NOTIC: [8192] preg_replace(): The /e modifier is deprecated, use preg_replace_callback instead /Users/arthurmac/Sites/myProject/ThinkPHP/Lib/Template/ThinkTemplate.class.php 第 359 行.
NOTIC: [8192] preg_replace(): The /e modifier is deprecated, use preg_replace_callback instead /Users/arthurmac/Sites/myProject/ThinkPHP/Lib/Template/ThinkTemplate.class.php 第 359 行.
NOTIC: [8192] preg_replace(): The /e modifier is deprecated, use preg_replace_callback instead /Users/arthurmac/Sites/myProject/ThinkPHP/Lib/Template/ThinkTemplate.class.php 第 359 行.
NOTIC: [8192] preg_replace(): The /e modifier is deprecated, use preg_replace_callback instead /Users/arthurmac/Sites/myProject/ThinkPHP/Lib/Template/ThinkTemplate.class.php 第 359 行.
NOTIC: [8192] preg_replace(): The /e modifier is deprecated, use preg_replace_callback instead /Users/arthurmac/Sites/myProject/ThinkPHP/Lib/Template/ThinkTemplate.class.php 第 359 行.
NOTIC: [8192] preg_replace(): The /e modifier is deprecated, use preg_replace_callback instead /Users/arthurmac/Sites/myProject/ThinkPHP/Lib/Template/ThinkTemplate.class.php 第 359 行.
NOTIC: [8192] preg_replace(): The /e modifier is deprecated, use preg_replace_callback instead /Users/arthurmac/Sites/myProject/ThinkPHP/Lib/Template/ThinkTemplate.class.php 第 359 行.
NOTIC: [8192] preg_replace(): The /e modifier is deprecated, use preg_replace_callback instead /Users/arthurmac/Sites/myProject/ThinkPHP/Lib/Template/ThinkTemplate.class.php 第 359 行.
NOTIC: [8192] preg_replace(): The /e modifier is deprecated, use preg_replace_callback instead /Users/arthurmac/Sites/myProject/ThinkPHP/Lib/Template/ThinkTemplate.class.php 第 359 行.
NOTIC: [8192] preg_replace(): The /e modifier is deprecated, use preg_replace_callback instead /Users/arthurmac/Sites/myProject/ThinkPHP/Lib/Template/ThinkTemplate.class.php 第 359 行.
NOTIC: [8192] preg_replace(): The /e modifier is deprecated, use preg_replace_callback instead /Users/arthurmac/Sites/myProject/ThinkPHP/Lib/Template/ThinkTemplate.class.php 第 359 行.
NOTIC: [8192] preg_replace(): The /e modifier is deprecated, use preg_replace_callback instead /Users/arthurmac/Sites/myProject/ThinkPHP/Lib/Template/ThinkTemplate.class.php 第 359 行.
NOTIC: [8192] preg_replace(): The /e modifier is deprecated, use preg_replace_callback instead /Users/arthurmac/Sites/myProject/ThinkPHP/Lib/Template/ThinkTemplate.class.php 第 359 行.
NOTIC: [8192] preg_replace(): The /e modifier is deprecated, use preg_replace_callback instead /Users/arthurmac/Sites/myProject/ThinkPHP/Lib/Template/ThinkTemplate.class.php 第 359 行.
NOTIC: [8192] preg_replace(): The /e modifier is deprecated, use preg_replace_callback instead /Users/arthurmac/Sites/myProject/ThinkPHP/Lib/Template/ThinkTemplate.class.php 第 359 行.
NOTIC: [8192] preg_replace(): The /e modifier is deprecated, use preg_replace_callback instead /Users/arthurmac/Sites/myProject/ThinkPHP/Lib/Template/ThinkTemplate.class.php 第 359 行.
NOTIC: [8192] preg_replace(): The /e modifier is deprecated, use preg_replace_callback instead /Users/arthurmac/Sites/myProject/ThinkPHP/Lib/Template/ThinkTemplate.class.php 第 359 行.
NOTIC: [8192] preg_replace(): The /e modifier is deprecated, use preg_replace_callback instead /Users/arthurmac/Sites/myProject/ThinkPHP/Lib/Template/ThinkTemplate.class.php 第 359 行.
NOTIC: [8192] preg_replace(): The /e modifier is deprecated, use preg_replace_callback instead /Users/arthurmac/Sites/myProject/ThinkPHP/Lib/Template/ThinkTemplate.class.php 第 359 行.
NOTIC: [8192] preg_replace(): The /e modifier is deprecated, use preg_replace_callback instead /Users/arthurmac/Sites/myProject/ThinkPHP/Lib/Template/ThinkTemplate.class.php 第 359 行.
NOTIC: [8192] preg_replace(): The /e modifier is deprecated, use preg_replace_callback instead /Users/arthurmac/Sites/myProject/ThinkPHP/Lib/Template/ThinkTemplate.class.php 第 359 行.
NOTIC: [8192] preg_replace(): The /e modifier is deprecated, use preg_replace_callback instead /Users/arthurmac/Sites/myProject/ThinkPHP/Lib/Template/ThinkTemplate.class.php 第 359 行.
NOTIC: [8192] preg_replace(): The /e modifier is deprecated, use preg_replace_callback instead /Users/arthurmac/Sites/myProject/ThinkPHP/Lib/Template/ThinkTemplate.class.php 第 359 行.
NOTIC: [8192] preg_replace(): The /e modifier is deprecated, use preg_replace_callback instead /Users/arthurmac/Sites/myProject/ThinkPHP/Lib/Template/ThinkTemplate.class.php 第 359 行.
NOTIC: [8192] preg_replace(): The /e modifier is deprecated, use preg_replace_callback instead /Users/arthurmac/Sites/myProject/ThinkPHP/Lib/Template/ThinkTemplate.class.php 第 359 行.
NOTIC: [8192] preg_replace(): The /e modifier is deprecated, use preg_replace_callback instead /Users/arthurmac/Sites/myProject/ThinkPHP/Lib/Template/ThinkTemplate.class.php 第 359 行.
NOTIC: [8192] preg_replace(): The /e modifier is deprecated, use preg_replace_callback instead /Users/arthurmac/Sites/myProject/ThinkPHP/Lib/Template/ThinkTemplate.class.php 第 359 行.
NOTIC: [8192] preg_replace(): The /e modifier is deprecated, use preg_replace_callback instead /Users/arthurmac/Sites/myProject/ThinkPHP/Lib/Template/ThinkTemplate.class.php 第 359 行.
NOTIC: [8192] preg_replace(): The /e modifier is deprecated, use preg_replace_callback instead /Users/arthurmac/Sites/myProject/ThinkPHP/Lib/Template/ThinkTemplate.class.php 第 359 行.
NOTIC: [8192] preg_replace(): The /e modifier is deprecated, use preg_replace_callback instead /Users/arthurmac/Sites/myProject/ThinkPHP/Lib/Template/ThinkTemplate.class.php 第 359 行.
NOTIC: [8192] preg_replace(): The /e modifier is deprecated, use preg_replace_callback instead /Users/arthurmac/Sites/myProject/ThinkPHP/Lib/Template/ThinkTemplate.class.php 第 359 行.
NOTIC: [8192] preg_replace(): The /e modifier is deprecated, use preg_replace_callback instead /Users/arthurmac/Sites/myProject/ThinkPHP/Lib/Template/ThinkTemplate.class.php 第 359 行.
NOTIC: [8192] preg_replace(): The /e modifier is deprecated, use preg_replace_callback instead /Users/arthurmac/Sites/myProject/ThinkPHP/Lib/Template/ThinkTemplate.class.php 第 359 行.
NOTIC: [8192] preg_replace(): The /e modifier is deprecated, use preg_replace_callback instead /Users/arthurmac/Sites/myProject/ThinkPHP/Lib/Template/ThinkTemplate.class.php 第 359 行.
NOTIC: [8192] preg_replace(): The /e modifier is deprecated, use preg_replace_callback instead /Users/arthurmac/Sites/myProject/ThinkPHP/Lib/Template/ThinkTemplate.class.php 第 359 行.
NOTIC: [8192] preg_replace(): The /e modifier is deprecated, use preg_replace_callback instead /Users/arthurmac/Sites/myProject/ThinkPHP/Lib/Template/ThinkTemplate.class.php 第 359 行.
NOTIC: [8192] preg_replace(): The /e modifier is deprecated, use preg_replace_callback instead /Users/arthurmac/Sites/myProject/ThinkPHP/Lib/Template/ThinkTemplate.class.php 第 359 行.
NOTIC: [8192] preg_replace(): The /e modifier is deprecated, use preg_replace_callback instead /Users/arthurmac/Sites/myProject/ThinkPHP/Lib/Template/ThinkTemplate.class.php 第 359 行.
NOTIC: [8192] preg_replace(): The /e modifier is deprecated, use preg_replace_callback instead /Users/arthurmac/Sites/myProject/ThinkPHP/Lib/Template/ThinkTemplate.class.php 第 359 行.
NOTIC: [8192] preg_replace(): The /e modifier is deprecated, use preg_replace_callback instead /Users/arthurmac/Sites/myProject/ThinkPHP/Lib/Template/ThinkTemplate.class.php 第 359 行.
NOTIC: [8192] preg_replace(): The /e modifier is deprecated, use preg_replace_callback instead /Users/arthurmac/Sites/myProject/ThinkPHP/Lib/Template/ThinkTemplate.class.php 第 359 行.
NOTIC: [8192] preg_replace(): The /e modifier is deprecated, use preg_replace_callback instead /Users/arthurmac/Sites/myProject/ThinkPHP/Lib/Template/ThinkTemplate.class.php 第 359 行.
NOTIC: [8192] preg_replace(): The /e modifier is deprecated, use preg_replace_callback instead /Users/arthurmac/Sites/myProject/ThinkPHP/Lib/Template/ThinkTemplate.class.php 第 359 行.
NOTIC: [8192] preg_replace(): The /e modifier is deprecated, use preg_replace_callback instead /Users/arthurmac/Sites/myProject/ThinkPHP/Lib/Template/ThinkTemplate.class.php 第 359 行.
NOTIC: [8192] preg_replace(): The /e modifier is deprecated, use preg_replace_callback instead /Users/arthurmac/Sites/myProject/ThinkPHP/Lib/Template/ThinkTemplate.class.php 第 359 行.
NOTIC: [8192] preg_replace(): The /e modifier is deprecated, use preg_replace_callback instead /Users/arthurmac/Sites/myProject/ThinkPHP/Lib/Template/ThinkTemplate.class.php 第 359 行.
NOTIC: [8192] preg_replace(): The /e modifier is deprecated, use preg_replace_callback instead /Users/arthurmac/Sites/myProject/ThinkPHP/Lib/Template/ThinkTemplate.class.php 第 359 行.
NOTIC: [8192] preg_replace(): The /e modifier is deprecated, use preg_replace_callback instead /Users/arthurmac/Sites/myProject/ThinkPHP/Lib/Template/ThinkTemplate.class.php 第 359 行.
NOTIC: [8192] preg_replace(): The /e modifier is deprecated, use preg_replace_callback instead /Users/arthurmac/Sites/myProject/ThinkPHP/Lib/Template/ThinkTemplate.class.php 第 359 行.
NOTIC: [8192] preg_replace(): The /e modifier is deprecated, use preg_replace_callback instead /Users/arthurmac/Sites/myProject/ThinkPHP/Lib/Template/ThinkTemplate.class.php 第 359 行.
NOTIC: [8192] preg_replace(): The /e modifier is deprecated, use preg_replace_callback instead /Users/arthurmac/Sites/myProject/ThinkPHP/Lib/Template/ThinkTemplate.class.php 第 359 行.
NOTIC: [8192] preg_replace(): The /e modifier is deprecated, use preg_replace_callback instead /Users/arthurmac/Sites/myProject/ThinkPHP/Lib/Template/ThinkTemplate.class.php 第 359 行.
NOTIC: [8192] preg_replace(): The /e modifier is deprecated, use preg_replace_callback instead /Users/arthurmac/Sites/myProject/ThinkPHP/Lib/Template/ThinkTemplate.class.php 第 359 行.
NOTIC: [8192] preg_replace(): The /e modifier is deprecated, use preg_replace_callback instead /Users/arthurmac/Sites/myProject/ThinkPHP/Lib/Template/ThinkTemplate.class.php 第 359 行.
NOTIC: [8192] preg_replace(): The /e modifier is deprecated, use preg_replace_callback instead /Users/arthurmac/Sites/myProject/ThinkPHP/Lib/Template/ThinkTemplate.class.php 第 359 行.
NOTIC: [8192] preg_replace(): The /e modifier is deprecated, use preg_replace_callback instead /Users/arthurmac/Sites/myProject/ThinkPHP/Lib/Template/ThinkTemplate.class.php 第 359 行.
NOTIC: [8192] preg_replace(): The /e modifier is deprecated, use preg_replace_callback instead /Users/arthurmac/Sites/myProject/ThinkPHP/Lib/Template/ThinkTemplate.class.php 第 359 行.
NOTIC: [8192] preg_replace(): The /e modifier is deprecated, use preg_replace_callback instead /Users/arthurmac/Sites/myProject/ThinkPHP/Lib/Template/ThinkTemplate.class.php 第 359 行.
NOTIC: [8192] preg_replace(): The /e modifier is deprecated, use preg_replace_callback instead /Users/arthurmac/Sites/myProject/ThinkPHP/Lib/Template/ThinkTemplate.class.php 第 359 行.
NOTIC: [8192] preg_replace(): The /e modifier is deprecated, use preg_replace_callback instead /Users/arthurmac/Sites/myProject/ThinkPHP/Lib/Template/ThinkTemplate.class.php 第 359 行.
NOTIC: [8192] preg_replace(): The /e modifier is deprecated, use preg_replace_callback instead /Users/arthurmac/Sites/myProject/ThinkPHP/Lib/Template/ThinkTemplate.class.php 第 354 行.
NOTIC: [8192] preg_replace(): The /e modifier is deprecated, use preg_replace_callback instead /Users/arthurmac/Sites/myProject/ThinkPHP/Lib/Template/ThinkTemplate.class.php 第 354 行.
NOTIC: [8192] preg_replace(): The /e modifier is deprecated, use preg_replace_callback instead /Users/arthurmac/Sites/myProject/ThinkPHP/Lib/Template/ThinkTemplate.class.php 第 354 行.
NOTIC: [8192] preg_replace(): The /e modifier is deprecated, use preg_replace_callback instead /Users/arthurmac/Sites/myProject/ThinkPHP/Lib/Template/ThinkTemplate.class.php 第 354 行.
NOTIC: [8192] preg_replace(): The /e modifier is deprecated, use preg_replace_callback instead /Users/arthurmac/Sites/myProject/ThinkPHP/Lib/Template/ThinkTemplate.class.php 第 354 行.
NOTIC: [8192] preg_replace(): The /e modifier is deprecated, use preg_replace_callback instead /Users/arthurmac/Sites/myProject/ThinkPHP/Lib/Template/ThinkTemplate.class.php 第 354 行.
NOTIC: [8192] preg_replace(): The /e modifier is deprecated, use preg_replace_callback instead /Users/arthurmac/Sites/myProject/ThinkPHP/Lib/Template/ThinkTemplate.class.php 第 359 行.
NOTIC: [8192] preg_replace(): The /e modifier is deprecated, use preg_replace_callback instead /Users/arthurmac/Sites/myProject/ThinkPHP/Lib/Template/ThinkTemplate.class.php 第 359 行.
NOTIC: [8192] preg_replace(): The /e modifier is deprecated, use preg_replace_callback instead /Users/arthurmac/Sites/myProject/ThinkPHP/Lib/Template/ThinkTemplate.class.php 第 359 行.
NOTIC: [8192] preg_replace(): The /e modifier is deprecated, use preg_replace_callback instead /Users/arthurmac/Sites/myProject/ThinkPHP/Lib/Template/ThinkTemplate.class.php 第 193 行.
NOTIC: [8192] preg_replace(): The /e modifier is deprecated, use preg_replace_callback instead /Users/arthurmac/Sites/myProject/ThinkPHP/Lib/Template/ThinkTemplate.class.php 第 133 行.
INFO: Run ParseTemplate Behavior [ RunTime:-0.003262s ]
INFO: [ view_parse ] --END-- [ RunTime:0.023735s ]
INFO: [ view_filter ] --START--
INFO: Run ContentReplace Behavior [ RunTime:-0.027248s ]
INFO: Run TokenBuild Behavior [ RunTime:-0.027895s ]
INFO: Run WriteHtmlCache Behavior [ RunTime:-0.028733s ]
INFO: Run ShowRuntime Behavior [ RunTime:-0.029218s ]
INFO: [ view_filter ] --END-- [ RunTime:0.003652s ]
INFO: [ view_end ] --START--
INFO: Run ShowPageTrace Behavior [ RunTime:-0.031458s ]
INFO: [ view_end ] --END-- [ RunTime:0.001226s ]

[ 2017-08-05T00:07:30+08:00 ] 0.0.0.0 /~Arthur/myProject/
INFO: [ app_begin ] --START--
INFO: Run ReadHtmlCache Behavior [ RunTime:0.000784s ]
INFO: [ app_begin ] --END-- [ RunTime:0.001159s ]
INFO: [ view_template ] --START--
INFO: Run LocationTemplate Behavior [ RunTime:-0.001920s ]
INFO: [ view_template ] --END-- [ RunTime:0.000791s ]
INFO: [ view_parse ] --START--
NOTIC: [8192] preg_replace(): The /e modifier is deprecated, use preg_replace_callback instead /Users/arthurmac/Sites/myProject/ThinkPHP/Lib/Template/ThinkTemplate.class.php 第 164 行.
NOTIC: [8192] preg_replace(): The /e modifier is deprecated, use preg_replace_callback instead /Users/arthurmac/Sites/myProject/ThinkPHP/Lib/Template/ThinkTemplate.class.php 第 359 行.
NOTIC: [8192] preg_replace(): The /e modifier is deprecated, use preg_replace_callback instead /Users/arthurmac/Sites/myProject/ThinkPHP/Lib/Template/ThinkTemplate.class.php 第 359 行.
NOTIC: [8192] preg_replace(): The /e modifier is deprecated, use preg_replace_callback instead /Users/arthurmac/Sites/myProject/ThinkPHP/Lib/Template/ThinkTemplate.class.php 第 359 行.
NOTIC: [8192] preg_replace(): The /e modifier is deprecated, use preg_replace_callback instead /Users/arthurmac/Sites/myProject/ThinkPHP/Lib/Template/ThinkTemplate.class.php 第 359 行.
NOTIC: [8192] preg_replace(): The /e modifier is deprecated, use preg_replace_callback instead /Users/arthurmac/Sites/myProject/ThinkPHP/Lib/Template/ThinkTemplate.class.php 第 359 行.
NOTIC: [8192] preg_replace(): The /e modifier is deprecated, use preg_replace_callback instead /Users/arthurmac/Sites/myProject/ThinkPHP/Lib/Template/ThinkTemplate.class.php 第 359 行.
NOTIC: [8192] preg_replace(): The /e modifier is deprecated, use preg_replace_callback instead /Users/arthurmac/Sites/myProject/ThinkPHP/Lib/Template/ThinkTemplate.class.php 第 359 行.
NOTIC: [8192] preg_replace(): The /e modifier is deprecated, use preg_replace_callback instead /Users/arthurmac/Sites/myProject/ThinkPHP/Lib/Template/ThinkTemplate.class.php 第 359 行.
NOTIC: [8192] preg_replace(): The /e modifier is deprecated, use preg_replace_callback instead /Users/arthurmac/Sites/myProject/ThinkPHP/Lib/Template/ThinkTemplate.class.php 第 359 行.
NOTIC: [8192] preg_replace(): The /e modifier is deprecated, use preg_replace_callback instead /Users/arthurmac/Sites/myProject/ThinkPHP/Lib/Template/ThinkTemplate.class.php 第 359 行.
NOTIC: [8192] preg_replace(): The /e modifier is deprecated, use preg_replace_callback instead /Users/arthurmac/Sites/myProject/ThinkPHP/Lib/Template/ThinkTemplate.class.php 第 359 行.
NOTIC: [8192] preg_replace(): The /e modifier is deprecated, use preg_replace_callback instead /Users/arthurmac/Sites/myProject/ThinkPHP/Lib/Template/ThinkTemplate.class.php 第 359 行.
NOTIC: [8192] preg_replace(): The /e modifier is deprecated, use preg_replace_callback instead /Users/arthurmac/Sites/myProject/ThinkPHP/Lib/Template/ThinkTemplate.class.php 第 354 行.
NOTIC: [8192] preg_replace(): The /e modifier is deprecated, use preg_replace_callback instead /Users/arthurmac/Sites/myProject/ThinkPHP/Lib/Template/ThinkTemplate.class.php 第 354 行.
NOTIC: [8192] preg_replace(): The /e modifier is deprecated, use preg_replace_callback instead /Users/arthurmac/Sites/myProject/ThinkPHP/Lib/Template/ThinkTemplate.class.php 第 359 行.
NOTIC: [8192] preg_replace(): The /e modifier is deprecated, use preg_replace_callback instead /Users/arthurmac/Sites/myProject/ThinkPHP/Lib/Template/ThinkTemplate.class.php 第 359 行.
NOTIC: [8192] preg_replace(): The /e modifier is deprecated, use preg_replace_callback instead /Users/arthurmac/Sites/myProject/ThinkPHP/Lib/Template/ThinkTemplate.class.php 第 359 行.
NOTIC: [8192] preg_replace(): The /e modifier is deprecated, use preg_replace_callback instead /Users/arthurmac/Sites/myProject/ThinkPHP/Lib/Template/ThinkTemplate.class.php 第 354 行.
NOTIC: [8192] preg_replace(): The /e modifier is deprecated, use preg_replace_callback instead /Users/arthurmac/Sites/myProject/ThinkPHP/Lib/Template/ThinkTemplate.class.php 第 359 行.
NOTIC: [8192] preg_replace(): The /e modifier is deprecated, use preg_replace_callback instead /Users/arthurmac/Sites/myProject/ThinkPHP/Lib/Template/ThinkTemplate.class.php 第 359 行.
NOTIC: [8192] preg_replace(): The /e modifier is deprecated, use preg_replace_callback instead /Users/arthurmac/Sites/myProject/ThinkPHP/Lib/Template/ThinkTemplate.class.php 第 359 行.
NOTIC: [8192] preg_replace(): The /e modifier is deprecated, use preg_replace_callback instead /Users/arthurmac/Sites/myProject/ThinkPHP/Lib/Template/ThinkTemplate.class.php 第 359 行.
NOTIC: [8192] preg_replace(): The /e modifier is deprecated, use preg_replace_callback instead /Users/arthurmac/Sites/myProject/ThinkPHP/Lib/Template/ThinkTemplate.class.php 第 359 行.
NOTIC: [8192] preg_replace(): The /e modifier is deprecated, use preg_replace_callback instead /Users/arthurmac/Sites/myProject/ThinkPHP/Lib/Template/ThinkTemplate.class.php 第 359 行.
NOTIC: [8192] preg_replace(): The /e modifier is deprecated, use preg_replace_callback instead /Users/arthurmac/Sites/myProject/ThinkPHP/Lib/Template/ThinkTemplate.class.php 第 359 行.
NOTIC: [8192] preg_replace(): The /e modifier is deprecated, use preg_replace_callback instead /Users/arthurmac/Sites/myProject/ThinkPHP/Lib/Template/ThinkTemplate.class.php 第 359 行.
NOTIC: [8192] preg_replace(): The /e modifier is deprecated, use preg_replace_callback instead /Users/arthurmac/Sites/myProject/ThinkPHP/Lib/Template/ThinkTemplate.class.php 第 359 行.
NOTIC: [8192] preg_replace(): The /e modifier is deprecated, use preg_replace_callback instead /Users/arthurmac/Sites/myProject/ThinkPHP/Lib/Template/ThinkTemplate.class.php 第 359 行.
NOTIC: [8192] preg_replace(): The /e modifier is deprecated, use preg_replace_callback instead /Users/arthurmac/Sites/myProject/ThinkPHP/Lib/Template/ThinkTemplate.class.php 第 359 行.
NOTIC: [8192] preg_replace(): The /e modifier is deprecated, use preg_replace_callback instead /Users/arthurmac/Sites/myProject/ThinkPHP/Lib/Template/ThinkTemplate.class.php 第 359 行.
NOTIC: [8192] preg_replace(): The /e modifier is deprecated, use preg_replace_callback instead /Users/arthurmac/Sites/myProject/ThinkPHP/Lib/Template/ThinkTemplate.class.php 第 359 行.
NOTIC: [8192] preg_replace(): The /e modifier is deprecated, use preg_replace_callback instead /Users/arthurmac/Sites/myProject/ThinkPHP/Lib/Template/ThinkTemplate.class.php 第 359 行.
NOTIC: [8192] preg_replace(): The /e modifier is deprecated, use preg_replace_callback instead /Users/arthurmac/Sites/myProject/ThinkPHP/Lib/Template/ThinkTemplate.class.php 第 359 行.
NOTIC: [8192] preg_replace(): The /e modifier is deprecated, use preg_replace_callback instead /Users/arthurmac/Sites/myProject/ThinkPHP/Lib/Template/ThinkTemplate.class.php 第 359 行.
NOTIC: [8192] preg_replace(): The /e modifier is deprecated, use preg_replace_callback instead /Users/arthurmac/Sites/myProject/ThinkPHP/Lib/Template/ThinkTemplate.class.php 第 359 行.
NOTIC: [8192] preg_replace(): The /e modifier is deprecated, use preg_replace_callback instead /Users/arthurmac/Sites/myProject/ThinkPHP/Lib/Template/ThinkTemplate.class.php 第 359 行.
NOTIC: [8192] preg_replace(): The /e modifier is deprecated, use preg_replace_callback instead /Users/arthurmac/Sites/myProject/ThinkPHP/Lib/Template/ThinkTemplate.class.php 第 359 行.
NOTIC: [8192] preg_replace(): The /e modifier is deprecated, use preg_replace_callback instead /Users/arthurmac/Sites/myProject/ThinkPHP/Lib/Template/ThinkTemplate.class.php 第 359 行.
NOTIC: [8192] preg_replace(): The /e modifier is deprecated, use preg_replace_callback instead /Users/arthurmac/Sites/myProject/ThinkPHP/Lib/Template/ThinkTemplate.class.php 第 359 行.
NOTIC: [8192] preg_replace(): The /e modifier is deprecated, use preg_replace_callback instead /Users/arthurmac/Sites/myProject/ThinkPHP/Lib/Template/ThinkTemplate.class.php 第 359 行.
NOTIC: [8192] preg_replace(): The /e modifier is deprecated, use preg_replace_callback instead /Users/arthurmac/Sites/myProject/ThinkPHP/Lib/Template/ThinkTemplate.class.php 第 359 行.
NOTIC: [8192] preg_replace(): The /e modifier is deprecated, use preg_replace_callback instead /Users/arthurmac/Sites/myProject/ThinkPHP/Lib/Template/ThinkTemplate.class.php 第 359 行.
NOTIC: [8192] preg_replace(): The /e modifier is deprecated, use preg_replace_callback instead /Users/arthurmac/Sites/myProject/ThinkPHP/Lib/Template/ThinkTemplate.class.php 第 359 行.
NOTIC: [8192] preg_replace(): The /e modifier is deprecated, use preg_replace_callback instead /Users/arthurmac/Sites/myProject/ThinkPHP/Lib/Template/ThinkTemplate.class.php 第 359 行.
NOTIC: [8192] preg_replace(): The /e modifier is deprecated, use preg_replace_callback instead /Users/arthurmac/Sites/myProject/ThinkPHP/Lib/Template/ThinkTemplate.class.php 第 359 行.
NOTIC: [8192] preg_replace(): The /e modifier is deprecated, use preg_replace_callback instead /Users/arthurmac/Sites/myProject/ThinkPHP/Lib/Template/ThinkTemplate.class.php 第 359 行.
NOTIC: [8192] preg_replace(): The /e modifier is deprecated, use preg_replace_callback instead /Users/arthurmac/Sites/myProject/ThinkPHP/Lib/Template/ThinkTemplate.class.php 第 359 行.
NOTIC: [8192] preg_replace(): The /e modifier is deprecated, use preg_replace_callback instead /Users/arthurmac/Sites/myProject/ThinkPHP/Lib/Template/ThinkTemplate.class.php 第 359 行.
NOTIC: [8192] preg_replace(): The /e modifier is deprecated, use preg_replace_callback instead /Users/arthurmac/Sites/myProject/ThinkPHP/Lib/Template/ThinkTemplate.class.php 第 359 行.
NOTIC: [8192] preg_replace(): The /e modifier is deprecated, use preg_replace_callback instead /Users/arthurmac/Sites/myProject/ThinkPHP/Lib/Template/ThinkTemplate.class.php 第 359 行.
NOTIC: [8192] preg_replace(): The /e modifier is deprecated, use preg_replace_callback instead /Users/arthurmac/Sites/myProject/ThinkPHP/Lib/Template/ThinkTemplate.class.php 第 359 行.
NOTIC: [8192] preg_replace(): The /e modifier is deprecated, use preg_replace_callback instead /Users/arthurmac/Sites/myProject/ThinkPHP/Lib/Template/ThinkTemplate.class.php 第 359 行.
NOTIC: [8192] preg_replace(): The /e modifier is deprecated, use preg_replace_callback instead /Users/arthurmac/Sites/myProject/ThinkPHP/Lib/Template/ThinkTemplate.class.php 第 359 行.
NOTIC: [8192] preg_replace(): The /e modifier is deprecated, use preg_replace_callback instead /Users/arthurmac/Sites/myProject/ThinkPHP/Lib/Template/ThinkTemplate.class.php 第 359 行.
NOTIC: [8192] preg_replace(): The /e modifier is deprecated, use preg_replace_callback instead /Users/arthurmac/Sites/myProject/ThinkPHP/Lib/Template/ThinkTemplate.class.php 第 359 行.
NOTIC: [8192] preg_replace(): The /e modifier is deprecated, use preg_replace_callback instead /Users/arthurmac/Sites/myProject/ThinkPHP/Lib/Template/ThinkTemplate.class.php 第 359 行.
NOTIC: [8192] preg_replace(): The /e modifier is deprecated, use preg_replace_callback instead /Users/arthurmac/Sites/myProject/ThinkPHP/Lib/Template/ThinkTemplate.class.php 第 359 行.
NOTIC: [8192] preg_replace(): The /e modifier is deprecated, use preg_replace_callback instead /Users/arthurmac/Sites/myProject/ThinkPHP/Lib/Template/ThinkTemplate.class.php 第 359 行.
NOTIC: [8192] preg_replace(): The /e modifier is deprecated, use preg_replace_callback instead /Users/arthurmac/Sites/myProject/ThinkPHP/Lib/Template/ThinkTemplate.class.php 第 359 行.
NOTIC: [8192] preg_replace(): The /e modifier is deprecated, use preg_replace_callback instead /Users/arthurmac/Sites/myProject/ThinkPHP/Lib/Template/ThinkTemplate.class.php 第 359 行.
NOTIC: [8192] preg_replace(): The /e modifier is deprecated, use preg_replace_callback instead /Users/arthurmac/Sites/myProject/ThinkPHP/Lib/Template/ThinkTemplate.class.php 第 359 行.
NOTIC: [8192] preg_replace(): The /e modifier is deprecated, use preg_replace_callback instead /Users/arthurmac/Sites/myProject/ThinkPHP/Lib/Template/ThinkTemplate.class.php 第 359 行.
NOTIC: [8192] preg_replace(): The /e modifier is deprecated, use preg_replace_callback instead /Users/arthurmac/Sites/myProject/ThinkPHP/Lib/Template/ThinkTemplate.class.php 第 359 行.
NOTIC: [8192] preg_replace(): The /e modifier is deprecated, use preg_replace_callback instead /Users/arthurmac/Sites/myProject/ThinkPHP/Lib/Template/ThinkTemplate.class.php 第 359 行.
NOTIC: [8192] preg_replace(): The /e modifier is deprecated, use preg_replace_callback instead /Users/arthurmac/Sites/myProject/ThinkPHP/Lib/Template/ThinkTemplate.class.php 第 359 行.
NOTIC: [8192] preg_replace(): The /e modifier is deprecated, use preg_replace_callback instead /Users/arthurmac/Sites/myProject/ThinkPHP/Lib/Template/ThinkTemplate.class.php 第 359 行.
NOTIC: [8192] preg_replace(): The /e modifier is deprecated, use preg_replace_callback instead /Users/arthurmac/Sites/myProject/ThinkPHP/Lib/Template/ThinkTemplate.class.php 第 359 行.
NOTIC: [8192] preg_replace(): The /e modifier is deprecated, use preg_replace_callback instead /Users/arthurmac/Sites/myProject/ThinkPHP/Lib/Template/ThinkTemplate.class.php 第 359 行.
NOTIC: [8192] preg_replace(): The /e modifier is deprecated, use preg_replace_callback instead /Users/arthurmac/Sites/myProject/ThinkPHP/Lib/Template/ThinkTemplate.class.php 第 359 行.
NOTIC: [8192] preg_replace(): The /e modifier is deprecated, use preg_replace_callback instead /Users/arthurmac/Sites/myProject/ThinkPHP/Lib/Template/ThinkTemplate.class.php 第 359 行.
NOTIC: [8192] preg_replace(): The /e modifier is deprecated, use preg_replace_callback instead /Users/arthurmac/Sites/myProject/ThinkPHP/Lib/Template/ThinkTemplate.class.php 第 359 行.
NOTIC: [8192] preg_replace(): The /e modifier is deprecated, use preg_replace_callback instead /Users/arthurmac/Sites/myProject/ThinkPHP/Lib/Template/ThinkTemplate.class.php 第 359 行.
NOTIC: [8192] preg_replace(): The /e modifier is deprecated, use preg_replace_callback instead /Users/arthurmac/Sites/myProject/ThinkPHP/Lib/Template/ThinkTemplate.class.php 第 359 行.
NOTIC: [8192] preg_replace(): The /e modifier is deprecated, use preg_replace_callback instead /Users/arthurmac/Sites/myProject/ThinkPHP/Lib/Template/ThinkTemplate.class.php 第 359 行.
NOTIC: [8192] preg_replace(): The /e modifier is deprecated, use preg_replace_callback instead /Users/arthurmac/Sites/myProject/ThinkPHP/Lib/Template/ThinkTemplate.class.php 第 359 行.
NOTIC: [8192] preg_replace(): The /e modifier is deprecated, use preg_replace_callback instead /Users/arthurmac/Sites/myProject/ThinkPHP/Lib/Template/ThinkTemplate.class.php 第 359 行.
NOTIC: [8192] preg_replace(): The /e modifier is deprecated, use preg_replace_callback instead /Users/arthurmac/Sites/myProject/ThinkPHP/Lib/Template/ThinkTemplate.class.php 第 359 行.
NOTIC: [8192] preg_replace(): The /e modifier is deprecated, use preg_replace_callback instead /Users/arthurmac/Sites/myProject/ThinkPHP/Lib/Template/ThinkTemplate.class.php 第 359 行.
NOTIC: [8192] preg_replace(): The /e modifier is deprecated, use preg_replace_callback instead /Users/arthurmac/Sites/myProject/ThinkPHP/Lib/Template/ThinkTemplate.class.php 第 359 行.
NOTIC: [8192] preg_replace(): The /e modifier is deprecated, use preg_replace_callback instead /Users/arthurmac/Sites/myProject/ThinkPHP/Lib/Template/ThinkTemplate.class.php 第 359 行.
NOTIC: [8192] preg_replace(): The /e modifier is deprecated, use preg_replace_callback instead /Users/arthurmac/Sites/myProject/ThinkPHP/Lib/Template/ThinkTemplate.class.php 第 359 行.
NOTIC: [8192] preg_replace(): The /e modifier is deprecated, use preg_replace_callback instead /Users/arthurmac/Sites/myProject/ThinkPHP/Lib/Template/ThinkTemplate.class.php 第 359 行.
NOTIC: [8192] preg_replace(): The /e modifier is deprecated, use preg_replace_callback instead /Users/arthurmac/Sites/myProject/ThinkPHP/Lib/Template/ThinkTemplate.class.php 第 359 行.
NOTIC: [8192] preg_replace(): The /e modifier is deprecated, use preg_replace_callback instead /Users/arthurmac/Sites/myProject/ThinkPHP/Lib/Template/ThinkTemplate.class.php 第 359 行.
NOTIC: [8192] preg_replace(): The /e modifier is deprecated, use preg_replace_callback instead /Users/arthurmac/Sites/myProject/ThinkPHP/Lib/Template/ThinkTemplate.class.php 第 354 行.
NOTIC: [8192] preg_replace(): The /e modifier is deprecated, use preg_replace_callback instead /Users/arthurmac/Sites/myProject/ThinkPHP/Lib/Template/ThinkTemplate.class.php 第 354 行.
NOTIC: [8192] preg_replace(): The /e modifier is deprecated, use preg_replace_callback instead /Users/arthurmac/Sites/myProject/ThinkPHP/Lib/Template/ThinkTemplate.class.php 第 354 行.
NOTIC: [8192] preg_replace(): The /e modifier is deprecated, use preg_replace_callback instead /Users/arthurmac/Sites/myProject/ThinkPHP/Lib/Template/ThinkTemplate.class.php 第 354 行.
NOTIC: [8192] preg_replace(): The /e modifier is deprecated, use preg_replace_callback instead /Users/arthurmac/Sites/myProject/ThinkPHP/Lib/Template/ThinkTemplate.class.php 第 354 行.
NOTIC: [8192] preg_replace(): The /e modifier is deprecated, use preg_replace_callback instead /Users/arthurmac/Sites/myProject/ThinkPHP/Lib/Template/ThinkTemplate.class.php 第 354 行.
NOTIC: [8192] preg_replace(): The /e modifier is deprecated, use preg_replace_callback instead /Users/arthurmac/Sites/myProject/ThinkPHP/Lib/Template/ThinkTemplate.class.php 第 359 行.
NOTIC: [8192] preg_replace(): The /e modifier is deprecated, use preg_replace_callback instead /Users/arthurmac/Sites/myProject/ThinkPHP/Lib/Template/ThinkTemplate.class.php 第 359 行.
NOTIC: [8192] preg_replace(): The /e modifier is deprecated, use preg_replace_callback instead /Users/arthurmac/Sites/myProject/ThinkPHP/Lib/Template/ThinkTemplate.class.php 第 359 行.
NOTIC: [8192] preg_replace(): The /e modifier is deprecated, use preg_replace_callback instead /Users/arthurmac/Sites/myProject/ThinkPHP/Lib/Template/ThinkTemplate.class.php 第 193 行.
NOTIC: [8192] preg_replace(): The /e modifier is deprecated, use preg_replace_callback instead /Users/arthurmac/Sites/myProject/ThinkPHP/Lib/Template/ThinkTemplate.class.php 第 133 行.
INFO: Run ParseTemplate Behavior [ RunTime:-0.003089s ]
INFO: [ view_parse ] --END-- [ RunTime:0.027109s ]
INFO: [ view_filter ] --START--
INFO: Run ContentReplace Behavior [ RunTime:-0.030513s ]
INFO: Run TokenBuild Behavior [ RunTime:-0.031300s ]
INFO: Run WriteHtmlCache Behavior [ RunTime:-0.032163s ]
INFO: Run ShowRuntime Behavior [ RunTime:-0.032625s ]
INFO: [ view_filter ] --END-- [ RunTime:0.003400s ]
INFO: [ view_end ] --START--
INFO: Run ShowPageTrace Behavior [ RunTime:-0.034397s ]
INFO: [ view_end ] --END-- [ RunTime:0.001026s ]

[ 2017-08-05T00:07:57+08:00 ] 0.0.0.0 /~Arthur/myProject/
INFO: [ app_begin ] --START--
INFO: Run ReadHtmlCache Behavior [ RunTime:0.000740s ]
INFO: [ app_begin ] --END-- [ RunTime:0.001120s ]
INFO: [ view_template ] --START--
INFO: Run LocationTemplate Behavior [ RunTime:-0.002073s ]
INFO: [ view_template ] --END-- [ RunTime:0.000721s ]
INFO: [ view_parse ] --START--
NOTIC: [8192] preg_replace(): The /e modifier is deprecated, use preg_replace_callback instead /Users/arthurmac/Sites/myProject/ThinkPHP/Lib/Template/ThinkTemplate.class.php 第 164 行.
NOTIC: [8192] preg_replace(): The /e modifier is deprecated, use preg_replace_callback instead /Users/arthurmac/Sites/myProject/ThinkPHP/Lib/Template/ThinkTemplate.class.php 第 359 行.
NOTIC: [8192] preg_replace(): The /e modifier is deprecated, use preg_replace_callback instead /Users/arthurmac/Sites/myProject/ThinkPHP/Lib/Template/ThinkTemplate.class.php 第 359 行.
NOTIC: [8192] preg_replace(): The /e modifier is deprecated, use preg_replace_callback instead /Users/arthurmac/Sites/myProject/ThinkPHP/Lib/Template/ThinkTemplate.class.php 第 359 行.
NOTIC: [8192] preg_replace(): The /e modifier is deprecated, use preg_replace_callback instead /Users/arthurmac/Sites/myProject/ThinkPHP/Lib/Template/ThinkTemplate.class.php 第 359 行.
NOTIC: [8192] preg_replace(): The /e modifier is deprecated, use preg_replace_callback instead /Users/arthurmac/Sites/myProject/ThinkPHP/Lib/Template/ThinkTemplate.class.php 第 359 行.
NOTIC: [8192] preg_replace(): The /e modifier is deprecated, use preg_replace_callback instead /Users/arthurmac/Sites/myProject/ThinkPHP/Lib/Template/ThinkTemplate.class.php 第 359 行.
NOTIC: [8192] preg_replace(): The /e modifier is deprecated, use preg_replace_callback instead /Users/arthurmac/Sites/myProject/ThinkPHP/Lib/Template/ThinkTemplate.class.php 第 359 行.
NOTIC: [8192] preg_replace(): The /e modifier is deprecated, use preg_replace_callback instead /Users/arthurmac/Sites/myProject/ThinkPHP/Lib/Template/ThinkTemplate.class.php 第 359 行.
NOTIC: [8192] preg_replace(): The /e modifier is deprecated, use preg_replace_callback instead /Users/arthurmac/Sites/myProject/ThinkPHP/Lib/Template/ThinkTemplate.class.php 第 359 行.
NOTIC: [8192] preg_replace(): The /e modifier is deprecated, use preg_replace_callback instead /Users/arthurmac/Sites/myProject/ThinkPHP/Lib/Template/ThinkTemplate.class.php 第 359 行.
NOTIC: [8192] preg_replace(): The /e modifier is deprecated, use preg_replace_callback instead /Users/arthurmac/Sites/myProject/ThinkPHP/Lib/Template/ThinkTemplate.class.php 第 359 行.
NOTIC: [8192] preg_replace(): The /e modifier is deprecated, use preg_replace_callback instead /Users/arthurmac/Sites/myProject/ThinkPHP/Lib/Template/ThinkTemplate.class.php 第 359 行.
NOTIC: [8192] preg_replace(): The /e modifier is deprecated, use preg_replace_callback instead /Users/arthurmac/Sites/myProject/ThinkPHP/Lib/Template/ThinkTemplate.class.php 第 354 行.
NOTIC: [8192] preg_replace(): The /e modifier is deprecated, use preg_replace_callback instead /Users/arthurmac/Sites/myProject/ThinkPHP/Lib/Template/ThinkTemplate.class.php 第 354 行.
NOTIC: [8192] preg_replace(): The /e modifier is deprecated, use preg_replace_callback instead /Users/arthurmac/Sites/myProject/ThinkPHP/Lib/Template/ThinkTemplate.class.php 第 359 行.
NOTIC: [8192] preg_replace(): The /e modifier is deprecated, use preg_replace_callback instead /Users/arthurmac/Sites/myProject/ThinkPHP/Lib/Template/ThinkTemplate.class.php 第 359 行.
NOTIC: [8192] preg_replace(): The /e modifier is deprecated, use preg_replace_callback instead /Users/arthurmac/Sites/myProject/ThinkPHP/Lib/Template/ThinkTemplate.class.php 第 359 行.
NOTIC: [8192] preg_replace(): The /e modifier is deprecated, use preg_replace_callback instead /Users/arthurmac/Sites/myProject/ThinkPHP/Lib/Template/ThinkTemplate.class.php 第 354 行.
NOTIC: [8192] preg_replace(): The /e modifier is deprecated, use preg_replace_callback instead /Users/arthurmac/Sites/myProject/ThinkPHP/Lib/Template/ThinkTemplate.class.php 第 359 行.
NOTIC: [8192] preg_replace(): The /e modifier is deprecated, use preg_replace_callback instead /Users/arthurmac/Sites/myProject/ThinkPHP/Lib/Template/ThinkTemplate.class.php 第 359 行.
NOTIC: [8192] preg_replace(): The /e modifier is deprecated, use preg_replace_callback instead /Users/arthurmac/Sites/myProject/ThinkPHP/Lib/Template/ThinkTemplate.class.php 第 359 行.
NOTIC: [8192] preg_replace(): The /e modifier is deprecated, use preg_replace_callback instead /Users/arthurmac/Sites/myProject/ThinkPHP/Lib/Template/ThinkTemplate.class.php 第 359 行.
NOTIC: [8192] preg_replace(): The /e modifier is deprecated, use preg_replace_callback instead /Users/arthurmac/Sites/myProject/ThinkPHP/Lib/Template/ThinkTemplate.class.php 第 359 行.
NOTIC: [8192] preg_replace(): The /e modifier is deprecated, use preg_replace_callback instead /Users/arthurmac/Sites/myProject/ThinkPHP/Lib/Template/ThinkTemplate.class.php 第 359 行.
NOTIC: [8192] preg_replace(): The /e modifier is deprecated, use preg_replace_callback instead /Users/arthurmac/Sites/myProject/ThinkPHP/Lib/Template/ThinkTemplate.class.php 第 359 行.
NOTIC: [8192] preg_replace(): The /e modifier is deprecated, use preg_replace_callback instead /Users/arthurmac/Sites/myProject/ThinkPHP/Lib/Template/ThinkTemplate.class.php 第 359 行.
NOTIC: [8192] preg_replace(): The /e modifier is deprecated, use preg_replace_callback instead /Users/arthurmac/Sites/myProject/ThinkPHP/Lib/Template/ThinkTemplate.class.php 第 359 行.
NOTIC: [8192] preg_replace(): The /e modifier is deprecated, use preg_replace_callback instead /Users/arthurmac/Sites/myProject/ThinkPHP/Lib/Template/ThinkTemplate.class.php 第 359 行.
NOTIC: [8192] preg_replace(): The /e modifier is deprecated, use preg_replace_callback instead /Users/arthurmac/Sites/myProject/ThinkPHP/Lib/Template/ThinkTemplate.class.php 第 359 行.
NOTIC: [8192] preg_replace(): The /e modifier is deprecated, use preg_replace_callback instead /Users/arthurmac/Sites/myProject/ThinkPHP/Lib/Template/ThinkTemplate.class.php 第 359 行.
NOTIC: [8192] preg_replace(): The /e modifier is deprecated, use preg_replace_callback instead /Users/arthurmac/Sites/myProject/ThinkPHP/Lib/Template/ThinkTemplate.class.php 第 359 行.
NOTIC: [8192] preg_replace(): The /e modifier is deprecated, use preg_replace_callback instead /Users/arthurmac/Sites/myProject/ThinkPHP/Lib/Template/ThinkTemplate.class.php 第 359 行.
NOTIC: [8192] preg_replace(): The /e modifier is deprecated, use preg_replace_callback instead /Users/arthurmac/Sites/myProject/ThinkPHP/Lib/Template/ThinkTemplate.class.php 第 359 行.
NOTIC: [8192] preg_replace(): The /e modifier is deprecated, use preg_replace_callback instead /Users/arthurmac/Sites/myProject/ThinkPHP/Lib/Template/ThinkTemplate.class.php 第 359 行.
NOTIC: [8192] preg_replace(): The /e modifier is deprecated, use preg_replace_callback instead /Users/arthurmac/Sites/myProject/ThinkPHP/Lib/Template/ThinkTemplate.class.php 第 359 行.
NOTIC: [8192] preg_replace(): The /e modifier is deprecated, use preg_replace_callback instead /Users/arthurmac/Sites/myProject/ThinkPHP/Lib/Template/ThinkTemplate.class.php 第 359 行.
NOTIC: [8192] preg_replace(): The /e modifier is deprecated, use preg_replace_callback instead /Users/arthurmac/Sites/myProject/ThinkPHP/Lib/Template/ThinkTemplate.class.php 第 359 行.
NOTIC: [8192] preg_replace(): The /e modifier is deprecated, use preg_replace_callback instead /Users/arthurmac/Sites/myProject/ThinkPHP/Lib/Template/ThinkTemplate.class.php 第 359 行.
NOTIC: [8192] preg_replace(): The /e modifier is deprecated, use preg_replace_callback instead /Users/arthurmac/Sites/myProject/ThinkPHP/Lib/Template/ThinkTemplate.class.php 第 359 行.
NOTIC: [8192] preg_replace(): The /e modifier is deprecated, use preg_replace_callback instead /Users/arthurmac/Sites/myProject/ThinkPHP/Lib/Template/ThinkTemplate.class.php 第 359 行.
NOTIC: [8192] preg_replace(): The /e modifier is deprecated, use preg_replace_callback instead /Users/arthurmac/Sites/myProject/ThinkPHP/Lib/Template/ThinkTemplate.class.php 第 359 行.
NOTIC: [8192] preg_replace(): The /e modifier is deprecated, use preg_replace_callback instead /Users/arthurmac/Sites/myProject/ThinkPHP/Lib/Template/ThinkTemplate.class.php 第 359 行.
NOTIC: [8192] preg_replace(): The /e modifier is deprecated, use preg_replace_callback instead /Users/arthurmac/Sites/myProject/ThinkPHP/Lib/Template/ThinkTemplate.class.php 第 359 行.
NOTIC: [8192] preg_replace(): The /e modifier is deprecated, use preg_replace_callback instead /Users/arthurmac/Sites/myProject/ThinkPHP/Lib/Template/ThinkTemplate.class.php 第 359 行.
NOTIC: [8192] preg_replace(): The /e modifier is deprecated, use preg_replace_callback instead /Users/arthurmac/Sites/myProject/ThinkPHP/Lib/Template/ThinkTemplate.class.php 第 359 行.
NOTIC: [8192] preg_replace(): The /e modifier is deprecated, use preg_replace_callback instead /Users/arthurmac/Sites/myProject/ThinkPHP/Lib/Template/ThinkTemplate.class.php 第 359 行.
NOTIC: [8192] preg_replace(): The /e modifier is deprecated, use preg_replace_callback instead /Users/arthurmac/Sites/myProject/ThinkPHP/Lib/Template/ThinkTemplate.class.php 第 359 行.
NOTIC: [8192] preg_replace(): The /e modifier is deprecated, use preg_replace_callback instead /Users/arthurmac/Sites/myProject/ThinkPHP/Lib/Template/ThinkTemplate.class.php 第 359 行.
NOTIC: [8192] preg_replace(): The /e modifier is deprecated, use preg_replace_callback instead /Users/arthurmac/Sites/myProject/ThinkPHP/Lib/Template/ThinkTemplate.class.php 第 359 行.
NOTIC: [8192] preg_replace(): The /e modifier is deprecated, use preg_replace_callback instead /Users/arthurmac/Sites/myProject/ThinkPHP/Lib/Template/ThinkTemplate.class.php 第 359 行.
NOTIC: [8192] preg_replace(): The /e modifier is deprecated, use preg_replace_callback instead /Users/arthurmac/Sites/myProject/ThinkPHP/Lib/Template/ThinkTemplate.class.php 第 359 行.
NOTIC: [8192] preg_replace(): The /e modifier is deprecated, use preg_replace_callback instead /Users/arthurmac/Sites/myProject/ThinkPHP/Lib/Template/ThinkTemplate.class.php 第 359 行.
NOTIC: [8192] preg_replace(): The /e modifier is deprecated, use preg_replace_callback instead /Users/arthurmac/Sites/myProject/ThinkPHP/Lib/Template/ThinkTemplate.class.php 第 359 行.
NOTIC: [8192] preg_replace(): The /e modifier is deprecated, use preg_replace_callback instead /Users/arthurmac/Sites/myProject/ThinkPHP/Lib/Template/ThinkTemplate.class.php 第 359 行.
NOTIC: [8192] preg_replace(): The /e modifier is deprecated, use preg_replace_callback instead /Users/arthurmac/Sites/myProject/ThinkPHP/Lib/Template/ThinkTemplate.class.php 第 359 行.
NOTIC: [8192] preg_replace(): The /e modifier is deprecated, use preg_replace_callback instead /Users/arthurmac/Sites/myProject/ThinkPHP/Lib/Template/ThinkTemplate.class.php 第 359 行.
NOTIC: [8192] preg_replace(): The /e modifier is deprecated, use preg_replace_callback instead /Users/arthurmac/Sites/myProject/ThinkPHP/Lib/Template/ThinkTemplate.class.php 第 359 行.
NOTIC: [8192] preg_replace(): The /e modifier is deprecated, use preg_replace_callback instead /Users/arthurmac/Sites/myProject/ThinkPHP/Lib/Template/ThinkTemplate.class.php 第 359 行.
NOTIC: [8192] preg_replace(): The /e modifier is deprecated, use preg_replace_callback instead /Users/arthurmac/Sites/myProject/ThinkPHP/Lib/Template/ThinkTemplate.class.php 第 359 行.
NOTIC: [8192] preg_replace(): The /e modifier is deprecated, use preg_replace_callback instead /Users/arthurmac/Sites/myProject/ThinkPHP/Lib/Template/ThinkTemplate.class.php 第 359 行.
NOTIC: [8192] preg_replace(): The /e modifier is deprecated, use preg_replace_callback instead /Users/arthurmac/Sites/myProject/ThinkPHP/Lib/Template/ThinkTemplate.class.php 第 359 行.
NOTIC: [8192] preg_replace(): The /e modifier is deprecated, use preg_replace_callback instead /Users/arthurmac/Sites/myProject/ThinkPHP/Lib/Template/ThinkTemplate.class.php 第 359 行.
NOTIC: [8192] preg_replace(): The /e modifier is deprecated, use preg_replace_callback instead /Users/arthurmac/Sites/myProject/ThinkPHP/Lib/Template/ThinkTemplate.class.php 第 359 行.
NOTIC: [8192] preg_replace(): The /e modifier is deprecated, use preg_replace_callback instead /Users/arthurmac/Sites/myProject/ThinkPHP/Lib/Template/ThinkTemplate.class.php 第 359 行.
NOTIC: [8192] preg_replace(): The /e modifier is deprecated, use preg_replace_callback instead /Users/arthurmac/Sites/myProject/ThinkPHP/Lib/Template/ThinkTemplate.class.php 第 359 行.
NOTIC: [8192] preg_replace(): The /e modifier is deprecated, use preg_replace_callback instead /Users/arthurmac/Sites/myProject/ThinkPHP/Lib/Template/ThinkTemplate.class.php 第 359 行.
NOTIC: [8192] preg_replace(): The /e modifier is deprecated, use preg_replace_callback instead /Users/arthurmac/Sites/myProject/ThinkPHP/Lib/Template/ThinkTemplate.class.php 第 359 行.
NOTIC: [8192] preg_replace(): The /e modifier is deprecated, use preg_replace_callback instead /Users/arthurmac/Sites/myProject/ThinkPHP/Lib/Template/ThinkTemplate.class.php 第 359 行.
NOTIC: [8192] preg_replace(): The /e modifier is deprecated, use preg_replace_callback instead /Users/arthurmac/Sites/myProject/ThinkPHP/Lib/Template/ThinkTemplate.class.php 第 359 行.
NOTIC: [8192] preg_replace(): The /e modifier is deprecated, use preg_replace_callback instead /Users/arthurmac/Sites/myProject/ThinkPHP/Lib/Template/ThinkTemplate.class.php 第 359 行.
NOTIC: [8192] preg_replace(): The /e modifier is deprecated, use preg_replace_callback instead /Users/arthurmac/Sites/myProject/ThinkPHP/Lib/Template/ThinkTemplate.class.php 第 359 行.
NOTIC: [8192] preg_replace(): The /e modifier is deprecated, use preg_replace_callback instead /Users/arthurmac/Sites/myProject/ThinkPHP/Lib/Template/ThinkTemplate.class.php 第 359 行.
NOTIC: [8192] preg_replace(): The /e modifier is deprecated, use preg_replace_callback instead /Users/arthurmac/Sites/myProject/ThinkPHP/Lib/Template/ThinkTemplate.class.php 第 359 行.
NOTIC: [8192] preg_replace(): The /e modifier is deprecated, use preg_replace_callback instead /Users/arthurmac/Sites/myProject/ThinkPHP/Lib/Template/ThinkTemplate.class.php 第 359 行.
NOTIC: [8192] preg_replace(): The /e modifier is deprecated, use preg_replace_callback instead /Users/arthurmac/Sites/myProject/ThinkPHP/Lib/Template/ThinkTemplate.class.php 第 359 行.
NOTIC: [8192] preg_replace(): The /e modifier is deprecated, use preg_replace_callback instead /Users/arthurmac/Sites/myProject/ThinkPHP/Lib/Template/ThinkTemplate.class.php 第 359 行.
NOTIC: [8192] preg_replace(): The /e modifier is deprecated, use preg_replace_callback instead /Users/arthurmac/Sites/myProject/ThinkPHP/Lib/Template/ThinkTemplate.class.php 第 359 行.
NOTIC: [8192] preg_replace(): The /e modifier is deprecated, use preg_replace_callback instead /Users/arthurmac/Sites/myProject/ThinkPHP/Lib/Template/ThinkTemplate.class.php 第 359 行.
NOTIC: [8192] preg_replace(): The /e modifier is deprecated, use preg_replace_callback instead /Users/arthurmac/Sites/myProject/ThinkPHP/Lib/Template/ThinkTemplate.class.php 第 359 行.
NOTIC: [8192] preg_replace(): The /e modifier is deprecated, use preg_replace_callback instead /Users/arthurmac/Sites/myProject/ThinkPHP/Lib/Template/ThinkTemplate.class.php 第 359 行.
NOTIC: [8192] preg_replace(): The /e modifier is deprecated, use preg_replace_callback instead /Users/arthurmac/Sites/myProject/ThinkPHP/Lib/Template/ThinkTemplate.class.php 第 359 行.
NOTIC: [8192] preg_replace(): The /e modifier is deprecated, use preg_replace_callback instead /Users/arthurmac/Sites/myProject/ThinkPHP/Lib/Template/ThinkTemplate.class.php 第 359 行.
NOTIC: [8192] preg_replace(): The /e modifier is deprecated, use preg_replace_callback instead /Users/arthurmac/Sites/myProject/ThinkPHP/Lib/Template/ThinkTemplate.class.php 第 359 行.
NOTIC: [8192] preg_replace(): The /e modifier is deprecated, use preg_replace_callback instead /Users/arthurmac/Sites/myProject/ThinkPHP/Lib/Template/ThinkTemplate.class.php 第 359 行.
NOTIC: [8192] preg_replace(): The /e modifier is deprecated, use preg_replace_callback instead /Users/arthurmac/Sites/myProject/ThinkPHP/Lib/Template/ThinkTemplate.class.php 第 354 行.
NOTIC: [8192] preg_replace(): The /e modifier is deprecated, use preg_replace_callback instead /Users/arthurmac/Sites/myProject/ThinkPHP/Lib/Template/ThinkTemplate.class.php 第 354 行.
NOTIC: [8192] preg_replace(): The /e modifier is deprecated, use preg_replace_callback instead /Users/arthurmac/Sites/myProject/ThinkPHP/Lib/Template/ThinkTemplate.class.php 第 354 行.
NOTIC: [8192] preg_replace(): The /e modifier is deprecated, use preg_replace_callback instead /Users/arthurmac/Sites/myProject/ThinkPHP/Lib/Template/ThinkTemplate.class.php 第 354 行.
NOTIC: [8192] preg_replace(): The /e modifier is deprecated, use preg_replace_callback instead /Users/arthurmac/Sites/myProject/ThinkPHP/Lib/Template/ThinkTemplate.class.php 第 354 行.
NOTIC: [8192] preg_replace(): The /e modifier is deprecated, use preg_replace_callback instead /Users/arthurmac/Sites/myProject/ThinkPHP/Lib/Template/ThinkTemplate.class.php 第 354 行.
NOTIC: [8192] preg_replace(): The /e modifier is deprecated, use preg_replace_callback instead /Users/arthurmac/Sites/myProject/ThinkPHP/Lib/Template/ThinkTemplate.class.php 第 359 行.
NOTIC: [8192] preg_replace(): The /e modifier is deprecated, use preg_replace_callback instead /Users/arthurmac/Sites/myProject/ThinkPHP/Lib/Template/ThinkTemplate.class.php 第 359 行.
NOTIC: [8192] preg_replace(): The /e modifier is deprecated, use preg_replace_callback instead /Users/arthurmac/Sites/myProject/ThinkPHP/Lib/Template/ThinkTemplate.class.php 第 359 行.
NOTIC: [8192] preg_replace(): The /e modifier is deprecated, use preg_replace_callback instead /Users/arthurmac/Sites/myProject/ThinkPHP/Lib/Template/ThinkTemplate.class.php 第 193 行.
NOTIC: [8192] preg_replace(): The /e modifier is deprecated, use preg_replace_callback instead /Users/arthurmac/Sites/myProject/ThinkPHP/Lib/Template/ThinkTemplate.class.php 第 133 行.
INFO: Run ParseTemplate Behavior [ RunTime:-0.003169s ]
INFO: [ view_parse ] --END-- [ RunTime:0.024497s ]
INFO: [ view_filter ] --START--
INFO: Run ContentReplace Behavior [ RunTime:-0.027987s ]
INFO: Run TokenBuild Behavior [ RunTime:-0.028737s ]
INFO: Run WriteHtmlCache Behavior [ RunTime:-0.029611s ]
INFO: Run ShowRuntime Behavior [ RunTime:-0.030076s ]
INFO: [ view_filter ] --END-- [ RunTime:0.003389s ]
INFO: [ view_end ] --START--
INFO: Run ShowPageTrace Behavior [ RunTime:-0.031872s ]
INFO: [ view_end ] --END-- [ RunTime:0.001045s ]

