[ 2017-08-04T23:19:11+08:00 ] 0.0.0.0 /myProject/
INFO: [ app_begin ] --START--
INFO: Run ReadHtmlCache Behavior [ RunTime:0.000748s ]
INFO: [ app_begin ] --END-- [ RunTime:0.001127s ]
INFO: [ view_template ] --START--
INFO: Run LocationTemplate Behavior [ RunTime:-0.001966s ]
INFO: [ view_template ] --END-- [ RunTime:0.000789s ]
INFO: [ view_parse ] --START--
NOTIC: [8192] preg_replace(): The /e modifier is deprecated, use preg_replace_callback instead /Users/arthurmac/Sites/myProject/ThinkPHP/Lib/Template/ThinkTemplate.class.php 第 164 行.
NOTIC: [8192] preg_replace(): The /e modifier is deprecated, use preg_replace_callback instead /Users/arthurmac/Sites/myProject/ThinkPHP/Lib/Template/ThinkTemplate.class.php 第 359 行.
NOTIC: [8192] preg_replace(): The /e modifier is deprecated, use preg_replace_callback instead /Users/arthurmac/Sites/myProject/ThinkPHP/Lib/Template/ThinkTemplate.class.php 第 359 行.
NOTIC: [8192] preg_replace(): The /e modifier is deprecated, use preg_replace_callback instead /Users/arthurmac/Sites/myProject/ThinkPHP/Lib/Template/ThinkTemplate.class.php 第 359 行.
NOTIC: [8192] preg_replace(): The /e modifier is deprecated, use preg_replace_callback instead /Users/arthurmac/Sites/myProject/ThinkPHP/Lib/Template/ThinkTemplate.class.php 第 359 行.
NOTIC: [8192] preg_replace(): The /e modifier is deprecated, use preg_replace_callback instead /Users/arthurmac/Sites/myProject/ThinkPHP/Lib/Template/ThinkTemplate.class.php 第 359 行.
NOTIC: [8192] preg_replace(): The /e modifier is deprecated, use preg_replace_callback instead /Users/arthurmac/Sites/myProject/ThinkPHP/Lib/Template/ThinkTemplate.class.php 第 359 行.
NOTIC: [8192] preg_replace(): The /e modifier is deprecated, use preg_replace_callback instead /Users/arthurmac/Sites/myProject/ThinkPHP/Lib/Template/ThinkTemplate.class.php 第 359 行.
NOTIC: [8192] preg_replace(): The /e modifier is deprecated, use preg_replace_callback instead /Users/arthurmac/Sites/myProject/ThinkPHP/Lib/Template/ThinkTemplate.class.php 第 359 行.
NOTIC: [8192] preg_replace(): The /e modifier is deprecated, use preg_replace_callback instead /Users/arthurmac/Sites/myProject/ThinkPHP/Lib/Template/ThinkTemplate.class.php 第 359 行.
NOTIC: [8192] preg_replace(): The /e modifier is deprecated, use preg_replace_callback instead /Users/arthurmac/Sites/myProject/ThinkPHP/Lib/Template/ThinkTemplate.class.php 第 359 行.
NOTIC: [8192] preg_replace(): The /e modifier is deprecated, use preg_replace_callback instead /Users/arthurmac/Sites/myProject/ThinkPHP/Lib/Template/ThinkTemplate.class.php 第 359 行.
NOTIC: [8192] preg_replace(): The /e modifier is deprecated, use preg_replace_callback instead /Users/arthurmac/Sites/myProject/ThinkPHP/Lib/Template/ThinkTemplate.class.php 第 359 行.
NOTIC: [8192] preg_replace(): The /e modifier is deprecated, use preg_replace_callback instead /Users/arthurmac/Sites/myProject/ThinkPHP/Lib/Template/ThinkTemplate.class.php 第 354 行.
NOTIC: [8192] preg_replace(): The /e modifier is deprecated, use preg_replace_callback instead /Users/arthurmac/Sites/myProject/ThinkPHP/Lib/Template/ThinkTemplate.class.php 第 354 行.
NOTIC: [8192] preg_replace(): The /e modifier is deprecated, use preg_replace_callback instead /Users/arthurmac/Sites/myProject/ThinkPHP/Lib/Template/ThinkTemplate.class.php 第 359 行.
NOTIC: [8192] preg_replace(): The /e modifier is deprecated, use preg_replace_callback instead /Users/arthurmac/Sites/myProject/ThinkPHP/Lib/Template/ThinkTemplate.class.php 第 359 行.
NOTIC: [8192] preg_replace(): The /e modifier is deprecated, use preg_replace_callback instead /Users/arthurmac/Sites/myProject/ThinkPHP/Lib/Template/ThinkTemplate.class.php 第 359 行.
NOTIC: [8192] preg_replace(): The /e modifier is deprecated, use preg_replace_callback instead /Users/arthurmac/Sites/myProject/ThinkPHP/Lib/Template/ThinkTemplate.class.php 第 354 行.
NOTIC: [8192] preg_replace(): The /e modifier is deprecated, use preg_replace_callback instead /Users/arthurmac/Sites/myProject/ThinkPHP/Lib/Template/ThinkTemplate.class.php 第 359 行.
NOTIC: [8192] preg_replace(): The /e modifier is deprecated, use preg_replace_callback instead /Users/arthurmac/Sites/myProject/ThinkPHP/Lib/Template/ThinkTemplate.class.php 第 359 行.
NOTIC: [8192] preg_replace(): The /e modifier is deprecated, use preg_replace_callback instead /Users/arthurmac/Sites/myProject/ThinkPHP/Lib/Template/ThinkTemplate.class.php 第 359 行.
NOTIC: [8192] preg_replace(): The /e modifier is deprecated, use preg_replace_callback instead /Users/arthurmac/Sites/myProject/ThinkPHP/Lib/Template/ThinkTemplate.class.php 第 359 行.
NOTIC: [8192] preg_replace(): The /e modifier is deprecated, use preg_replace_callback instead /Users/arthurmac/Sites/myProject/ThinkPHP/Lib/Template/ThinkTemplate.class.php 第 359 行.
NOTIC: [8192] preg_replace(): The /e modifier is deprecated, use preg_replace_callback instead /Users/arthurmac/Sites/myProject/ThinkPHP/Lib/Template/ThinkTemplate.class.php 第 359 行.
NOTIC: [8192] preg_replace(): The /e modifier is deprecated, use preg_replace_callback instead /Users/arthurmac/Sites/myProject/ThinkPHP/Lib/Template/ThinkTemplate.class.php 第 359 行.
NOTIC: [8192] preg_replace(): The /e modifier is deprecated, use preg_replace_callback instead /Users/arthurmac/Sites/myProject/ThinkPHP/Lib/Template/ThinkTemplate.class.php 第 359 行.
NOTIC: [8192] preg_replace(): The /e modifier is deprecated, use preg_replace_callback instead /Users/arthurmac/Sites/myProject/ThinkPHP/Lib/Template/ThinkTemplate.class.php 第 359 行.
NOTIC: [8192] preg_replace(): The /e modifier is deprecated, use preg_replace_callback instead /Users/arthurmac/Sites/myProject/ThinkPHP/Lib/Template/ThinkTemplate.class.php 第 359 行.
NOTIC: [8192] preg_replace(): The /e modifier is deprecated, use preg_replace_callback instead /Users/arthurmac/Sites/myProject/ThinkPHP/Lib/Template/ThinkTemplate.class.php 第 359 行.
NOTIC: [8192] preg_replace(): The /e modifier is deprecated, use preg_replace_callback instead /Users/arthurmac/Sites/myProject/ThinkPHP/Lib/Template/ThinkTemplate.class.php 第 359 行.
NOTIC: [8192] preg_replace(): The /e modifier is deprecated, use preg_replace_callback instead /Users/arthurmac/Sites/myProject/ThinkPHP/Lib/Template/ThinkTemplate.class.php 第 359 行.
NOTIC: [8192] preg_replace(): The /e modifier is deprecated, use preg_replace_callback instead /Users/arthurmac/Sites/myProject/ThinkPHP/Lib/Template/ThinkTemplate.class.php 第 359 行.
NOTIC: [8192] preg_replace(): The /e modifier is deprecated, use preg_replace_callback instead /Users/arthurmac/Sites/myProject/ThinkPHP/Lib/Template/ThinkTemplate.class.php 第 359 行.
NOTIC: [8192] preg_replace(): The /e modifier is deprecated, use preg_replace_callback instead /Users/arthurmac/Sites/myProject/ThinkPHP/Lib/Template/ThinkTemplate.class.php 第 359 行.
NOTIC: [8192] preg_replace(): The /e modifier is deprecated, use preg_replace_callback instead /Users/arthurmac/Sites/myProject/ThinkPHP/Lib/Template/ThinkTemplate.class.php 第 359 行.
NOTIC: [8192] preg_replace(): The /e modifier is deprecated, use preg_replace_callback instead /Users/arthurmac/Sites/myProject/ThinkPHP/Lib/Template/ThinkTemplate.class.php 第 359 行.
NOTIC: [8192] preg_replace(): The /e modifier is deprecated, use preg_replace_callback instead /Users/arthurmac/Sites/myProject/ThinkPHP/Lib/Template/ThinkTemplate.class.php 第 359 行.
NOTIC: [8192] preg_replace(): The /e modifier is deprecated, use preg_replace_callback instead /Users/arthurmac/Sites/myProject/ThinkPHP/Lib/Template/ThinkTemplate.class.php 第 359 行.
NOTIC: [8192] preg_replace(): The /e modifier is deprecated, use preg_replace_callback instead /Users/arthurmac/Sites/myProject/ThinkPHP/Lib/Template/ThinkTemplate.class.php 第 359 行.
NOTIC: [8192] preg_replace(): The /e modifier is deprecated, use preg_replace_callback instead /Users/arthurmac/Sites/myProject/ThinkPHP/Lib/Template/ThinkTemplate.class.php 第 359 行.
NOTIC: [8192] preg_replace(): The /e modifier is deprecated, use preg_replace_callback instead /Users/arthurmac/Sites/myProject/ThinkPHP/Lib/Template/ThinkTemplate.class.php 第 359 行.
NOTIC: [8192] preg_replace(): The /e modifier is deprecated, use preg_replace_callback instead /Users/arthurmac/Sites/myProject/ThinkPHP/Lib/Template/ThinkTemplate.class.php 第 359 行.
NOTIC: [8192] preg_replace(): The /e modifier is deprecated, use preg_replace_callback instead /Users/arthurmac/Sites/myProject/ThinkPHP/Lib/Template/ThinkTemplate.class.php 第 359 行.
NOTIC: [8192] preg_replace(): The /e modifier is deprecated, use preg_replace_callback instead /Users/arthurmac/Sites/myProject/ThinkPHP/Lib/Template/ThinkTemplate.class.php 第 359 行.
NOTIC: [8192] preg_replace(): The /e modifier is deprecated, use preg_replace_callback instead /Users/arthurmac/Sites/myProject/ThinkPHP/Lib/Template/ThinkTemplate.class.php 第 359 行.
NOTIC: [8192] preg_replace(): The /e modifier is deprecated, use preg_replace_callback instead /Users/arthurmac/Sites/myProject/ThinkPHP/Lib/Template/ThinkTemplate.class.php 第 359 行.
NOTIC: [8192] preg_replace(): The /e modifier is deprecated, use preg_replace_callback instead /Users/arthurmac/Sites/myProject/ThinkPHP/Lib/Template/ThinkTemplate.class.php 第 359 行.
NOTIC: [8192] preg_replace(): The /e modifier is deprecated, use preg_replace_callback instead /Users/arthurmac/Sites/myProject/ThinkPHP/Lib/Template/ThinkTemplate.class.php 第 359 行.
NOTIC: [8192] preg_replace(): The /e modifier is deprecated, use preg_replace_callback instead /Users/arthurmac/Sites/myProject/ThinkPHP/Lib/Template/ThinkTemplate.class.php 第 359 行.
NOTIC: [8192] preg_replace(): The /e modifier is deprecated, use preg_replace_callback instead /Users/arthurmac/Sites/myProject/ThinkPHP/Lib/Template/ThinkTemplate.class.php 第 359 行.
NOTIC: [8192] preg_replace(): The /e modifier is deprecated, use preg_replace_callback instead /Users/arthurmac/Sites/myProject/ThinkPHP/Lib/Template/ThinkTemplate.class.php 第 359 行.
NOTIC: [8192] preg_replace(): The /e modifier is deprecated, use preg_replace_callback instead /Users/arthurmac/Sites/myProject/ThinkPHP/Lib/Template/ThinkTemplate.class.php 第 359 行.
NOTIC: [8192] preg_replace(): The /e modifier is deprecated, use preg_replace_callback instead /Users/arthurmac/Sites/myProject/ThinkPHP/Lib/Template/ThinkTemplate.class.php 第 359 行.
NOTIC: [8192] preg_replace(): The /e modifier is deprecated, use preg_replace_callback instead /Users/arthurmac/Sites/myProject/ThinkPHP/Lib/Template/ThinkTemplate.class.php 第 359 行.
NOTIC: [8192] preg_replace(): The /e modifier is deprecated, use preg_replace_callback instead /Users/arthurmac/Sites/myProject/ThinkPHP/Lib/Template/ThinkTemplate.class.php 第 359 行.
NOTIC: [8192] preg_replace(): The /e modifier is deprecated, use preg_replace_callback instead /Users/arthurmac/Sites/myProject/ThinkPHP/Lib/Template/ThinkTemplate.class.php 第 359 行.
NOTIC: [8192] preg_replace(): The /e modifier is deprecated, use preg_replace_callback instead /Users/arthurmac/Sites/myProject/ThinkPHP/Lib/Template/ThinkTemplate.class.php 第 359 行.
NOTIC: [8192] preg_replace(): The /e modifier is deprecated, use preg_replace_callback instead /Users/arthurmac/Sites/myProject/ThinkPHP/Lib/Template/ThinkTemplate.class.php 第 359 行.
NOTIC: [8192] preg_replace(): The /e modifier is deprecated, use preg_replace_callback instead /Users/arthurmac/Sites/myProject/ThinkPHP/Lib/Template/ThinkTemplate.class.php 第 359 行.
NOTIC: [8192] preg_replace(): The /e modifier is deprecated, use preg_replace_callback instead /Users/arthurmac/Sites/myProject/ThinkPHP/Lib/Template/ThinkTemplate.class.php 第 359 行.
NOTIC: [8192] preg_replace(): The /e modifier is deprecated, use preg_replace_callback instead /Users/arthurmac/Sites/myProject/ThinkPHP/Lib/Template/ThinkTemplate.class.php 第 359 行.
NOTIC: [8192] preg_replace(): The /e modifier is deprecated, use preg_replace_callback instead /Users/arthurmac/Sites/myProject/ThinkPHP/Lib/Template/ThinkTemplate.class.php 第 359 行.
NOTIC: [8192] preg_replace(): The /e modifier is deprecated, use preg_replace_callback instead /Users/arthurmac/Sites/myProject/ThinkPHP/Lib/Template/ThinkTemplate.class.php 第 359 行.
NOTIC: [8192] preg_replace(): The /e modifier is deprecated, use preg_replace_callback instead /Users/arthurmac/Sites/myProject/ThinkPHP/Lib/Template/ThinkTemplate.class.php 第 359 行.
NOTIC: [8192] preg_replace(): The /e modifier is deprecated, use preg_replace_callback instead /Users/arthurmac/Sites/myProject/ThinkPHP/Lib/Template/ThinkTemplate.class.php 第 359 行.
NOTIC: [8192] preg_replace(): The /e modifier is deprecated, use preg_replace_callback instead /Users/arthurmac/Sites/myProject/ThinkPHP/Lib/Template/ThinkTemplate.class.php 第 359 行.
NOTIC: [8192] preg_replace(): The /e modifier is deprecated, use preg_replace_callback instead /Users/arthurmac/Sites/myProject/ThinkPHP/Lib/Template/ThinkTemplate.class.php 第 359 行.
NOTIC: [8192] preg_replace(): The /e modifier is deprecated, use preg_replace_callback instead /Users/arthurmac/Sites/myProject/ThinkPHP/Lib/Template/ThinkTemplate.class.php 第 359 行.
NOTIC: [8192] preg_replace(): The /e modifier is deprecated, use preg_replace_callback instead /Users/arthurmac/Sites/myProject/ThinkPHP/Lib/Template/ThinkTemplate.class.php 第 359 行.
NOTIC: [8192] preg_replace(): The /e modifier is deprecated, use preg_replace_callback instead /Users/arthurmac/Sites/myProject/ThinkPHP/Lib/Template/ThinkTemplate.class.php 第 359 行.
NOTIC: [8192] preg_replace(): The /e modifier is deprecated, use preg_replace_callback instead /Users/arthurmac/Sites/myProject/ThinkPHP/Lib/Template/ThinkTemplate.class.php 第 359 行.
NOTIC: [8192] preg_replace(): The /e modifier is deprecated, use preg_replace_callback instead /Users/arthurmac/Sites/myProject/ThinkPHP/Lib/Template/ThinkTemplate.class.php 第 359 行.
NOTIC: [8192] preg_replace(): The /e modifier is deprecated, use preg_replace_callback instead /Users/arthurmac/Sites/myProject/ThinkPHP/Lib/Template/ThinkTemplate.class.php 第 359 行.
NOTIC: [8192] preg_replace(): The /e modifier is deprecated, use preg_replace_callback instead /Users/arthurmac/Sites/myProject/ThinkPHP/Lib/Template/ThinkTemplate.class.php 第 359 行.
NOTIC: [8192] preg_replace(): The /e modifier is deprecated, use preg_replace_callback instead /Users/arthurmac/Sites/myProject/ThinkPHP/Lib/Template/ThinkTemplate.class.php 第 359 行.
NOTIC: [8192] preg_replace(): The /e modifier is deprecated, use preg_replace_callback instead /Users/arthurmac/Sites/myProject/ThinkPHP/Lib/Template/ThinkTemplate.class.php 第 359 行.
NOTIC: [8192] preg_replace(): The /e modifier is deprecated, use preg_replace_callback instead /Users/arthurmac/Sites/myProject/ThinkPHP/Lib/Template/ThinkTemplate.class.php 第 359 行.
NOTIC: [8192] preg_replace(): The /e modifier is deprecated, use preg_replace_callback instead /Users/arthurmac/Sites/myProject/ThinkPHP/Lib/Template/ThinkTemplate.class.php 第 359 行.
NOTIC: [8192] preg_replace(): The /e modifier is deprecated, use preg_replace_callback instead /Users/arthurmac/Sites/myProject/ThinkPHP/Lib/Template/ThinkTemplate.class.php 第 359 行.
NOTIC: [8192] preg_replace(): The /e modifier is deprecated, use preg_replace_callback instead /Users/arthurmac/Sites/myProject/ThinkPHP/Lib/Template/ThinkTemplate.class.php 第 359 行.
NOTIC: [8192] preg_replace(): The /e modifier is deprecated, use preg_replace_callback instead /Users/arthurmac/Sites/myProject/ThinkPHP/Lib/Template/ThinkTemplate.class.php 第 359 行.
NOTIC: [8192] preg_replace(): The /e modifier is deprecated, use preg_replace_callback instead /Users/arthurmac/Sites/myProject/ThinkPHP/Lib/Template/ThinkTemplate.class.php 第 359 行.
NOTIC: [8192] preg_replace(): The /e modifier is deprecated, use preg_replace_callback instead /Users/arthurmac/Sites/myProject/ThinkPHP/Lib/Template/ThinkTemplate.class.php 第 359 行.
NOTIC: [8192] preg_replace(): The /e modifier is deprecated, use preg_replace_callback instead /Users/arthurmac/Sites/myProject/ThinkPHP/Lib/Template/ThinkTemplate.class.php 第 359 行.
NOTIC: [8192] preg_replace(): The /e modifier is deprecated, use preg_replace_callback instead /Users/arthurmac/Sites/myProject/ThinkPHP/Lib/Template/ThinkTemplate.class.php 第 354 行.
NOTIC: [8192] preg_replace(): The /e modifier is deprecated, use preg_replace_callback instead /Users/arthurmac/Sites/myProject/ThinkPHP/Lib/Template/ThinkTemplate.class.php 第 354 行.
NOTIC: [8192] preg_replace(): The /e modifier is deprecated, use preg_replace_callback instead /Users/arthurmac/Sites/myProject/ThinkPHP/Lib/Template/ThinkTemplate.class.php 第 354 行.
NOTIC: [8192] preg_replace(): The /e modifier is deprecated, use preg_replace_callback instead /Users/arthurmac/Sites/myProject/ThinkPHP/Lib/Template/ThinkTemplate.class.php 第 354 行.
NOTIC: [8192] preg_replace(): The /e modifier is deprecated, use preg_replace_callback instead /Users/arthurmac/Sites/myProject/ThinkPHP/Lib/Template/ThinkTemplate.class.php 第 354 行.
NOTIC: [8192] preg_replace(): The /e modifier is deprecated, use preg_replace_callback instead /Users/arthurmac/Sites/myProject/ThinkPHP/Lib/Template/ThinkTemplate.class.php 第 354 行.
NOTIC: [8192] preg_replace(): The /e modifier is deprecated, use preg_replace_callback instead /Users/arthurmac/Sites/myProject/ThinkPHP/Lib/Template/ThinkTemplate.class.php 第 359 行.
NOTIC: [8192] preg_replace(): The /e modifier is deprecated, use preg_replace_callback instead /Users/arthurmac/Sites/myProject/ThinkPHP/Lib/Template/ThinkTemplate.class.php 第 359 行.
NOTIC: [8192] preg_replace(): The /e modifier is deprecated, use preg_replace_callback instead /Users/arthurmac/Sites/myProject/ThinkPHP/Lib/Template/ThinkTemplate.class.php 第 359 行.
NOTIC: [8192] preg_replace(): The /e modifier is deprecated, use preg_replace_callback instead /Users/arthurmac/Sites/myProject/ThinkPHP/Lib/Template/ThinkTemplate.class.php 第 193 行.
NOTIC: [8192] preg_replace(): The /e modifier is deprecated, use preg_replace_callback instead /Users/arthurmac/Sites/myProject/ThinkPHP/Lib/Template/ThinkTemplate.class.php 第 133 行.
INFO: Run ParseTemplate Behavior [ RunTime:-0.003235s ]
INFO: [ view_parse ] --END-- [ RunTime:0.025144s ]
INFO: [ view_filter ] --START--
INFO: Run ContentReplace Behavior [ RunTime:-0.028656s ]
INFO: Run TokenBuild Behavior [ RunTime:-0.029411s ]
INFO: Run WriteHtmlCache Behavior [ RunTime:-0.030284s ]
INFO: Run ShowRuntime Behavior [ RunTime:-0.030753s ]
INFO: [ view_filter ] --END-- [ RunTime:0.003402s ]
INFO: [ view_end ] --START--
INFO: Run ShowPageTrace Behavior [ RunTime:-0.032562s ]
INFO: [ view_end ] --END-- [ RunTime:0.001040s ]

[ 2017-08-04T23:20:26+08:00 ] 0.0.0.0 /myProject/
INFO: [ app_begin ] --START--
INFO: Run ReadHtmlCache Behavior [ RunTime:0.001223s ]
INFO: [ app_begin ] --END-- [ RunTime:0.001738s ]
INFO: [ view_template ] --START--
INFO: Run LocationTemplate Behavior [ RunTime:-0.002273s ]
INFO: [ view_template ] --END-- [ RunTime:0.000776s ]
INFO: [ view_parse ] --START--
NOTIC: [8192] preg_replace(): The /e modifier is deprecated, use preg_replace_callback instead /Users/arthurmac/Sites/myProject/ThinkPHP/Lib/Template/ThinkTemplate.class.php 第 164 行.
NOTIC: [8192] preg_replace(): The /e modifier is deprecated, use preg_replace_callback instead /Users/arthurmac/Sites/myProject/ThinkPHP/Lib/Template/ThinkTemplate.class.php 第 359 行.
NOTIC: [8192] preg_replace(): The /e modifier is deprecated, use preg_replace_callback instead /Users/arthurmac/Sites/myProject/ThinkPHP/Lib/Template/ThinkTemplate.class.php 第 359 行.
NOTIC: [8192] preg_replace(): The /e modifier is deprecated, use preg_replace_callback instead /Users/arthurmac/Sites/myProject/ThinkPHP/Lib/Template/ThinkTemplate.class.php 第 359 行.
NOTIC: [8192] preg_replace(): The /e modifier is deprecated, use preg_replace_callback instead /Users/arthurmac/Sites/myProject/ThinkPHP/Lib/Template/ThinkTemplate.class.php 第 359 行.
NOTIC: [8192] preg_replace(): The /e modifier is deprecated, use preg_replace_callback instead /Users/arthurmac/Sites/myProject/ThinkPHP/Lib/Template/ThinkTemplate.class.php 第 359 行.
NOTIC: [8192] preg_replace(): The /e modifier is deprecated, use preg_replace_callback instead /Users/arthurmac/Sites/myProject/ThinkPHP/Lib/Template/ThinkTemplate.class.php 第 359 行.
NOTIC: [8192] preg_replace(): The /e modifier is deprecated, use preg_replace_callback instead /Users/arthurmac/Sites/myProject/ThinkPHP/Lib/Template/ThinkTemplate.class.php 第 359 行.
NOTIC: [8192] preg_replace(): The /e modifier is deprecated, use preg_replace_callback instead /Users/arthurmac/Sites/myProject/ThinkPHP/Lib/Template/ThinkTemplate.class.php 第 359 行.
NOTIC: [8192] preg_replace(): The /e modifier is deprecated, use preg_replace_callback instead /Users/arthurmac/Sites/myProject/ThinkPHP/Lib/Template/ThinkTemplate.class.php 第 359 行.
NOTIC: [8192] preg_replace(): The /e modifier is deprecated, use preg_replace_callback instead /Users/arthurmac/Sites/myProject/ThinkPHP/Lib/Template/ThinkTemplate.class.php 第 359 行.
NOTIC: [8192] preg_replace(): The /e modifier is deprecated, use preg_replace_callback instead /Users/arthurmac/Sites/myProject/ThinkPHP/Lib/Template/ThinkTemplate.class.php 第 359 行.
NOTIC: [8192] preg_replace(): The /e modifier is deprecated, use preg_replace_callback instead /Users/arthurmac/Sites/myProject/ThinkPHP/Lib/Template/ThinkTemplate.class.php 第 359 行.
NOTIC: [8192] preg_replace(): The /e modifier is deprecated, use preg_replace_callback instead /Users/arthurmac/Sites/myProject/ThinkPHP/Lib/Template/ThinkTemplate.class.php 第 354 行.
NOTIC: [8192] preg_replace(): The /e modifier is deprecated, use preg_replace_callback instead /Users/arthurmac/Sites/myProject/ThinkPHP/Lib/Template/ThinkTemplate.class.php 第 354 行.
NOTIC: [8192] preg_replace(): The /e modifier is deprecated, use preg_replace_callback instead /Users/arthurmac/Sites/myProject/ThinkPHP/Lib/Template/ThinkTemplate.class.php 第 359 行.
NOTIC: [8192] preg_replace(): The /e modifier is deprecated, use preg_replace_callback instead /Users/arthurmac/Sites/myProject/ThinkPHP/Lib/Template/ThinkTemplate.class.php 第 359 行.
NOTIC: [8192] preg_replace(): The /e modifier is deprecated, use preg_replace_callback instead /Users/arthurmac/Sites/myProject/ThinkPHP/Lib/Template/ThinkTemplate.class.php 第 359 行.
NOTIC: [8192] preg_replace(): The /e modifier is deprecated, use preg_replace_callback instead /Users/arthurmac/Sites/myProject/ThinkPHP/Lib/Template/ThinkTemplate.class.php 第 354 行.
NOTIC: [8192] preg_replace(): The /e modifier is deprecated, use preg_replace_callback instead /Users/arthurmac/Sites/myProject/ThinkPHP/Lib/Template/ThinkTemplate.class.php 第 359 行.
NOTIC: [8192] preg_replace(): The /e modifier is deprecated, use preg_replace_callback instead /Users/arthurmac/Sites/myProject/ThinkPHP/Lib/Template/ThinkTemplate.class.php 第 359 行.
NOTIC: [8192] preg_replace(): The /e modifier is deprecated, use preg_replace_callback instead /Users/arthurmac/Sites/myProject/ThinkPHP/Lib/Template/ThinkTemplate.class.php 第 359 行.
NOTIC: [8192] preg_replace(): The /e modifier is deprecated, use preg_replace_callback instead /Users/arthurmac/Sites/myProject/ThinkPHP/Lib/Template/ThinkTemplate.class.php 第 359 行.
NOTIC: [8192] preg_replace(): The /e modifier is deprecated, use preg_replace_callback instead /Users/arthurmac/Sites/myProject/ThinkPHP/Lib/Template/ThinkTemplate.class.php 第 359 行.
NOTIC: [8192] preg_replace(): The /e modifier is deprecated, use preg_replace_callback instead /Users/arthurmac/Sites/myProject/ThinkPHP/Lib/Template/ThinkTemplate.class.php 第 359 行.
NOTIC: [8192] preg_replace(): The /e modifier is deprecated, use preg_replace_callback instead /Users/arthurmac/Sites/myProject/ThinkPHP/Lib/Template/ThinkTemplate.class.php 第 359 行.
NOTIC: [8192] preg_replace(): The /e modifier is deprecated, use preg_replace_callback instead /Users/arthurmac/Sites/myProject/ThinkPHP/Lib/Template/ThinkTemplate.class.php 第 359 行.
NOTIC: [8192] preg_replace(): The /e modifier is deprecated, use preg_replace_callback instead /Users/arthurmac/Sites/myProject/ThinkPHP/Lib/Template/ThinkTemplate.class.php 第 359 行.
NOTIC: [8192] preg_replace(): The /e modifier is deprecated, use preg_replace_callback instead /Users/arthurmac/Sites/myProject/ThinkPHP/Lib/Template/ThinkTemplate.class.php 第 359 行.
NOTIC: [8192] preg_replace(): The /e modifier is deprecated, use preg_replace_callback instead /Users/arthurmac/Sites/myProject/ThinkPHP/Lib/Template/ThinkTemplate.class.php 第 359 行.
NOTIC: [8192] preg_replace(): The /e modifier is deprecated, use preg_replace_callback instead /Users/arthurmac/Sites/myProject/ThinkPHP/Lib/Template/ThinkTemplate.class.php 第 359 行.
NOTIC: [8192] preg_replace(): The /e modifier is deprecated, use preg_replace_callback instead /Users/arthurmac/Sites/myProject/ThinkPHP/Lib/Template/ThinkTemplate.class.php 第 359 行.
NOTIC: [8192] preg_replace(): The /e modifier is deprecated, use preg_replace_callback instead /Users/arthurmac/Sites/myProject/ThinkPHP/Lib/Template/ThinkTemplate.class.php 第 359 行.
NOTIC: [8192] preg_replace(): The /e modifier is deprecated, use preg_replace_callback instead /Users/arthurmac/Sites/myProject/ThinkPHP/Lib/Template/ThinkTemplate.class.php 第 359 行.
NOTIC: [8192] preg_replace(): The /e modifier is deprecated, use preg_replace_callback instead /Users/arthurmac/Sites/myProject/ThinkPHP/Lib/Template/ThinkTemplate.class.php 第 359 行.
NOTIC: [8192] preg_replace(): The /e modifier is deprecated, use preg_replace_callback instead /Users/arthurmac/Sites/myProject/ThinkPHP/Lib/Template/ThinkTemplate.class.php 第 359 行.
NOTIC: [8192] preg_replace(): The /e modifier is deprecated, use preg_replace_callback instead /Users/arthurmac/Sites/myProject/ThinkPHP/Lib/Template/ThinkTemplate.class.php 第 359 行.
NOTIC: [8192] preg_replace(): The /e modifier is deprecated, use preg_replace_callback instead /Users/arthurmac/Sites/myProject/ThinkPHP/Lib/Template/ThinkTemplate.class.php 第 359 行.
NOTIC: [8192] preg_replace(): The /e modifier is deprecated, use preg_replace_callback instead /Users/arthurmac/Sites/myProject/ThinkPHP/Lib/Template/ThinkTemplate.class.php 第 359 行.
NOTIC: [8192] preg_replace(): The /e modifier is deprecated, use preg_replace_callback instead /Users/arthurmac/Sites/myProject/ThinkPHP/Lib/Template/ThinkTemplate.class.php 第 359 行.
NOTIC: [8192] preg_replace(): The /e modifier is deprecated, use preg_replace_callback instead /Users/arthurmac/Sites/myProject/ThinkPHP/Lib/Template/ThinkTemplate.class.php 第 359 行.
NOTIC: [8192] preg_replace(): The /e modifier is deprecated, use preg_replace_callback instead /Users/arthurmac/Sites/myProject/ThinkPHP/Lib/Template/ThinkTemplate.class.php 第 359 行.
NOTIC: [8192] preg_replace(): The /e modifier is deprecated, use preg_replace_callback instead /Users/arthurmac/Sites/myProject/ThinkPHP/Lib/Template/ThinkTemplate.class.php 第 359 行.
NOTIC: [8192] preg_replace(): The /e modifier is deprecated, use preg_replace_callback instead /Users/arthurmac/Sites/myProject/ThinkPHP/Lib/Template/ThinkTemplate.class.php 第 359 行.
NOTIC: [8192] preg_replace(): The /e modifier is deprecated, use preg_replace_callback instead /Users/arthurmac/Sites/myProject/ThinkPHP/Lib/Template/ThinkTemplate.class.php 第 359 行.
NOTIC: [8192] preg_replace(): The /e modifier is deprecated, use preg_replace_callback instead /Users/arthurmac/Sites/myProject/ThinkPHP/Lib/Template/ThinkTemplate.class.php 第 359 行.
NOTIC: [8192] preg_replace(): The /e modifier is deprecated, use preg_replace_callback instead /Users/arthurmac/Sites/myProject/ThinkPHP/Lib/Template/ThinkTemplate.class.php 第 359 行.
NOTIC: [8192] preg_replace(): The /e modifier is deprecated, use preg_replace_callback instead /Users/arthurmac/Sites/myProject/ThinkPHP/Lib/Template/ThinkTemplate.class.php 第 359 行.
NOTIC: [8192] preg_replace(): The /e modifier is deprecated, use preg_replace_callback instead /Users/arthurmac/Sites/myProject/ThinkPHP/Lib/Template/ThinkTemplate.class.php 第 359 行.
NOTIC: [8192] preg_replace(): The /e modifier is deprecated, use preg_replace_callback instead /Users/arthurmac/Sites/myProject/ThinkPHP/Lib/Template/ThinkTemplate.class.php 第 359 行.
NOTIC: [8192] preg_replace(): The /e modifier is deprecated, use preg_replace_callback instead /Users/arthurmac/Sites/myProject/ThinkPHP/Lib/Template/ThinkTemplate.class.php 第 359 行.
NOTIC: [8192] preg_replace(): The /e modifier is deprecated, use preg_replace_callback instead /Users/arthurmac/Sites/myProject/ThinkPHP/Lib/Template/ThinkTemplate.class.php 第 359 行.
NOTIC: [8192] preg_replace(): The /e modifier is deprecated, use preg_replace_callback instead /Users/arthurmac/Sites/myProject/ThinkPHP/Lib/Template/ThinkTemplate.class.php 第 359 行.
NOTIC: [8192] preg_replace(): The /e modifier is deprecated, use preg_replace_callback instead /Users/arthurmac/Sites/myProject/ThinkPHP/Lib/Template/ThinkTemplate.class.php 第 359 行.
NOTIC: [8192] preg_replace(): The /e modifier is deprecated, use preg_replace_callback instead /Users/arthurmac/Sites/myProject/ThinkPHP/Lib/Template/ThinkTemplate.class.php 第 359 行.
NOTIC: [8192] preg_replace(): The /e modifier is deprecated, use preg_replace_callback instead /Users/arthurmac/Sites/myProject/ThinkPHP/Lib/Template/ThinkTemplate.class.php 第 359 行.
NOTIC: [8192] preg_replace(): The /e modifier is deprecated, use preg_replace_callback instead /Users/arthurmac/Sites/myProject/ThinkPHP/Lib/Template/ThinkTemplate.class.php 第 359 行.
NOTIC: [8192] preg_replace(): The /e modifier is deprecated, use preg_replace_callback instead /Users/arthurmac/Sites/myProject/ThinkPHP/Lib/Template/ThinkTemplate.class.php 第 359 行.
NOTIC: [8192] preg_replace(): The /e modifier is deprecated, use preg_replace_callback instead /Users/arthurmac/Sites/myProject/ThinkPHP/Lib/Template/ThinkTemplate.class.php 第 359 行.
NOTIC: [8192] preg_replace(): The /e modifier is deprecated, use preg_replace_callback instead /Users/arthurmac/Sites/myProject/ThinkPHP/Lib/Template/ThinkTemplate.class.php 第 359 行.
NOTIC: [8192] preg_replace(): The /e modifier is deprecated, use preg_replace_callback instead /Users/arthurmac/Sites/myProject/ThinkPHP/Lib/Template/ThinkTemplate.class.php 第 359 行.
NOTIC: [8192] preg_replace(): The /e modifier is deprecated, use preg_replace_callback instead /Users/arthurmac/Sites/myProject/ThinkPHP/Lib/Template/ThinkTemplate.class.php 第 359 行.
NOTIC: [8192] preg_replace(): The /e modifier is deprecated, use preg_replace_callback instead /Users/arthurmac/Sites/myProject/ThinkPHP/Lib/Template/ThinkTemplate.class.php 第 359 行.
NOTIC: [8192] preg_replace(): The /e modifier is deprecated, use preg_replace_callback instead /Users/arthurmac/Sites/myProject/ThinkPHP/Lib/Template/ThinkTemplate.class.php 第 359 行.
NOTIC: [8192] preg_replace(): The /e modifier is deprecated, use preg_replace_callback instead /Users/arthurmac/Sites/myProject/ThinkPHP/Lib/Template/ThinkTemplate.class.php 第 359 行.
NOTIC: [8192] preg_replace(): The /e modifier is deprecated, use preg_replace_callback instead /Users/arthurmac/Sites/myProject/ThinkPHP/Lib/Template/ThinkTemplate.class.php 第 359 行.
NOTIC: [8192] preg_replace(): The /e modifier is deprecated, use preg_replace_callback instead /Users/arthurmac/Sites/myProject/ThinkPHP/Lib/Template/ThinkTemplate.class.php 第 359 行.
NOTIC: [8192] preg_replace(): The /e modifier is deprecated, use preg_replace_callback instead /Users/arthurmac/Sites/myProject/ThinkPHP/Lib/Template/ThinkTemplate.class.php 第 359 行.
NOTIC: [8192] preg_replace(): The /e modifier is deprecated, use preg_replace_callback instead /Users/arthurmac/Sites/myProject/ThinkPHP/Lib/Template/ThinkTemplate.class.php 第 359 行.
NOTIC: [8192] preg_replace(): The /e modifier is deprecated, use preg_replace_callback instead /Users/arthurmac/Sites/myProject/ThinkPHP/Lib/Template/ThinkTemplate.class.php 第 359 行.
NOTIC: [8192] preg_replace(): The /e modifier is deprecated, use preg_replace_callback instead /Users/arthurmac/Sites/myProject/ThinkPHP/Lib/Template/ThinkTemplate.class.php 第 359 行.
NOTIC: [8192] preg_replace(): The /e modifier is deprecated, use preg_replace_callback instead /Users/arthurmac/Sites/myProject/ThinkPHP/Lib/Template/ThinkTemplate.class.php 第 359 行.
NOTIC: [8192] preg_replace(): The /e modifier is deprecated, use preg_replace_callback instead /Users/arthurmac/Sites/myProject/ThinkPHP/Lib/Template/ThinkTemplate.class.php 第 359 行.
NOTIC: [8192] preg_replace(): The /e modifier is deprecated, use preg_replace_callback instead /Users/arthurmac/Sites/myProject/ThinkPHP/Lib/Template/ThinkTemplate.class.php 第 359 行.
NOTIC: [8192] preg_replace(): The /e modifier is deprecated, use preg_replace_callback instead /Users/arthurmac/Sites/myProject/ThinkPHP/Lib/Template/ThinkTemplate.class.php 第 359 行.
NOTIC: [8192] preg_replace(): The /e modifier is deprecated, use preg_replace_callback instead /Users/arthurmac/Sites/myProject/ThinkPHP/Lib/Template/ThinkTemplate.class.php 第 359 行.
NOTIC: [8192] preg_replace(): The /e modifier is deprecated, use preg_replace_callback instead /Users/arthurmac/Sites/myProject/ThinkPHP/Lib/Template/ThinkTemplate.class.php 第 359 行.
NOTIC: [8192] preg_replace(): The /e modifier is deprecated, use preg_replace_callback instead /Users/arthurmac/Sites/myProject/ThinkPHP/Lib/Template/ThinkTemplate.class.php 第 359 行.
NOTIC: [8192] preg_replace(): The /e modifier is deprecated, use preg_replace_callback instead /Users/arthurmac/Sites/myProject/ThinkPHP/Lib/Template/ThinkTemplate.class.php 第 359 行.
NOTIC: [8192] preg_replace(): The /e modifier is deprecated, use preg_replace_callback instead /Users/arthurmac/Sites/myProject/ThinkPHP/Lib/Template/ThinkTemplate.class.php 第 359 行.
NOTIC: [8192] preg_replace(): The /e modifier is deprecated, use preg_replace_callback instead /Users/arthurmac/Sites/myProject/ThinkPHP/Lib/Template/ThinkTemplate.class.php 第 359 行.
NOTIC: [8192] preg_replace(): The /e modifier is deprecated, use preg_replace_callback instead /Users/arthurmac/Sites/myProject/ThinkPHP/Lib/Template/ThinkTemplate.class.php 第 359 行.
NOTIC: [8192] preg_replace(): The /e modifier is deprecated, use preg_replace_callback instead /Users/arthurmac/Sites/myProject/ThinkPHP/Lib/Template/ThinkTemplate.class.php 第 359 行.
NOTIC: [8192] preg_replace(): The /e modifier is deprecated, use preg_replace_callback instead /Users/arthurmac/Sites/myProject/ThinkPHP/Lib/Template/ThinkTemplate.class.php 第 359 行.
NOTIC: [8192] preg_replace(): The /e modifier is deprecated, use preg_replace_callback instead /Users/arthurmac/Sites/myProject/ThinkPHP/Lib/Template/ThinkTemplate.class.php 第 359 行.
NOTIC: [8192] preg_replace(): The /e modifier is deprecated, use preg_replace_callback instead /Users/arthurmac/Sites/myProject/ThinkPHP/Lib/Template/ThinkTemplate.class.php 第 354 行.
NOTIC: [8192] preg_replace(): The /e modifier is deprecated, use preg_replace_callback instead /Users/arthurmac/Sites/myProject/ThinkPHP/Lib/Template/ThinkTemplate.class.php 第 354 行.
NOTIC: [8192] preg_replace(): The /e modifier is deprecated, use preg_replace_callback instead /Users/arthurmac/Sites/myProject/ThinkPHP/Lib/Template/ThinkTemplate.class.php 第 354 行.
NOTIC: [8192] preg_replace(): The /e modifier is deprecated, use preg_replace_callback instead /Users/arthurmac/Sites/myProject/ThinkPHP/Lib/Template/ThinkTemplate.class.php 第 354 行.
NOTIC: [8192] preg_replace(): The /e modifier is deprecated, use preg_replace_callback instead /Users/arthurmac/Sites/myProject/ThinkPHP/Lib/Template/ThinkTemplate.class.php 第 354 行.
NOTIC: [8192] preg_replace(): The /e modifier is deprecated, use preg_replace_callback instead /Users/arthurmac/Sites/myProject/ThinkPHP/Lib/Template/ThinkTemplate.class.php 第 354 行.
NOTIC: [8192] preg_replace(): The /e modifier is deprecated, use preg_replace_callback instead /Users/arthurmac/Sites/myProject/ThinkPHP/Lib/Template/ThinkTemplate.class.php 第 359 行.
NOTIC: [8192] preg_replace(): The /e modifier is deprecated, use preg_replace_callback instead /Users/arthurmac/Sites/myProject/ThinkPHP/Lib/Template/ThinkTemplate.class.php 第 359 行.
NOTIC: [8192] preg_replace(): The /e modifier is deprecated, use preg_replace_callback instead /Users/arthurmac/Sites/myProject/ThinkPHP/Lib/Template/ThinkTemplate.class.php 第 359 行.
NOTIC: [8192] preg_replace(): The /e modifier is deprecated, use preg_replace_callback instead /Users/arthurmac/Sites/myProject/ThinkPHP/Lib/Template/ThinkTemplate.class.php 第 193 行.
NOTIC: [8192] preg_replace(): The /e modifier is deprecated, use preg_replace_callback instead /Users/arthurmac/Sites/myProject/ThinkPHP/Lib/Template/ThinkTemplate.class.php 第 133 行.
INFO: Run ParseTemplate Behavior [ RunTime:-0.003433s ]
INFO: [ view_parse ] --END-- [ RunTime:0.025186s ]
INFO: [ view_filter ] --START--
INFO: Run ContentReplace Behavior [ RunTime:-0.028921s ]
INFO: Run TokenBuild Behavior [ RunTime:-0.029727s ]
INFO: Run WriteHtmlCache Behavior [ RunTime:-0.030581s ]
INFO: Run ShowRuntime Behavior [ RunTime:-0.031040s ]
INFO: [ view_filter ] --END-- [ RunTime:0.003407s ]
INFO: [ view_end ] --START--
INFO: Run ShowPageTrace Behavior [ RunTime:-0.032815s ]
INFO: [ view_end ] --END-- [ RunTime:0.001109s ]

[ 2017-08-04T23:20:56+08:00 ] 0.0.0.0 /myProject/
INFO: [ app_begin ] --START--
INFO: Run ReadHtmlCache Behavior [ RunTime:0.000876s ]
INFO: [ app_begin ] --END-- [ RunTime:0.001267s ]
INFO: [ view_template ] --START--
INFO: Run LocationTemplate Behavior [ RunTime:-0.002026s ]
INFO: [ view_template ] --END-- [ RunTime:0.000748s ]
INFO: [ view_parse ] --START--
NOTIC: [8192] preg_replace(): The /e modifier is deprecated, use preg_replace_callback instead /Users/arthurmac/Sites/myProject/ThinkPHP/Lib/Template/ThinkTemplate.class.php 第 164 行.
NOTIC: [8192] preg_replace(): The /e modifier is deprecated, use preg_replace_callback instead /Users/arthurmac/Sites/myProject/ThinkPHP/Lib/Template/ThinkTemplate.class.php 第 359 行.
NOTIC: [8192] preg_replace(): The /e modifier is deprecated, use preg_replace_callback instead /Users/arthurmac/Sites/myProject/ThinkPHP/Lib/Template/ThinkTemplate.class.php 第 359 行.
NOTIC: [8192] preg_replace(): The /e modifier is deprecated, use preg_replace_callback instead /Users/arthurmac/Sites/myProject/ThinkPHP/Lib/Template/ThinkTemplate.class.php 第 359 行.
NOTIC: [8192] preg_replace(): The /e modifier is deprecated, use preg_replace_callback instead /Users/arthurmac/Sites/myProject/ThinkPHP/Lib/Template/ThinkTemplate.class.php 第 359 行.
NOTIC: [8192] preg_replace(): The /e modifier is deprecated, use preg_replace_callback instead /Users/arthurmac/Sites/myProject/ThinkPHP/Lib/Template/ThinkTemplate.class.php 第 359 行.
NOTIC: [8192] preg_replace(): The /e modifier is deprecated, use preg_replace_callback instead /Users/arthurmac/Sites/myProject/ThinkPHP/Lib/Template/ThinkTemplate.class.php 第 359 行.
NOTIC: [8192] preg_replace(): The /e modifier is deprecated, use preg_replace_callback instead /Users/arthurmac/Sites/myProject/ThinkPHP/Lib/Template/ThinkTemplate.class.php 第 359 行.
NOTIC: [8192] preg_replace(): The /e modifier is deprecated, use preg_replace_callback instead /Users/arthurmac/Sites/myProject/ThinkPHP/Lib/Template/ThinkTemplate.class.php 第 359 行.
NOTIC: [8192] preg_replace(): The /e modifier is deprecated, use preg_replace_callback instead /Users/arthurmac/Sites/myProject/ThinkPHP/Lib/Template/ThinkTemplate.class.php 第 359 行.
NOTIC: [8192] preg_replace(): The /e modifier is deprecated, use preg_replace_callback instead /Users/arthurmac/Sites/myProject/ThinkPHP/Lib/Template/ThinkTemplate.class.php 第 359 行.
NOTIC: [8192] preg_replace(): The /e modifier is deprecated, use preg_replace_callback instead /Users/arthurmac/Sites/myProject/ThinkPHP/Lib/Template/ThinkTemplate.class.php 第 359 行.
NOTIC: [8192] preg_replace(): The /e modifier is deprecated, use preg_replace_callback instead /Users/arthurmac/Sites/myProject/ThinkPHP/Lib/Template/ThinkTemplate.class.php 第 359 行.
NOTIC: [8192] preg_replace(): The /e modifier is deprecated, use preg_replace_callback instead /Users/arthurmac/Sites/myProject/ThinkPHP/Lib/Template/ThinkTemplate.class.php 第 354 行.
NOTIC: [8192] preg_replace(): The /e modifier is deprecated, use preg_replace_callback instead /Users/arthurmac/Sites/myProject/ThinkPHP/Lib/Template/ThinkTemplate.class.php 第 354 行.
NOTIC: [8192] preg_replace(): The /e modifier is deprecated, use preg_replace_callback instead /Users/arthurmac/Sites/myProject/ThinkPHP/Lib/Template/ThinkTemplate.class.php 第 359 行.
NOTIC: [8192] preg_replace(): The /e modifier is deprecated, use preg_replace_callback instead /Users/arthurmac/Sites/myProject/ThinkPHP/Lib/Template/ThinkTemplate.class.php 第 359 行.
NOTIC: [8192] preg_replace(): The /e modifier is deprecated, use preg_replace_callback instead /Users/arthurmac/Sites/myProject/ThinkPHP/Lib/Template/ThinkTemplate.class.php 第 359 行.
NOTIC: [8192] preg_replace(): The /e modifier is deprecated, use preg_replace_callback instead /Users/arthurmac/Sites/myProject/ThinkPHP/Lib/Template/ThinkTemplate.class.php 第 354 行.
NOTIC: [8192] preg_replace(): The /e modifier is deprecated, use preg_replace_callback instead /Users/arthurmac/Sites/myProject/ThinkPHP/Lib/Template/ThinkTemplate.class.php 第 359 行.
NOTIC: [8192] preg_replace(): The /e modifier is deprecated, use preg_replace_callback instead /Users/arthurmac/Sites/myProject/ThinkPHP/Lib/Template/ThinkTemplate.class.php 第 359 行.
NOTIC: [8192] preg_replace(): The /e modifier is deprecated, use preg_replace_callback instead /Users/arthurmac/Sites/myProject/ThinkPHP/Lib/Template/ThinkTemplate.class.php 第 359 行.
NOTIC: [8192] preg_replace(): The /e modifier is deprecated, use preg_replace_callback instead /Users/arthurmac/Sites/myProject/ThinkPHP/Lib/Template/ThinkTemplate.class.php 第 359 行.
NOTIC: [8192] preg_replace(): The /e modifier is deprecated, use preg_replace_callback instead /Users/arthurmac/Sites/myProject/ThinkPHP/Lib/Template/ThinkTemplate.class.php 第 359 行.
NOTIC: [8192] preg_replace(): The /e modifier is deprecated, use preg_replace_callback instead /Users/arthurmac/Sites/myProject/ThinkPHP/Lib/Template/ThinkTemplate.class.php 第 359 行.
NOTIC: [8192] preg_replace(): The /e modifier is deprecated, use preg_replace_callback instead /Users/arthurmac/Sites/myProject/ThinkPHP/Lib/Template/ThinkTemplate.class.php 第 359 行.
NOTIC: [8192] preg_replace(): The /e modifier is deprecated, use preg_replace_callback instead /Users/arthurmac/Sites/myProject/ThinkPHP/Lib/Template/ThinkTemplate.class.php 第 359 行.
NOTIC: [8192] preg_replace(): The /e modifier is deprecated, use preg_replace_callback instead /Users/arthurmac/Sites/myProject/ThinkPHP/Lib/Template/ThinkTemplate.class.php 第 359 行.
NOTIC: [8192] preg_replace(): The /e modifier is deprecated, use preg_replace_callback instead /Users/arthurmac/Sites/myProject/ThinkPHP/Lib/Template/ThinkTemplate.class.php 第 359 行.
NOTIC: [8192] preg_replace(): The /e modifier is deprecated, use preg_replace_callback instead /Users/arthurmac/Sites/myProject/ThinkPHP/Lib/Template/ThinkTemplate.class.php 第 359 行.
NOTIC: [8192] preg_replace(): The /e modifier is deprecated, use preg_replace_callback instead /Users/arthurmac/Sites/myProject/ThinkPHP/Lib/Template/ThinkTemplate.class.php 第 359 行.
NOTIC: [8192] preg_replace(): The /e modifier is deprecated, use preg_replace_callback instead /Users/arthurmac/Sites/myProject/ThinkPHP/Lib/Template/ThinkTemplate.class.php 第 359 行.
NOTIC: [8192] preg_replace(): The /e modifier is deprecated, use preg_replace_callback instead /Users/arthurmac/Sites/myProject/ThinkPHP/Lib/Template/ThinkTemplate.class.php 第 359 行.
NOTIC: [8192] preg_replace(): The /e modifier is deprecated, use preg_replace_callback instead /Users/arthurmac/Sites/myProject/ThinkPHP/Lib/Template/ThinkTemplate.class.php 第 359 行.
NOTIC: [8192] preg_replace(): The /e modifier is deprecated, use preg_replace_callback instead /Users/arthurmac/Sites/myProject/ThinkPHP/Lib/Template/ThinkTemplate.class.php 第 359 行.
NOTIC: [8192] preg_replace(): The /e modifier is deprecated, use preg_replace_callback instead /Users/arthurmac/Sites/myProject/ThinkPHP/Lib/Template/ThinkTemplate.class.php 第 359 行.
NOTIC: [8192] preg_replace(): The /e modifier is deprecated, use preg_replace_callback instead /Users/arthurmac/Sites/myProject/ThinkPHP/Lib/Template/ThinkTemplate.class.php 第 359 行.
NOTIC: [8192] preg_replace(): The /e modifier is deprecated, use preg_replace_callback instead /Users/arthurmac/Sites/myProject/ThinkPHP/Lib/Template/ThinkTemplate.class.php 第 359 行.
NOTIC: [8192] preg_replace(): The /e modifier is deprecated, use preg_replace_callback instead /Users/arthurmac/Sites/myProject/ThinkPHP/Lib/Template/ThinkTemplate.class.php 第 359 行.
NOTIC: [8192] preg_replace(): The /e modifier is deprecated, use preg_replace_callback instead /Users/arthurmac/Sites/myProject/ThinkPHP/Lib/Template/ThinkTemplate.class.php 第 359 行.
NOTIC: [8192] preg_replace(): The /e modifier is deprecated, use preg_replace_callback instead /Users/arthurmac/Sites/myProject/ThinkPHP/Lib/Template/ThinkTemplate.class.php 第 359 行.
NOTIC: [8192] preg_replace(): The /e modifier is deprecated, use preg_replace_callback instead /Users/arthurmac/Sites/myProject/ThinkPHP/Lib/Template/ThinkTemplate.class.php 第 359 行.
NOTIC: [8192] preg_replace(): The /e modifier is deprecated, use preg_replace_callback instead /Users/arthurmac/Sites/myProject/ThinkPHP/Lib/Template/ThinkTemplate.class.php 第 359 行.
NOTIC: [8192] preg_replace(): The /e modifier is deprecated, use preg_replace_callback instead /Users/arthurmac/Sites/myProject/ThinkPHP/Lib/Template/ThinkTemplate.class.php 第 359 行.
NOTIC: [8192] preg_replace(): The /e modifier is deprecated, use preg_replace_callback instead /Users/arthurmac/Sites/myProject/ThinkPHP/Lib/Template/ThinkTemplate.class.php 第 359 行.
NOTIC: [8192] preg_replace(): The /e modifier is deprecated, use preg_replace_callback instead /Users/arthurmac/Sites/myProject/ThinkPHP/Lib/Template/ThinkTemplate.class.php 第 359 行.
NOTIC: [8192] preg_replace(): The /e modifier is deprecated, use preg_replace_callback instead /Users/arthurmac/Sites/myProject/ThinkPHP/Lib/Template/ThinkTemplate.class.php 第 359 行.
NOTIC: [8192] preg_replace(): The /e modifier is deprecated, use preg_replace_callback instead /Users/arthurmac/Sites/myProject/ThinkPHP/Lib/Template/ThinkTemplate.class.php 第 359 行.
NOTIC: [8192] preg_replace(): The /e modifier is deprecated, use preg_replace_callback instead /Users/arthurmac/Sites/myProject/ThinkPHP/Lib/Template/ThinkTemplate.class.php 第 359 行.
NOTIC: [8192] preg_replace(): The /e modifier is deprecated, use preg_replace_callback instead /Users/arthurmac/Sites/myProject/ThinkPHP/Lib/Template/ThinkTemplate.class.php 第 359 行.
NOTIC: [8192] preg_replace(): The /e modifier is deprecated, use preg_replace_callback instead /Users/arthurmac/Sites/myProject/ThinkPHP/Lib/Template/ThinkTemplate.class.php 第 359 行.
NOTIC: [8192] preg_replace(): The /e modifier is deprecated, use preg_replace_callback instead /Users/arthurmac/Sites/myProject/ThinkPHP/Lib/Template/ThinkTemplate.class.php 第 359 行.
NOTIC: [8192] preg_replace(): The /e modifier is deprecated, use preg_replace_callback instead /Users/arthurmac/Sites/myProject/ThinkPHP/Lib/Template/ThinkTemplate.class.php 第 359 行.
NOTIC: [8192] preg_replace(): The /e modifier is deprecated, use preg_replace_callback instead /Users/arthurmac/Sites/myProject/ThinkPHP/Lib/Template/ThinkTemplate.class.php 第 359 行.
NOTIC: [8192] preg_replace(): The /e modifier is deprecated, use preg_replace_callback instead /Users/arthurmac/Sites/myProject/ThinkPHP/Lib/Template/ThinkTemplate.class.php 第 359 行.
NOTIC: [8192] preg_replace(): The /e modifier is deprecated, use preg_replace_callback instead /Users/arthurmac/Sites/myProject/ThinkPHP/Lib/Template/ThinkTemplate.class.php 第 359 行.
NOTIC: [8192] preg_replace(): The /e modifier is deprecated, use preg_replace_callback instead /Users/arthurmac/Sites/myProject/ThinkPHP/Lib/Template/ThinkTemplate.class.php 第 359 行.
NOTIC: [8192] preg_replace(): The /e modifier is deprecated, use preg_replace_callback instead /Users/arthurmac/Sites/myProject/ThinkPHP/Lib/Template/ThinkTemplate.class.php 第 359 行.
NOTIC: [8192] preg_replace(): The /e modifier is deprecated, use preg_replace_callback instead /Users/arthurmac/Sites/myProject/ThinkPHP/Lib/Template/ThinkTemplate.class.php 第 359 行.
NOTIC: [8192] preg_replace(): The /e modifier is deprecated, use preg_replace_callback instead /Users/arthurmac/Sites/myProject/ThinkPHP/Lib/Template/ThinkTemplate.class.php 第 359 行.
NOTIC: [8192] preg_replace(): The /e modifier is deprecated, use preg_replace_callback instead /Users/arthurmac/Sites/myProject/ThinkPHP/Lib/Template/ThinkTemplate.class.php 第 359 行.
NOTIC: [8192] preg_replace(): The /e modifier is deprecated, use preg_replace_callback instead /Users/arthurmac/Sites/myProject/ThinkPHP/Lib/Template/ThinkTemplate.class.php 第 359 行.
NOTIC: [8192] preg_replace(): The /e modifier is deprecated, use preg_replace_callback instead /Users/arthurmac/Sites/myProject/ThinkPHP/Lib/Template/ThinkTemplate.class.php 第 359 行.
NOTIC: [8192] preg_replace(): The /e modifier is deprecated, use preg_replace_callback instead /Users/arthurmac/Sites/myProject/ThinkPHP/Lib/Template/ThinkTemplate.class.php 第 359 行.
NOTIC: [8192] preg_replace(): The /e modifier is deprecated, use preg_replace_callback instead /Users/arthurmac/Sites/myProject/ThinkPHP/Lib/Template/ThinkTemplate.class.php 第 359 行.
NOTIC: [8192] preg_replace(): The /e modifier is deprecated, use preg_replace_callback instead /Users/arthurmac/Sites/myProject/ThinkPHP/Lib/Template/ThinkTemplate.class.php 第 359 行.
NOTIC: [8192] preg_replace(): The /e modifier is deprecated, use preg_replace_callback instead /Users/arthurmac/Sites/myProject/ThinkPHP/Lib/Template/ThinkTemplate.class.php 第 359 行.
NOTIC: [8192] preg_replace(): The /e modifier is deprecated, use preg_replace_callback instead /Users/arthurmac/Sites/myProject/ThinkPHP/Lib/Template/ThinkTemplate.class.php 第 359 行.
NOTIC: [8192] preg_replace(): The /e modifier is deprecated, use preg_replace_callback instead /Users/arthurmac/Sites/myProject/ThinkPHP/Lib/Template/ThinkTemplate.class.php 第 359 行.
NOTIC: [8192] preg_replace(): The /e modifier is deprecated, use preg_replace_callback instead /Users/arthurmac/Sites/myProject/ThinkPHP/Lib/Template/ThinkTemplate.class.php 第 359 行.
NOTIC: [8192] preg_replace(): The /e modifier is deprecated, use preg_replace_callback instead /Users/arthurmac/Sites/myProject/ThinkPHP/Lib/Template/ThinkTemplate.class.php 第 359 行.
NOTIC: [8192] preg_replace(): The /e modifier is deprecated, use preg_replace_callback instead /Users/arthurmac/Sites/myProject/ThinkPHP/Lib/Template/ThinkTemplate.class.php 第 359 行.
NOTIC: [8192] preg_replace(): The /e modifier is deprecated, use preg_replace_callback instead /Users/arthurmac/Sites/myProject/ThinkPHP/Lib/Template/ThinkTemplate.class.php 第 359 行.
NOTIC: [8192] preg_replace(): The /e modifier is deprecated, use preg_replace_callback instead /Users/arthurmac/Sites/myProject/ThinkPHP/Lib/Template/ThinkTemplate.class.php 第 359 行.
NOTIC: [8192] preg_replace(): The /e modifier is deprecated, use preg_replace_callback instead /Users/arthurmac/Sites/myProject/ThinkPHP/Lib/Template/ThinkTemplate.class.php 第 359 行.
NOTIC: [8192] preg_replace(): The /e modifier is deprecated, use preg_replace_callback instead /Users/arthurmac/Sites/myProject/ThinkPHP/Lib/Template/ThinkTemplate.class.php 第 359 行.
NOTIC: [8192] preg_replace(): The /e modifier is deprecated, use preg_replace_callback instead /Users/arthurmac/Sites/myProject/ThinkPHP/Lib/Template/ThinkTemplate.class.php 第 359 行.
NOTIC: [8192] preg_replace(): The /e modifier is deprecated, use preg_replace_callback instead /Users/arthurmac/Sites/myProject/ThinkPHP/Lib/Template/ThinkTemplate.class.php 第 359 行.
NOTIC: [8192] preg_replace(): The /e modifier is deprecated, use preg_replace_callback instead /Users/arthurmac/Sites/myProject/ThinkPHP/Lib/Template/ThinkTemplate.class.php 第 359 行.
NOTIC: [8192] preg_replace(): The /e modifier is deprecated, use preg_replace_callback instead /Users/arthurmac/Sites/myProject/ThinkPHP/Lib/Template/ThinkTemplate.class.php 第 359 行.
NOTIC: [8192] preg_replace(): The /e modifier is deprecated, use preg_replace_callback instead /Users/arthurmac/Sites/myProject/ThinkPHP/Lib/Template/ThinkTemplate.class.php 第 359 行.
NOTIC: [8192] preg_replace(): The /e modifier is deprecated, use preg_replace_callback instead /Users/arthurmac/Sites/myProject/ThinkPHP/Lib/Template/ThinkTemplate.class.php 第 359 行.
NOTIC: [8192] preg_replace(): The /e modifier is deprecated, use preg_replace_callback instead /Users/arthurmac/Sites/myProject/ThinkPHP/Lib/Template/ThinkTemplate.class.php 第 359 行.
NOTIC: [8192] preg_replace(): The /e modifier is deprecated, use preg_replace_callback instead /Users/arthurmac/Sites/myProject/ThinkPHP/Lib/Template/ThinkTemplate.class.php 第 359 行.
NOTIC: [8192] preg_replace(): The /e modifier is deprecated, use preg_replace_callback instead /Users/arthurmac/Sites/myProject/ThinkPHP/Lib/Template/ThinkTemplate.class.php 第 359 行.
NOTIC: [8192] preg_replace(): The /e modifier is deprecated, use preg_replace_callback instead /Users/arthurmac/Sites/myProject/ThinkPHP/Lib/Template/ThinkTemplate.class.php 第 354 行.
NOTIC: [8192] preg_replace(): The /e modifier is deprecated, use preg_replace_callback instead /Users/arthurmac/Sites/myProject/ThinkPHP/Lib/Template/ThinkTemplate.class.php 第 354 行.
NOTIC: [8192] preg_replace(): The /e modifier is deprecated, use preg_replace_callback instead /Users/arthurmac/Sites/myProject/ThinkPHP/Lib/Template/ThinkTemplate.class.php 第 354 行.
NOTIC: [8192] preg_replace(): The /e modifier is deprecated, use preg_replace_callback instead /Users/arthurmac/Sites/myProject/ThinkPHP/Lib/Template/ThinkTemplate.class.php 第 354 行.
NOTIC: [8192] preg_replace(): The /e modifier is deprecated, use preg_replace_callback instead /Users/arthurmac/Sites/myProject/ThinkPHP/Lib/Template/ThinkTemplate.class.php 第 354 行.
NOTIC: [8192] preg_replace(): The /e modifier is deprecated, use preg_replace_callback instead /Users/arthurmac/Sites/myProject/ThinkPHP/Lib/Template/ThinkTemplate.class.php 第 354 行.
NOTIC: [8192] preg_replace(): The /e modifier is deprecated, use preg_replace_callback instead /Users/arthurmac/Sites/myProject/ThinkPHP/Lib/Template/ThinkTemplate.class.php 第 359 行.
NOTIC: [8192] preg_replace(): The /e modifier is deprecated, use preg_replace_callback instead /Users/arthurmac/Sites/myProject/ThinkPHP/Lib/Template/ThinkTemplate.class.php 第 359 行.
NOTIC: [8192] preg_replace(): The /e modifier is deprecated, use preg_replace_callback instead /Users/arthurmac/Sites/myProject/ThinkPHP/Lib/Template/ThinkTemplate.class.php 第 359 行.
NOTIC: [8192] preg_replace(): The /e modifier is deprecated, use preg_replace_callback instead /Users/arthurmac/Sites/myProject/ThinkPHP/Lib/Template/ThinkTemplate.class.php 第 193 行.
NOTIC: [8192] preg_replace(): The /e modifier is deprecated, use preg_replace_callback instead /Users/arthurmac/Sites/myProject/ThinkPHP/Lib/Template/ThinkTemplate.class.php 第 133 行.
INFO: Run ParseTemplate Behavior [ RunTime:-0.003156s ]
INFO: [ view_parse ] --END-- [ RunTime:0.024592s ]
INFO: [ view_filter ] --START--
INFO: Run ContentReplace Behavior [ RunTime:-0.027998s ]
INFO: Run TokenBuild Behavior [ RunTime:-0.028690s ]
INFO: Run WriteHtmlCache Behavior [ RunTime:-0.029592s ]
INFO: Run ShowRuntime Behavior [ RunTime:-0.030140s ]
INFO: [ view_filter ] --END-- [ RunTime:0.003580s ]
INFO: [ view_end ] --START--
INFO: Run ShowPageTrace Behavior [ RunTime:-0.032116s ]
INFO: [ view_end ] --END-- [ RunTime:0.001161s ]

[ 2017-08-04T23:31:49+08:00 ] 0.0.0.0 /myProject/
INFO: [ app_begin ] --START--
INFO: Run ReadHtmlCache Behavior [ RunTime:0.000783s ]
INFO: [ app_begin ] --END-- [ RunTime:0.001168s ]
INFO: [ view_template ] --START--
INFO: Run LocationTemplate Behavior [ RunTime:-0.002063s ]
INFO: [ view_template ] --END-- [ RunTime:0.000735s ]
INFO: [ view_parse ] --START--
NOTIC: [8192] preg_replace(): The /e modifier is deprecated, use preg_replace_callback instead /Users/arthurmac/Sites/myProject/ThinkPHP/Lib/Template/ThinkTemplate.class.php 第 164 行.
NOTIC: [8192] preg_replace(): The /e modifier is deprecated, use preg_replace_callback instead /Users/arthurmac/Sites/myProject/ThinkPHP/Lib/Template/ThinkTemplate.class.php 第 359 行.
NOTIC: [8192] preg_replace(): The /e modifier is deprecated, use preg_replace_callback instead /Users/arthurmac/Sites/myProject/ThinkPHP/Lib/Template/ThinkTemplate.class.php 第 359 行.
NOTIC: [8192] preg_replace(): The /e modifier is deprecated, use preg_replace_callback instead /Users/arthurmac/Sites/myProject/ThinkPHP/Lib/Template/ThinkTemplate.class.php 第 359 行.
NOTIC: [8192] preg_replace(): The /e modifier is deprecated, use preg_replace_callback instead /Users/arthurmac/Sites/myProject/ThinkPHP/Lib/Template/ThinkTemplate.class.php 第 359 行.
NOTIC: [8192] preg_replace(): The /e modifier is deprecated, use preg_replace_callback instead /Users/arthurmac/Sites/myProject/ThinkPHP/Lib/Template/ThinkTemplate.class.php 第 359 行.
NOTIC: [8192] preg_replace(): The /e modifier is deprecated, use preg_replace_callback instead /Users/arthurmac/Sites/myProject/ThinkPHP/Lib/Template/ThinkTemplate.class.php 第 359 行.
NOTIC: [8192] preg_replace(): The /e modifier is deprecated, use preg_replace_callback instead /Users/arthurmac/Sites/myProject/ThinkPHP/Lib/Template/ThinkTemplate.class.php 第 359 行.
NOTIC: [8192] preg_replace(): The /e modifier is deprecated, use preg_replace_callback instead /Users/arthurmac/Sites/myProject/ThinkPHP/Lib/Template/ThinkTemplate.class.php 第 359 行.
NOTIC: [8192] preg_replace(): The /e modifier is deprecated, use preg_replace_callback instead /Users/arthurmac/Sites/myProject/ThinkPHP/Lib/Template/ThinkTemplate.class.php 第 359 行.
NOTIC: [8192] preg_replace(): The /e modifier is deprecated, use preg_replace_callback instead /Users/arthurmac/Sites/myProject/ThinkPHP/Lib/Template/ThinkTemplate.class.php 第 359 行.
NOTIC: [8192] preg_replace(): The /e modifier is deprecated, use preg_replace_callback instead /Users/arthurmac/Sites/myProject/ThinkPHP/Lib/Template/ThinkTemplate.class.php 第 359 行.
NOTIC: [8192] preg_replace(): The /e modifier is deprecated, use preg_replace_callback instead /Users/arthurmac/Sites/myProject/ThinkPHP/Lib/Template/ThinkTemplate.class.php 第 359 行.
NOTIC: [8192] preg_replace(): The /e modifier is deprecated, use preg_replace_callback instead /Users/arthurmac/Sites/myProject/ThinkPHP/Lib/Template/ThinkTemplate.class.php 第 354 行.
NOTIC: [8192] preg_replace(): The /e modifier is deprecated, use preg_replace_callback instead /Users/arthurmac/Sites/myProject/ThinkPHP/Lib/Template/ThinkTemplate.class.php 第 354 行.
NOTIC: [8192] preg_replace(): The /e modifier is deprecated, use preg_replace_callback instead /Users/arthurmac/Sites/myProject/ThinkPHP/Lib/Template/ThinkTemplate.class.php 第 359 行.
NOTIC: [8192] preg_replace(): The /e modifier is deprecated, use preg_replace_callback instead /Users/arthurmac/Sites/myProject/ThinkPHP/Lib/Template/ThinkTemplate.class.php 第 359 行.
NOTIC: [8192] preg_replace(): The /e modifier is deprecated, use preg_replace_callback instead /Users/arthurmac/Sites/myProject/ThinkPHP/Lib/Template/ThinkTemplate.class.php 第 359 行.
NOTIC: [8192] preg_replace(): The /e modifier is deprecated, use preg_replace_callback instead /Users/arthurmac/Sites/myProject/ThinkPHP/Lib/Template/ThinkTemplate.class.php 第 354 行.
NOTIC: [8192] preg_replace(): The /e modifier is deprecated, use preg_replace_callback instead /Users/arthurmac/Sites/myProject/ThinkPHP/Lib/Template/ThinkTemplate.class.php 第 359 行.
NOTIC: [8192] preg_replace(): The /e modifier is deprecated, use preg_replace_callback instead /Users/arthurmac/Sites/myProject/ThinkPHP/Lib/Template/ThinkTemplate.class.php 第 359 行.
NOTIC: [8192] preg_replace(): The /e modifier is deprecated, use preg_replace_callback instead /Users/arthurmac/Sites/myProject/ThinkPHP/Lib/Template/ThinkTemplate.class.php 第 359 行.
NOTIC: [8192] preg_replace(): The /e modifier is deprecated, use preg_replace_callback instead /Users/arthurmac/Sites/myProject/ThinkPHP/Lib/Template/ThinkTemplate.class.php 第 359 行.
NOTIC: [8192] preg_replace(): The /e modifier is deprecated, use preg_replace_callback instead /Users/arthurmac/Sites/myProject/ThinkPHP/Lib/Template/ThinkTemplate.class.php 第 359 行.
NOTIC: [8192] preg_replace(): The /e modifier is deprecated, use preg_replace_callback instead /Users/arthurmac/Sites/myProject/ThinkPHP/Lib/Template/ThinkTemplate.class.php 第 359 行.
NOTIC: [8192] preg_replace(): The /e modifier is deprecated, use preg_replace_callback instead /Users/arthurmac/Sites/myProject/ThinkPHP/Lib/Template/ThinkTemplate.class.php 第 359 行.
NOTIC: [8192] preg_replace(): The /e modifier is deprecated, use preg_replace_callback instead /Users/arthurmac/Sites/myProject/ThinkPHP/Lib/Template/ThinkTemplate.class.php 第 359 行.
NOTIC: [8192] preg_replace(): The /e modifier is deprecated, use preg_replace_callback instead /Users/arthurmac/Sites/myProject/ThinkPHP/Lib/Template/ThinkTemplate.class.php 第 359 行.
NOTIC: [8192] preg_replace(): The /e modifier is deprecated, use preg_replace_callback instead /Users/arthurmac/Sites/myProject/ThinkPHP/Lib/Template/ThinkTemplate.class.php 第 359 行.
NOTIC: [8192] preg_replace(): The /e modifier is deprecated, use preg_replace_callback instead /Users/arthurmac/Sites/myProject/ThinkPHP/Lib/Template/ThinkTemplate.class.php 第 359 行.
NOTIC: [8192] preg_replace(): The /e modifier is deprecated, use preg_replace_callback instead /Users/arthurmac/Sites/myProject/ThinkPHP/Lib/Template/ThinkTemplate.class.php 第 359 行.
NOTIC: [8192] preg_replace(): The /e modifier is deprecated, use preg_replace_callback instead /Users/arthurmac/Sites/myProject/ThinkPHP/Lib/Template/ThinkTemplate.class.php 第 359 行.
NOTIC: [8192] preg_replace(): The /e modifier is deprecated, use preg_replace_callback instead /Users/arthurmac/Sites/myProject/ThinkPHP/Lib/Template/ThinkTemplate.class.php 第 359 行.
NOTIC: [8192] preg_replace(): The /e modifier is deprecated, use preg_replace_callback instead /Users/arthurmac/Sites/myProject/ThinkPHP/Lib/Template/ThinkTemplate.class.php 第 359 行.
NOTIC: [8192] preg_replace(): The /e modifier is deprecated, use preg_replace_callback instead /Users/arthurmac/Sites/myProject/ThinkPHP/Lib/Template/ThinkTemplate.class.php 第 359 行.
NOTIC: [8192] preg_replace(): The /e modifier is deprecated, use preg_replace_callback instead /Users/arthurmac/Sites/myProject/ThinkPHP/Lib/Template/ThinkTemplate.class.php 第 359 行.
NOTIC: [8192] preg_replace(): The /e modifier is deprecated, use preg_replace_callback instead /Users/arthurmac/Sites/myProject/ThinkPHP/Lib/Template/ThinkTemplate.class.php 第 359 行.
NOTIC: [8192] preg_replace(): The /e modifier is deprecated, use preg_replace_callback instead /Users/arthurmac/Sites/myProject/ThinkPHP/Lib/Template/ThinkTemplate.class.php 第 359 行.
NOTIC: [8192] preg_replace(): The /e modifier is deprecated, use preg_replace_callback instead /Users/arthurmac/Sites/myProject/ThinkPHP/Lib/Template/ThinkTemplate.class.php 第 359 行.
NOTIC: [8192] preg_replace(): The /e modifier is deprecated, use preg_replace_callback instead /Users/arthurmac/Sites/myProject/ThinkPHP/Lib/Template/ThinkTemplate.class.php 第 359 行.
NOTIC: [8192] preg_replace(): The /e modifier is deprecated, use preg_replace_callback instead /Users/arthurmac/Sites/myProject/ThinkPHP/Lib/Template/ThinkTemplate.class.php 第 359 行.
NOTIC: [8192] preg_replace(): The /e modifier is deprecated, use preg_replace_callback instead /Users/arthurmac/Sites/myProject/ThinkPHP/Lib/Template/ThinkTemplate.class.php 第 359 行.
NOTIC: [8192] preg_replace(): The /e modifier is deprecated, use preg_replace_callback instead /Users/arthurmac/Sites/myProject/ThinkPHP/Lib/Template/ThinkTemplate.class.php 第 359 行.
NOTIC: [8192] preg_replace(): The /e modifier is deprecated, use preg_replace_callback instead /Users/arthurmac/Sites/myProject/ThinkPHP/Lib/Template/ThinkTemplate.class.php 第 359 行.
NOTIC: [8192] preg_replace(): The /e modifier is deprecated, use preg_replace_callback instead /Users/arthurmac/Sites/myProject/ThinkPHP/Lib/Template/ThinkTemplate.class.php 第 359 行.
NOTIC: [8192] preg_replace(): The /e modifier is deprecated, use preg_replace_callback instead /Users/arthurmac/Sites/myProject/ThinkPHP/Lib/Template/ThinkTemplate.class.php 第 359 行.
NOTIC: [8192] preg_replace(): The /e modifier is deprecated, use preg_replace_callback instead /Users/arthurmac/Sites/myProject/ThinkPHP/Lib/Template/ThinkTemplate.class.php 第 359 行.
NOTIC: [8192] preg_replace(): The /e modifier is deprecated, use preg_replace_callback instead /Users/arthurmac/Sites/myProject/ThinkPHP/Lib/Template/ThinkTemplate.class.php 第 359 行.
NOTIC: [8192] preg_replace(): The /e modifier is deprecated, use preg_replace_callback instead /Users/arthurmac/Sites/myProject/ThinkPHP/Lib/Template/ThinkTemplate.class.php 第 359 行.
NOTIC: [8192] preg_replace(): The /e modifier is deprecated, use preg_replace_callback instead /Users/arthurmac/Sites/myProject/ThinkPHP/Lib/Template/ThinkTemplate.class.php 第 359 行.
NOTIC: [8192] preg_replace(): The /e modifier is deprecated, use preg_replace_callback instead /Users/arthurmac/Sites/myProject/ThinkPHP/Lib/Template/ThinkTemplate.class.php 第 359 行.
NOTIC: [8192] preg_replace(): The /e modifier is deprecated, use preg_replace_callback instead /Users/arthurmac/Sites/myProject/ThinkPHP/Lib/Template/ThinkTemplate.class.php 第 359 行.
NOTIC: [8192] preg_replace(): The /e modifier is deprecated, use preg_replace_callback instead /Users/arthurmac/Sites/myProject/ThinkPHP/Lib/Template/ThinkTemplate.class.php 第 359 行.
NOTIC: [8192] preg_replace(): The /e modifier is deprecated, use preg_replace_callback instead /Users/arthurmac/Sites/myProject/ThinkPHP/Lib/Template/ThinkTemplate.class.php 第 359 行.
NOTIC: [8192] preg_replace(): The /e modifier is deprecated, use preg_replace_callback instead /Users/arthurmac/Sites/myProject/ThinkPHP/Lib/Template/ThinkTemplate.class.php 第 359 行.
NOTIC: [8192] preg_replace(): The /e modifier is deprecated, use preg_replace_callback instead /Users/arthurmac/Sites/myProject/ThinkPHP/Lib/Template/ThinkTemplate.class.php 第 359 行.
NOTIC: [8192] preg_replace(): The /e modifier is deprecated, use preg_replace_callback instead /Users/arthurmac/Sites/myProject/ThinkPHP/Lib/Template/ThinkTemplate.class.php 第 359 行.
NOTIC: [8192] preg_replace(): The /e modifier is deprecated, use preg_replace_callback instead /Users/arthurmac/Sites/myProject/ThinkPHP/Lib/Template/ThinkTemplate.class.php 第 359 行.
NOTIC: [8192] preg_replace(): The /e modifier is deprecated, use preg_replace_callback instead /Users/arthurmac/Sites/myProject/ThinkPHP/Lib/Template/ThinkTemplate.class.php 第 359 行.
NOTIC: [8192] preg_replace(): The /e modifier is deprecated, use preg_replace_callback instead /Users/arthurmac/Sites/myProject/ThinkPHP/Lib/Template/ThinkTemplate.class.php 第 359 行.
NOTIC: [8192] preg_replace(): The /e modifier is deprecated, use preg_replace_callback instead /Users/arthurmac/Sites/myProject/ThinkPHP/Lib/Template/ThinkTemplate.class.php 第 359 行.
NOTIC: [8192] preg_replace(): The /e modifier is deprecated, use preg_replace_callback instead /Users/arthurmac/Sites/myProject/ThinkPHP/Lib/Template/ThinkTemplate.class.php 第 359 行.
NOTIC: [8192] preg_replace(): The /e modifier is deprecated, use preg_replace_callback instead /Users/arthurmac/Sites/myProject/ThinkPHP/Lib/Template/ThinkTemplate.class.php 第 359 行.
NOTIC: [8192] preg_replace(): The /e modifier is deprecated, use preg_replace_callback instead /Users/arthurmac/Sites/myProject/ThinkPHP/Lib/Template/ThinkTemplate.class.php 第 359 行.
NOTIC: [8192] preg_replace(): The /e modifier is deprecated, use preg_replace_callback instead /Users/arthurmac/Sites/myProject/ThinkPHP/Lib/Template/ThinkTemplate.class.php 第 359 行.
NOTIC: [8192] preg_replace(): The /e modifier is deprecated, use preg_replace_callback instead /Users/arthurmac/Sites/myProject/ThinkPHP/Lib/Template/ThinkTemplate.class.php 第 359 行.
NOTIC: [8192] preg_replace(): The /e modifier is deprecated, use preg_replace_callback instead /Users/arthurmac/Sites/myProject/ThinkPHP/Lib/Template/ThinkTemplate.class.php 第 359 行.
NOTIC: [8192] preg_replace(): The /e modifier is deprecated, use preg_replace_callback instead /Users/arthurmac/Sites/myProject/ThinkPHP/Lib/Template/ThinkTemplate.class.php 第 359 行.
NOTIC: [8192] preg_replace(): The /e modifier is deprecated, use preg_replace_callback instead /Users/arthurmac/Sites/myProject/ThinkPHP/Lib/Template/ThinkTemplate.class.php 第 359 行.
NOTIC: [8192] preg_replace(): The /e modifier is deprecated, use preg_replace_callback instead /Users/arthurmac/Sites/myProject/ThinkPHP/Lib/Template/ThinkTemplate.class.php 第 359 行.
NOTIC: [8192] preg_replace(): The /e modifier is deprecated, use preg_replace_callback instead /Users/arthurmac/Sites/myProject/ThinkPHP/Lib/Template/ThinkTemplate.class.php 第 359 行.
NOTIC: [8192] preg_replace(): The /e modifier is deprecated, use preg_replace_callback instead /Users/arthurmac/Sites/myProject/ThinkPHP/Lib/Template/ThinkTemplate.class.php 第 359 行.
NOTIC: [8192] preg_replace(): The /e modifier is deprecated, use preg_replace_callback instead /Users/arthurmac/Sites/myProject/ThinkPHP/Lib/Template/ThinkTemplate.class.php 第 359 行.
NOTIC: [8192] preg_replace(): The /e modifier is deprecated, use preg_replace_callback instead /Users/arthurmac/Sites/myProject/ThinkPHP/Lib/Template/ThinkTemplate.class.php 第 359 行.
NOTIC: [8192] preg_replace(): The /e modifier is deprecated, use preg_replace_callback instead /Users/arthurmac/Sites/myProject/ThinkPHP/Lib/Template/ThinkTemplate.class.php 第 359 行.
NOTIC: [8192] preg_replace(): The /e modifier is deprecated, use preg_replace_callback instead /Users/arthurmac/Sites/myProject/ThinkPHP/Lib/Template/ThinkTemplate.class.php 第 359 行.
NOTIC: [8192] preg_replace(): The /e modifier is deprecated, use preg_replace_callback instead /Users/arthurmac/Sites/myProject/ThinkPHP/Lib/Template/ThinkTemplate.class.php 第 359 行.
NOTIC: [8192] preg_replace(): The /e modifier is deprecated, use preg_replace_callback instead /Users/arthurmac/Sites/myProject/ThinkPHP/Lib/Template/ThinkTemplate.class.php 第 359 行.
NOTIC: [8192] preg_replace(): The /e modifier is deprecated, use preg_replace_callback instead /Users/arthurmac/Sites/myProject/ThinkPHP/Lib/Template/ThinkTemplate.class.php 第 359 行.
NOTIC: [8192] preg_replace(): The /e modifier is deprecated, use preg_replace_callback instead /Users/arthurmac/Sites/myProject/ThinkPHP/Lib/Template/ThinkTemplate.class.php 第 359 行.
NOTIC: [8192] preg_replace(): The /e modifier is deprecated, use preg_replace_callback instead /Users/arthurmac/Sites/myProject/ThinkPHP/Lib/Template/ThinkTemplate.class.php 第 359 行.
NOTIC: [8192] preg_replace(): The /e modifier is deprecated, use preg_replace_callback instead /Users/arthurmac/Sites/myProject/ThinkPHP/Lib/Template/ThinkTemplate.class.php 第 359 行.
NOTIC: [8192] preg_replace(): The /e modifier is deprecated, use preg_replace_callback instead /Users/arthurmac/Sites/myProject/ThinkPHP/Lib/Template/ThinkTemplate.class.php 第 359 行.
NOTIC: [8192] preg_replace(): The /e modifier is deprecated, use preg_replace_callback instead /Users/arthurmac/Sites/myProject/ThinkPHP/Lib/Template/ThinkTemplate.class.php 第 359 行.
NOTIC: [8192] preg_replace(): The /e modifier is deprecated, use preg_replace_callback instead /Users/arthurmac/Sites/myProject/ThinkPHP/Lib/Template/ThinkTemplate.class.php 第 359 行.
NOTIC: [8192] preg_replace(): The /e modifier is deprecated, use preg_replace_callback instead /Users/arthurmac/Sites/myProject/ThinkPHP/Lib/Template/ThinkTemplate.class.php 第 354 行.
NOTIC: [8192] preg_replace(): The /e modifier is deprecated, use preg_replace_callback instead /Users/arthurmac/Sites/myProject/ThinkPHP/Lib/Template/ThinkTemplate.class.php 第 354 行.
NOTIC: [8192] preg_replace(): The /e modifier is deprecated, use preg_replace_callback instead /Users/arthurmac/Sites/myProject/ThinkPHP/Lib/Template/ThinkTemplate.class.php 第 354 行.
NOTIC: [8192] preg_replace(): The /e modifier is deprecated, use preg_replace_callback instead /Users/arthurmac/Sites/myProject/ThinkPHP/Lib/Template/ThinkTemplate.class.php 第 354 行.
NOTIC: [8192] preg_replace(): The /e modifier is deprecated, use preg_replace_callback instead /Users/arthurmac/Sites/myProject/ThinkPHP/Lib/Template/ThinkTemplate.class.php 第 354 行.
NOTIC: [8192] preg_replace(): The /e modifier is deprecated, use preg_replace_callback instead /Users/arthurmac/Sites/myProject/ThinkPHP/Lib/Template/ThinkTemplate.class.php 第 354 行.
NOTIC: [8192] preg_replace(): The /e modifier is deprecated, use preg_replace_callback instead /Users/arthurmac/Sites/myProject/ThinkPHP/Lib/Template/ThinkTemplate.class.php 第 359 行.
NOTIC: [8192] preg_replace(): The /e modifier is deprecated, use preg_replace_callback instead /Users/arthurmac/Sites/myProject/ThinkPHP/Lib/Template/ThinkTemplate.class.php 第 359 行.
NOTIC: [8192] preg_replace(): The /e modifier is deprecated, use preg_replace_callback instead /Users/arthurmac/Sites/myProject/ThinkPHP/Lib/Template/ThinkTemplate.class.php 第 359 行.
NOTIC: [8192] preg_replace(): The /e modifier is deprecated, use preg_replace_callback instead /Users/arthurmac/Sites/myProject/ThinkPHP/Lib/Template/ThinkTemplate.class.php 第 193 行.
NOTIC: [8192] preg_replace(): The /e modifier is deprecated, use preg_replace_callback instead /Users/arthurmac/Sites/myProject/ThinkPHP/Lib/Template/ThinkTemplate.class.php 第 133 行.
INFO: Run ParseTemplate Behavior [ RunTime:-0.003116s ]
INFO: [ view_parse ] --END-- [ RunTime:0.023146s ]
INFO: [ view_filter ] --START--
INFO: Run ContentReplace Behavior [ RunTime:-0.026535s ]
INFO: Run TokenBuild Behavior [ RunTime:-0.027300s ]
INFO: Run WriteHtmlCache Behavior [ RunTime:-0.028183s ]
INFO: Run ShowRuntime Behavior [ RunTime:-0.028662s ]
INFO: [ view_filter ] --END-- [ RunTime:0.003416s ]
INFO: [ view_end ] --START--
INFO: Run ShowPageTrace Behavior [ RunTime:-0.030474s ]
INFO: [ view_end ] --END-- [ RunTime:0.001045s ]

